2022-09-21 11:49:27.817 +08:00 [INF] Entity Framework Core 6.0.9 initialized 'EfDbContext' using provider 'Microsoft.EntityFrameworkCore.Sqlite:6.0.9' with options: MigrationsAssembly=DragonSea.Core.Data 
2022-09-21 11:51:04.046 +08:00 [INF] Entity Framework Core 6.0.9 initialized 'EfDbContext' using provider 'Microsoft.EntityFrameworkCore.Sqlite:6.0.9' with options: MigrationsAssembly=DragonSea.Core.Data 
2022-09-21 11:57:23.513 +08:00 [INF] Entity Framework Core 6.0.9 initialized 'EfDbContext' using provider 'Microsoft.EntityFrameworkCore.Sqlite:6.0.9' with options: MigrationsAssembly=DragonSea.Core.Data 
2022-09-21 11:57:23.681 +08:00 [INF] Executed DbCommand (13ms) [Parameters=[], CommandType='"Text"', CommandTimeout='30']
SELECT COUNT(*) FROM "sqlite_master" WHERE "type" = 'table' AND "rootpage" IS NOT NULL;
2022-09-21 11:57:25.989 +08:00 [INF] Executed DbCommand (1ms) [Parameters=[], CommandType='"Text"', CommandTimeout='30']
SELECT EXISTS (
    SELECT 1
    FROM "SysUser" AS "s")
2022-09-21 11:57:29.727 +08:00 [INF] Executed DbCommand (0ms) [Parameters=[], CommandType='"Text"', CommandTimeout='30']
SELECT EXISTS (
    SELECT 1
    FROM "SysRole" AS "s")
2022-09-21 11:57:32.667 +08:00 [INF] Executed DbCommand (0ms) [Parameters=[], CommandType='"Text"', CommandTimeout='30']
SELECT EXISTS (
    SELECT 1
    FROM "SysUserRole" AS "s")
2022-09-21 11:57:35.968 +08:00 [INF] Executed DbCommand (0ms) [Parameters=[], CommandType='"Text"', CommandTimeout='30']
SELECT EXISTS (
    SELECT 1
    FROM "SysMenu" AS "s")
2022-09-21 11:57:40.055 +08:00 [INF] Executed DbCommand (8ms) [Parameters=[@p0='?', @p1='?' (DbType = Int32), @p2='?' (Size = 4), @p3='?' (DbType = DateTime), @p4='?', @p5='?', @p6='?' (DbType = Boolean), @p7='?' (Size = 26), @p8='?' (DbType = Boolean), @p9='?' (DbType = Boolean), @p10='?' (DbType = Int32), @p11='?' (DbType = Int32), @p12='?' (Size = 9), @p13='?' (DbType = Int32), @p14='?' (DbType = Int32), @p15='?', @p16='?' (Size = 19), @p17='?', @p18='?' (DbType = Int32), @p19='?' (Size = 4), @p20='?' (DbType = Int32), @p21='?', @p22='?' (DbType = DateTime), @p23='?' (Size = 10)], CommandType='"Text"', CommandTimeout='30']
INSERT INTO "SysMenu" ("Component", "CreatedId", "CreatedName", "CreatedTime", "CurrentActiveMenu", "FrameSrc", "HideMenu", "Icon", "IgnoreKeepAlive", "IsDrop", "MenuType", "Mid", "Name", "OrderNo", "ParId", "Permission", "Redirect", "Remark", "Status", "Title", "UpdateId", "UpdateName", "UpdateTime", "path")
VALUES (@p0, @p1, @p2, @p3, @p4, @p5, @p6, @p7, @p8, @p9, @p10, @p11, @p12, @p13, @p14, @p15, @p16, @p17, @p18, @p19, @p20, @p21, @p22, @p23);
SELECT "Id"
FROM "SysMenu"
WHERE changes() = 1 AND "rowid" = last_insert_rowid();
2022-09-21 11:57:40.088 +08:00 [INF] Executed DbCommand (0ms) [Parameters=[@p0='?', @p1='?' (DbType = Int32), @p2='?' (Size = 4), @p3='?' (DbType = DateTime), @p4='?', @p5='?', @p6='?' (DbType = Boolean), @p7='?' (Size = 26), @p8='?' (DbType = Boolean), @p9='?' (DbType = Boolean), @p10='?' (DbType = Int32), @p11='?' (DbType = Int32), @p12='?' (Size = 3), @p13='?' (DbType = Int32), @p14='?' (DbType = Int32), @p15='?', @p16='?' (Size = 14), @p17='?', @p18='?' (DbType = Int32), @p19='?' (Size = 4), @p20='?' (DbType = Int32), @p21='?', @p22='?' (DbType = DateTime), @p23='?' (Size = 4)], CommandType='"Text"', CommandTimeout='30']
INSERT INTO "SysMenu" ("Component", "CreatedId", "CreatedName", "CreatedTime", "CurrentActiveMenu", "FrameSrc", "HideMenu", "Icon", "IgnoreKeepAlive", "IsDrop", "MenuType", "Mid", "Name", "OrderNo", "ParId", "Permission", "Redirect", "Remark", "Status", "Title", "UpdateId", "UpdateName", "UpdateTime", "path")
VALUES (@p0, @p1, @p2, @p3, @p4, @p5, @p6, @p7, @p8, @p9, @p10, @p11, @p12, @p13, @p14, @p15, @p16, @p17, @p18, @p19, @p20, @p21, @p22, @p23);
SELECT "Id"
FROM "SysMenu"
WHERE changes() = 1 AND "rowid" = last_insert_rowid();
2022-09-21 11:57:40.093 +08:00 [INF] Executed DbCommand (0ms) [Parameters=[@p0='?', @p1='?' (DbType = Int32), @p2='?' (Size = 4), @p3='?' (DbType = DateTime), @p4='?', @p5='?', @p6='?' (DbType = Boolean), @p7='?', @p8='?' (DbType = Boolean), @p9='?' (DbType = Boolean), @p10='?' (DbType = Int32), @p11='?' (DbType = Int32), @p12='?' (Size = 8), @p13='?' (DbType = Int32), @p14='?' (DbType = Int32), @p15='?', @p16='?', @p17='?', @p18='?' (DbType = Int32), @p19='?' (Size = 3), @p20='?' (DbType = Int32), @p21='?', @p22='?' (DbType = DateTime), @p23='?' (Size = 8)], CommandType='"Text"', CommandTimeout='30']
INSERT INTO "SysMenu" ("Component", "CreatedId", "CreatedName", "CreatedTime", "CurrentActiveMenu", "FrameSrc", "HideMenu", "Icon", "IgnoreKeepAlive", "IsDrop", "MenuType", "Mid", "Name", "OrderNo", "ParId", "Permission", "Redirect", "Remark", "Status", "Title", "UpdateId", "UpdateName", "UpdateTime", "path")
VALUES (@p0, @p1, @p2, @p3, @p4, @p5, @p6, @p7, @p8, @p9, @p10, @p11, @p12, @p13, @p14, @p15, @p16, @p17, @p18, @p19, @p20, @p21, @p22, @p23);
SELECT "Id"
FROM "SysMenu"
WHERE changes() = 1 AND "rowid" = last_insert_rowid();
2022-09-21 11:57:40.096 +08:00 [INF] Executed DbCommand (0ms) [Parameters=[@p0='?', @p1='?' (DbType = Int32), @p2='?' (Size = 4), @p3='?' (DbType = DateTime), @p4='?', @p5='?', @p6='?' (DbType = Boolean), @p7='?', @p8='?' (DbType = Boolean), @p9='?' (DbType = Boolean), @p10='?' (DbType = Int32), @p11='?' (DbType = Int32), @p12='?' (Size = 9), @p13='?' (DbType = Int32), @p14='?' (DbType = Int32), @p15='?', @p16='?', @p17='?', @p18='?' (DbType = Int32), @p19='?' (Size = 3), @p20='?' (DbType = Int32), @p21='?', @p22='?' (DbType = DateTime), @p23='?' (Size = 9)], CommandType='"Text"', CommandTimeout='30']
INSERT INTO "SysMenu" ("Component", "CreatedId", "CreatedName", "CreatedTime", "CurrentActiveMenu", "FrameSrc", "HideMenu", "Icon", "IgnoreKeepAlive", "IsDrop", "MenuType", "Mid", "Name", "OrderNo", "ParId", "Permission", "Redirect", "Remark", "Status", "Title", "UpdateId", "UpdateName", "UpdateTime", "path")
VALUES (@p0, @p1, @p2, @p3, @p4, @p5, @p6, @p7, @p8, @p9, @p10, @p11, @p12, @p13, @p14, @p15, @p16, @p17, @p18, @p19, @p20, @p21, @p22, @p23);
SELECT "Id"
FROM "SysMenu"
WHERE changes() = 1 AND "rowid" = last_insert_rowid();
2022-09-21 11:57:40.099 +08:00 [INF] Executed DbCommand (0ms) [Parameters=[@p0='?', @p1='?' (DbType = Int32), @p2='?' (Size = 4), @p3='?' (DbType = DateTime), @p4='?', @p5='?', @p6='?' (DbType = Boolean), @p7='?', @p8='?' (DbType = Boolean), @p9='?' (DbType = Boolean), @p10='?' (DbType = Int32), @p11='?' (DbType = Int32), @p12='?' (Size = 13), @p13='?' (DbType = Int32), @p14='?' (DbType = Int32), @p15='?', @p16='?', @p17='?', @p18='?' (DbType = Int32), @p19='?' (Size = 4), @p20='?' (DbType = Int32), @p21='?', @p22='?' (DbType = DateTime), @p23='?' (Size = 9)], CommandType='"Text"', CommandTimeout='30']
INSERT INTO "SysMenu" ("Component", "CreatedId", "CreatedName", "CreatedTime", "CurrentActiveMenu", "FrameSrc", "HideMenu", "Icon", "IgnoreKeepAlive", "IsDrop", "MenuType", "Mid", "Name", "OrderNo", "ParId", "Permission", "Redirect", "Remark", "Status", "Title", "UpdateId", "UpdateName", "UpdateTime", "path")
VALUES (@p0, @p1, @p2, @p3, @p4, @p5, @p6, @p7, @p8, @p9, @p10, @p11, @p12, @p13, @p14, @p15, @p16, @p17, @p18, @p19, @p20, @p21, @p22, @p23);
SELECT "Id"
FROM "SysMenu"
WHERE changes() = 1 AND "rowid" = last_insert_rowid();
2022-09-21 11:57:40.102 +08:00 [INF] Executed DbCommand (0ms) [Parameters=[@p0='?', @p1='?' (DbType = Int32), @p2='?' (Size = 4), @p3='?' (DbType = DateTime), @p4='?', @p5='?', @p6='?' (DbType = Boolean), @p7='?', @p8='?' (DbType = Boolean), @p9='?' (DbType = Boolean), @p10='?' (DbType = Int32), @p11='?' (DbType = Int32), @p12='?' (Size = 10), @p13='?' (DbType = Int32), @p14='?' (DbType = Int32), @p15='?', @p16='?', @p17='?', @p18='?' (DbType = Int32), @p19='?' (Size = 4), @p20='?' (DbType = Int32), @p21='?', @p22='?' (DbType = DateTime), @p23='?' (Size = 10)], CommandType='"Text"', CommandTimeout='30']
INSERT INTO "SysMenu" ("Component", "CreatedId", "CreatedName", "CreatedTime", "CurrentActiveMenu", "FrameSrc", "HideMenu", "Icon", "IgnoreKeepAlive", "IsDrop", "MenuType", "Mid", "Name", "OrderNo", "ParId", "Permission", "Redirect", "Remark", "Status", "Title", "UpdateId", "UpdateName", "UpdateTime", "path")
VALUES (@p0, @p1, @p2, @p3, @p4, @p5, @p6, @p7, @p8, @p9, @p10, @p11, @p12, @p13, @p14, @p15, @p16, @p17, @p18, @p19, @p20, @p21, @p22, @p23);
SELECT "Id"
FROM "SysMenu"
WHERE changes() = 1 AND "rowid" = last_insert_rowid();
2022-09-21 11:57:40.105 +08:00 [INF] Executed DbCommand (0ms) [Parameters=[@p0='?', @p1='?' (DbType = Int32), @p2='?' (Size = 4), @p3='?' (DbType = DateTime), @p4='?', @p5='?', @p6='?' (DbType = Boolean), @p7='?', @p8='?' (DbType = Boolean), @p9='?' (DbType = Boolean), @p10='?' (DbType = Int32), @p11='?' (DbType = Int32), @p12='?' (Size = 16), @p13='?' (DbType = Int32), @p14='?' (DbType = Int32), @p15='?', @p16='?', @p17='?', @p18='?' (DbType = Int32), @p19='?' (Size = 4), @p20='?' (DbType = Int32), @p21='?', @p22='?' (DbType = DateTime), @p23='?' (Size = 12)], CommandType='"Text"', CommandTimeout='30']
INSERT INTO "SysMenu" ("Component", "CreatedId", "CreatedName", "CreatedTime", "CurrentActiveMenu", "FrameSrc", "HideMenu", "Icon", "IgnoreKeepAlive", "IsDrop", "MenuType", "Mid", "Name", "OrderNo", "ParId", "Permission", "Redirect", "Remark", "Status", "Title", "UpdateId", "UpdateName", "UpdateTime", "path")
VALUES (@p0, @p1, @p2, @p3, @p4, @p5, @p6, @p7, @p8, @p9, @p10, @p11, @p12, @p13, @p14, @p15, @p16, @p17, @p18, @p19, @p20, @p21, @p22, @p23);
SELECT "Id"
FROM "SysMenu"
WHERE changes() = 1 AND "rowid" = last_insert_rowid();
2022-09-21 11:57:40.113 +08:00 [ERR] Failed executing DbCommand (4ms) [Parameters=[@p0='?' (Size = 5), @p1='?' (DbType = Int32), @p2='?' (Size = 2), @p3='?' (DbType = DateTime), @p4='?' (DbType = Int32), @p5='?' (DbType = Boolean), @p6='?', @p7='?' (DbType = Int32), @p8='?', @p9='?' (DbType = Int32), @p10='?' (DbType = Int32), @p11='?', @p12='?' (DbType = DateTime)], CommandType='"Text"', CommandTimeout='30']
INSERT INTO "SysRole" ("Code", "CreatedId", "CreatedName", "CreatedTime", "DataScope", "IsDrop", "Name", "OrderNo", "Remark", "Status", "UpdateId", "UpdateName", "UpdateTime")
VALUES (@p0, @p1, @p2, @p3, @p4, @p5, @p6, @p7, @p8, @p9, @p10, @p11, @p12);
SELECT "Id"
FROM "SysRole"
WHERE changes() = 1 AND "rowid" = last_insert_rowid();
2022-09-21 11:57:40.156 +08:00 [ERR] An exception occurred in the database while saving changes for context type 'Dragon.Core.Data.EfDbContext'.
Microsoft.EntityFrameworkCore.DbUpdateException: An error occurred while saving the entity changes. See the inner exception for details.
 ---> Microsoft.Data.Sqlite.SqliteException (0x80004005): SQLite Error 19: 'NOT NULL constraint failed: SysRole.Name'.
   at Microsoft.Data.Sqlite.SqliteException.ThrowExceptionForRC(Int32 rc, sqlite3 db)
   at Microsoft.Data.Sqlite.SqliteDataReader.NextResult()
   at Microsoft.Data.Sqlite.SqliteCommand.ExecuteReader(CommandBehavior behavior)
   at Microsoft.Data.Sqlite.SqliteCommand.ExecuteReaderAsync(CommandBehavior behavior, CancellationToken cancellationToken)
   at Microsoft.Data.Sqlite.SqliteCommand.ExecuteDbDataReaderAsync(CommandBehavior behavior, CancellationToken cancellationToken)
   at Microsoft.EntityFrameworkCore.Storage.RelationalCommand.ExecuteReaderAsync(RelationalCommandParameterObject parameterObject, CancellationToken cancellationToken)
   at Microsoft.EntityFrameworkCore.Storage.RelationalCommand.ExecuteReaderAsync(RelationalCommandParameterObject parameterObject, CancellationToken cancellationToken)
   at Microsoft.EntityFrameworkCore.Update.ReaderModificationCommandBatch.ExecuteAsync(IRelationalConnection connection, CancellationToken cancellationToken)
   --- End of inner exception stack trace ---
   at Microsoft.EntityFrameworkCore.Update.ReaderModificationCommandBatch.ExecuteAsync(IRelationalConnection connection, CancellationToken cancellationToken)
   at Microsoft.EntityFrameworkCore.Update.Internal.BatchExecutor.ExecuteAsync(IEnumerable`1 commandBatches, IRelationalConnection connection, CancellationToken cancellationToken)
   at Microsoft.EntityFrameworkCore.Update.Internal.BatchExecutor.ExecuteAsync(IEnumerable`1 commandBatches, IRelationalConnection connection, CancellationToken cancellationToken)
   at Microsoft.EntityFrameworkCore.Update.Internal.BatchExecutor.ExecuteAsync(IEnumerable`1 commandBatches, IRelationalConnection connection, CancellationToken cancellationToken)
   at Microsoft.EntityFrameworkCore.ChangeTracking.Internal.StateManager.SaveChangesAsync(IList`1 entriesToSave, CancellationToken cancellationToken)
   at Microsoft.EntityFrameworkCore.ChangeTracking.Internal.StateManager.SaveChangesAsync(StateManager stateManager, Boolean acceptAllChangesOnSuccess, CancellationToken cancellationToken)
   at Microsoft.EntityFrameworkCore.DbContext.SaveChangesAsync(Boolean acceptAllChangesOnSuccess, CancellationToken cancellationToken)
Microsoft.EntityFrameworkCore.DbUpdateException: An error occurred while saving the entity changes. See the inner exception for details.
 ---> Microsoft.Data.Sqlite.SqliteException (0x80004005): SQLite Error 19: 'NOT NULL constraint failed: SysRole.Name'.
   at Microsoft.Data.Sqlite.SqliteException.ThrowExceptionForRC(Int32 rc, sqlite3 db)
   at Microsoft.Data.Sqlite.SqliteDataReader.NextResult()
   at Microsoft.Data.Sqlite.SqliteCommand.ExecuteReader(CommandBehavior behavior)
   at Microsoft.Data.Sqlite.SqliteCommand.ExecuteReaderAsync(CommandBehavior behavior, CancellationToken cancellationToken)
   at Microsoft.Data.Sqlite.SqliteCommand.ExecuteDbDataReaderAsync(CommandBehavior behavior, CancellationToken cancellationToken)
   at Microsoft.EntityFrameworkCore.Storage.RelationalCommand.ExecuteReaderAsync(RelationalCommandParameterObject parameterObject, CancellationToken cancellationToken)
   at Microsoft.EntityFrameworkCore.Storage.RelationalCommand.ExecuteReaderAsync(RelationalCommandParameterObject parameterObject, CancellationToken cancellationToken)
   at Microsoft.EntityFrameworkCore.Update.ReaderModificationCommandBatch.ExecuteAsync(IRelationalConnection connection, CancellationToken cancellationToken)
   --- End of inner exception stack trace ---
   at Microsoft.EntityFrameworkCore.Update.ReaderModificationCommandBatch.ExecuteAsync(IRelationalConnection connection, CancellationToken cancellationToken)
   at Microsoft.EntityFrameworkCore.Update.Internal.BatchExecutor.ExecuteAsync(IEnumerable`1 commandBatches, IRelationalConnection connection, CancellationToken cancellationToken)
   at Microsoft.EntityFrameworkCore.Update.Internal.BatchExecutor.ExecuteAsync(IEnumerable`1 commandBatches, IRelationalConnection connection, CancellationToken cancellationToken)
   at Microsoft.EntityFrameworkCore.Update.Internal.BatchExecutor.ExecuteAsync(IEnumerable`1 commandBatches, IRelationalConnection connection, CancellationToken cancellationToken)
   at Microsoft.EntityFrameworkCore.ChangeTracking.Internal.StateManager.SaveChangesAsync(IList`1 entriesToSave, CancellationToken cancellationToken)
   at Microsoft.EntityFrameworkCore.ChangeTracking.Internal.StateManager.SaveChangesAsync(StateManager stateManager, Boolean acceptAllChangesOnSuccess, CancellationToken cancellationToken)
   at Microsoft.EntityFrameworkCore.DbContext.SaveChangesAsync(Boolean acceptAllChangesOnSuccess, CancellationToken cancellationToken)
2022-09-21 12:13:30.361 +08:00 [INF] Entity Framework Core 6.0.9 initialized 'EfDbContext' using provider 'Microsoft.EntityFrameworkCore.Sqlite:6.0.9' with options: MigrationsAssembly=DragonSea.Core.Data 
2022-09-21 12:13:30.490 +08:00 [INF] Executed DbCommand (12ms) [Parameters=[], CommandType='"Text"', CommandTimeout='30']
SELECT COUNT(*) FROM "sqlite_master" WHERE "type" = 'table' AND "rootpage" IS NOT NULL;
2022-09-21 12:13:30.788 +08:00 [INF] Executed DbCommand (1ms) [Parameters=[], CommandType='"Text"', CommandTimeout='30']
SELECT EXISTS (
    SELECT 1
    FROM "SysUser" AS "s")
2022-09-21 12:13:30.973 +08:00 [INF] Executed DbCommand (0ms) [Parameters=[], CommandType='"Text"', CommandTimeout='30']
SELECT EXISTS (
    SELECT 1
    FROM "SysRole" AS "s")
2022-09-21 12:13:31.003 +08:00 [INF] Executed DbCommand (0ms) [Parameters=[], CommandType='"Text"', CommandTimeout='30']
SELECT EXISTS (
    SELECT 1
    FROM "SysUserRole" AS "s")
2022-09-21 12:13:31.125 +08:00 [INF] Executed DbCommand (0ms) [Parameters=[], CommandType='"Text"', CommandTimeout='30']
SELECT EXISTS (
    SELECT 1
    FROM "SysMenu" AS "s")
2022-09-21 12:13:31.308 +08:00 [INF] Executed DbCommand (8ms) [Parameters=[@p0='?', @p1='?' (DbType = Int32), @p2='?' (Size = 4), @p3='?' (DbType = DateTime), @p4='?', @p5='?', @p6='?' (DbType = Boolean), @p7='?' (Size = 26), @p8='?' (DbType = Boolean), @p9='?' (DbType = Boolean), @p10='?' (DbType = Int32), @p11='?' (DbType = Int32), @p12='?' (Size = 9), @p13='?' (DbType = Int32), @p14='?' (DbType = Int32), @p15='?', @p16='?' (Size = 19), @p17='?', @p18='?' (DbType = Int32), @p19='?' (Size = 4), @p20='?' (DbType = Int32), @p21='?', @p22='?' (DbType = DateTime), @p23='?' (Size = 10)], CommandType='"Text"', CommandTimeout='30']
INSERT INTO "SysMenu" ("Component", "CreatedId", "CreatedName", "CreatedTime", "CurrentActiveMenu", "FrameSrc", "HideMenu", "Icon", "IgnoreKeepAlive", "IsDrop", "MenuType", "Mid", "Name", "OrderNo", "ParId", "Permission", "Redirect", "Remark", "Status", "Title", "UpdateId", "UpdateName", "UpdateTime", "path")
VALUES (@p0, @p1, @p2, @p3, @p4, @p5, @p6, @p7, @p8, @p9, @p10, @p11, @p12, @p13, @p14, @p15, @p16, @p17, @p18, @p19, @p20, @p21, @p22, @p23);
SELECT "Id"
FROM "SysMenu"
WHERE changes() = 1 AND "rowid" = last_insert_rowid();
2022-09-21 12:13:31.342 +08:00 [INF] Executed DbCommand (0ms) [Parameters=[@p0='?', @p1='?' (DbType = Int32), @p2='?' (Size = 4), @p3='?' (DbType = DateTime), @p4='?', @p5='?', @p6='?' (DbType = Boolean), @p7='?' (Size = 26), @p8='?' (DbType = Boolean), @p9='?' (DbType = Boolean), @p10='?' (DbType = Int32), @p11='?' (DbType = Int32), @p12='?' (Size = 3), @p13='?' (DbType = Int32), @p14='?' (DbType = Int32), @p15='?', @p16='?' (Size = 14), @p17='?', @p18='?' (DbType = Int32), @p19='?' (Size = 4), @p20='?' (DbType = Int32), @p21='?', @p22='?' (DbType = DateTime), @p23='?' (Size = 4)], CommandType='"Text"', CommandTimeout='30']
INSERT INTO "SysMenu" ("Component", "CreatedId", "CreatedName", "CreatedTime", "CurrentActiveMenu", "FrameSrc", "HideMenu", "Icon", "IgnoreKeepAlive", "IsDrop", "MenuType", "Mid", "Name", "OrderNo", "ParId", "Permission", "Redirect", "Remark", "Status", "Title", "UpdateId", "UpdateName", "UpdateTime", "path")
VALUES (@p0, @p1, @p2, @p3, @p4, @p5, @p6, @p7, @p8, @p9, @p10, @p11, @p12, @p13, @p14, @p15, @p16, @p17, @p18, @p19, @p20, @p21, @p22, @p23);
SELECT "Id"
FROM "SysMenu"
WHERE changes() = 1 AND "rowid" = last_insert_rowid();
2022-09-21 12:13:31.346 +08:00 [INF] Executed DbCommand (0ms) [Parameters=[@p0='?', @p1='?' (DbType = Int32), @p2='?' (Size = 4), @p3='?' (DbType = DateTime), @p4='?', @p5='?', @p6='?' (DbType = Boolean), @p7='?', @p8='?' (DbType = Boolean), @p9='?' (DbType = Boolean), @p10='?' (DbType = Int32), @p11='?' (DbType = Int32), @p12='?' (Size = 8), @p13='?' (DbType = Int32), @p14='?' (DbType = Int32), @p15='?', @p16='?', @p17='?', @p18='?' (DbType = Int32), @p19='?' (Size = 3), @p20='?' (DbType = Int32), @p21='?', @p22='?' (DbType = DateTime), @p23='?' (Size = 8)], CommandType='"Text"', CommandTimeout='30']
INSERT INTO "SysMenu" ("Component", "CreatedId", "CreatedName", "CreatedTime", "CurrentActiveMenu", "FrameSrc", "HideMenu", "Icon", "IgnoreKeepAlive", "IsDrop", "MenuType", "Mid", "Name", "OrderNo", "ParId", "Permission", "Redirect", "Remark", "Status", "Title", "UpdateId", "UpdateName", "UpdateTime", "path")
VALUES (@p0, @p1, @p2, @p3, @p4, @p5, @p6, @p7, @p8, @p9, @p10, @p11, @p12, @p13, @p14, @p15, @p16, @p17, @p18, @p19, @p20, @p21, @p22, @p23);
SELECT "Id"
FROM "SysMenu"
WHERE changes() = 1 AND "rowid" = last_insert_rowid();
2022-09-21 12:13:31.349 +08:00 [INF] Executed DbCommand (0ms) [Parameters=[@p0='?', @p1='?' (DbType = Int32), @p2='?' (Size = 4), @p3='?' (DbType = DateTime), @p4='?', @p5='?', @p6='?' (DbType = Boolean), @p7='?', @p8='?' (DbType = Boolean), @p9='?' (DbType = Boolean), @p10='?' (DbType = Int32), @p11='?' (DbType = Int32), @p12='?' (Size = 9), @p13='?' (DbType = Int32), @p14='?' (DbType = Int32), @p15='?', @p16='?', @p17='?', @p18='?' (DbType = Int32), @p19='?' (Size = 3), @p20='?' (DbType = Int32), @p21='?', @p22='?' (DbType = DateTime), @p23='?' (Size = 9)], CommandType='"Text"', CommandTimeout='30']
INSERT INTO "SysMenu" ("Component", "CreatedId", "CreatedName", "CreatedTime", "CurrentActiveMenu", "FrameSrc", "HideMenu", "Icon", "IgnoreKeepAlive", "IsDrop", "MenuType", "Mid", "Name", "OrderNo", "ParId", "Permission", "Redirect", "Remark", "Status", "Title", "UpdateId", "UpdateName", "UpdateTime", "path")
VALUES (@p0, @p1, @p2, @p3, @p4, @p5, @p6, @p7, @p8, @p9, @p10, @p11, @p12, @p13, @p14, @p15, @p16, @p17, @p18, @p19, @p20, @p21, @p22, @p23);
SELECT "Id"
FROM "SysMenu"
WHERE changes() = 1 AND "rowid" = last_insert_rowid();
2022-09-21 12:13:31.352 +08:00 [INF] Executed DbCommand (0ms) [Parameters=[@p0='?', @p1='?' (DbType = Int32), @p2='?' (Size = 4), @p3='?' (DbType = DateTime), @p4='?', @p5='?', @p6='?' (DbType = Boolean), @p7='?', @p8='?' (DbType = Boolean), @p9='?' (DbType = Boolean), @p10='?' (DbType = Int32), @p11='?' (DbType = Int32), @p12='?' (Size = 13), @p13='?' (DbType = Int32), @p14='?' (DbType = Int32), @p15='?', @p16='?', @p17='?', @p18='?' (DbType = Int32), @p19='?' (Size = 4), @p20='?' (DbType = Int32), @p21='?', @p22='?' (DbType = DateTime), @p23='?' (Size = 9)], CommandType='"Text"', CommandTimeout='30']
INSERT INTO "SysMenu" ("Component", "CreatedId", "CreatedName", "CreatedTime", "CurrentActiveMenu", "FrameSrc", "HideMenu", "Icon", "IgnoreKeepAlive", "IsDrop", "MenuType", "Mid", "Name", "OrderNo", "ParId", "Permission", "Redirect", "Remark", "Status", "Title", "UpdateId", "UpdateName", "UpdateTime", "path")
VALUES (@p0, @p1, @p2, @p3, @p4, @p5, @p6, @p7, @p8, @p9, @p10, @p11, @p12, @p13, @p14, @p15, @p16, @p17, @p18, @p19, @p20, @p21, @p22, @p23);
SELECT "Id"
FROM "SysMenu"
WHERE changes() = 1 AND "rowid" = last_insert_rowid();
2022-09-21 12:13:31.354 +08:00 [INF] Executed DbCommand (0ms) [Parameters=[@p0='?', @p1='?' (DbType = Int32), @p2='?' (Size = 4), @p3='?' (DbType = DateTime), @p4='?', @p5='?', @p6='?' (DbType = Boolean), @p7='?', @p8='?' (DbType = Boolean), @p9='?' (DbType = Boolean), @p10='?' (DbType = Int32), @p11='?' (DbType = Int32), @p12='?' (Size = 10), @p13='?' (DbType = Int32), @p14='?' (DbType = Int32), @p15='?', @p16='?', @p17='?', @p18='?' (DbType = Int32), @p19='?' (Size = 4), @p20='?' (DbType = Int32), @p21='?', @p22='?' (DbType = DateTime), @p23='?' (Size = 10)], CommandType='"Text"', CommandTimeout='30']
INSERT INTO "SysMenu" ("Component", "CreatedId", "CreatedName", "CreatedTime", "CurrentActiveMenu", "FrameSrc", "HideMenu", "Icon", "IgnoreKeepAlive", "IsDrop", "MenuType", "Mid", "Name", "OrderNo", "ParId", "Permission", "Redirect", "Remark", "Status", "Title", "UpdateId", "UpdateName", "UpdateTime", "path")
VALUES (@p0, @p1, @p2, @p3, @p4, @p5, @p6, @p7, @p8, @p9, @p10, @p11, @p12, @p13, @p14, @p15, @p16, @p17, @p18, @p19, @p20, @p21, @p22, @p23);
SELECT "Id"
FROM "SysMenu"
WHERE changes() = 1 AND "rowid" = last_insert_rowid();
2022-09-21 12:13:31.360 +08:00 [INF] Executed DbCommand (0ms) [Parameters=[@p0='?', @p1='?' (DbType = Int32), @p2='?' (Size = 4), @p3='?' (DbType = DateTime), @p4='?', @p5='?', @p6='?' (DbType = Boolean), @p7='?', @p8='?' (DbType = Boolean), @p9='?' (DbType = Boolean), @p10='?' (DbType = Int32), @p11='?' (DbType = Int32), @p12='?' (Size = 16), @p13='?' (DbType = Int32), @p14='?' (DbType = Int32), @p15='?', @p16='?', @p17='?', @p18='?' (DbType = Int32), @p19='?' (Size = 4), @p20='?' (DbType = Int32), @p21='?', @p22='?' (DbType = DateTime), @p23='?' (Size = 12)], CommandType='"Text"', CommandTimeout='30']
INSERT INTO "SysMenu" ("Component", "CreatedId", "CreatedName", "CreatedTime", "CurrentActiveMenu", "FrameSrc", "HideMenu", "Icon", "IgnoreKeepAlive", "IsDrop", "MenuType", "Mid", "Name", "OrderNo", "ParId", "Permission", "Redirect", "Remark", "Status", "Title", "UpdateId", "UpdateName", "UpdateTime", "path")
VALUES (@p0, @p1, @p2, @p3, @p4, @p5, @p6, @p7, @p8, @p9, @p10, @p11, @p12, @p13, @p14, @p15, @p16, @p17, @p18, @p19, @p20, @p21, @p22, @p23);
SELECT "Id"
FROM "SysMenu"
WHERE changes() = 1 AND "rowid" = last_insert_rowid();
2022-09-21 12:13:31.364 +08:00 [INF] Executed DbCommand (0ms) [Parameters=[@p0='?' (Size = 5), @p1='?' (DbType = Int32), @p2='?' (Size = 2), @p3='?' (DbType = DateTime), @p4='?' (DbType = Int32), @p5='?' (DbType = Boolean), @p6='?' (Size = 11), @p7='?' (DbType = Int32), @p8='?', @p9='?' (DbType = Int32), @p10='?' (DbType = Int32), @p11='?', @p12='?' (DbType = DateTime)], CommandType='"Text"', CommandTimeout='30']
INSERT INTO "SysRole" ("Code", "CreatedId", "CreatedName", "CreatedTime", "DataScope", "IsDrop", "Name", "OrderNo", "Remark", "Status", "UpdateId", "UpdateName", "UpdateTime")
VALUES (@p0, @p1, @p2, @p3, @p4, @p5, @p6, @p7, @p8, @p9, @p10, @p11, @p12);
SELECT "Id"
FROM "SysRole"
WHERE changes() = 1 AND "rowid" = last_insert_rowid();
2022-09-21 12:13:31.367 +08:00 [INF] Executed DbCommand (0ms) [Parameters=[@p0='?' (Size = 4), @p1='?' (DbType = Int32), @p2='?' (Size = 2), @p3='?' (DbType = DateTime), @p4='?' (DbType = Int32), @p5='?' (DbType = Boolean), @p6='?' (Size = 6), @p7='?' (DbType = Int32), @p8='?', @p9='?' (DbType = Int32), @p10='?' (DbType = Int32), @p11='?', @p12='?' (DbType = DateTime)], CommandType='"Text"', CommandTimeout='30']
INSERT INTO "SysRole" ("Code", "CreatedId", "CreatedName", "CreatedTime", "DataScope", "IsDrop", "Name", "OrderNo", "Remark", "Status", "UpdateId", "UpdateName", "UpdateTime")
VALUES (@p0, @p1, @p2, @p3, @p4, @p5, @p6, @p7, @p8, @p9, @p10, @p11, @p12);
SELECT "Id"
FROM "SysRole"
WHERE changes() = 1 AND "rowid" = last_insert_rowid();
2022-09-21 12:13:31.370 +08:00 [INF] Executed DbCommand (0ms) [Parameters=[@p0='?' (Size = 6), @p1='?', @p2='?' (DbType = Int32), @p3='?' (Size = 2), @p4='?' (DbType = DateTime), @p5='?' (DbType = Int32), @p6='?', @p7='?' (DbType = Int32), @p8='?' (DbType = Int32), @p9='?', @p10='?' (DbType = Boolean), @p11='?', @p12='?' (DbType = DateTime), @p13='?', @p14='?' (Size = 2), @p15='?' (DbType = Int32), @p16='?' (Size = 6), @p17='?', @p18='?' (DbType = Boolean), @p19='?' (DbType = Int32), @p20='?' (DbType = Int32), @p21='?', @p22='?' (DbType = DateTime), @p23='?'], CommandType='"Text"', CommandTimeout='30']
INSERT INTO "SysUser" ("Account", "Avater", "CreatedId", "CreatedName", "CreatedTime", "DepartmentId", "Email", "EmpliyeeType", "ErrorCount", "HistroyPsw", "IsDrop", "JobName", "LastErrTime", "Mobile", "Name", "OrderNo", "Password", "Remark", "Sex", "Status", "UpdateId", "UpdateName", "UpdateTime", "WeChat")
VALUES (@p0, @p1, @p2, @p3, @p4, @p5, @p6, @p7, @p8, @p9, @p10, @p11, @p12, @p13, @p14, @p15, @p16, @p17, @p18, @p19, @p20, @p21, @p22, @p23);
SELECT "Id"
FROM "SysUser"
WHERE changes() = 1 AND "rowid" = last_insert_rowid();
2022-09-21 12:13:31.375 +08:00 [INF] Executed DbCommand (0ms) [Parameters=[@p0='?' (Size = 4), @p1='?', @p2='?' (DbType = Int32), @p3='?' (Size = 2), @p4='?' (DbType = DateTime), @p5='?' (DbType = Int32), @p6='?', @p7='?' (DbType = Int32), @p8='?' (DbType = Int32), @p9='?', @p10='?' (DbType = Boolean), @p11='?', @p12='?' (DbType = DateTime), @p13='?', @p14='?' (Size = 4), @p15='?' (DbType = Int32), @p16='?' (Size = 6), @p17='?', @p18='?' (DbType = Boolean), @p19='?' (DbType = Int32), @p20='?' (DbType = Int32), @p21='?', @p22='?' (DbType = DateTime), @p23='?'], CommandType='"Text"', CommandTimeout='30']
INSERT INTO "SysUser" ("Account", "Avater", "CreatedId", "CreatedName", "CreatedTime", "DepartmentId", "Email", "EmpliyeeType", "ErrorCount", "HistroyPsw", "IsDrop", "JobName", "LastErrTime", "Mobile", "Name", "OrderNo", "Password", "Remark", "Sex", "Status", "UpdateId", "UpdateName", "UpdateTime", "WeChat")
VALUES (@p0, @p1, @p2, @p3, @p4, @p5, @p6, @p7, @p8, @p9, @p10, @p11, @p12, @p13, @p14, @p15, @p16, @p17, @p18, @p19, @p20, @p21, @p22, @p23);
SELECT "Id"
FROM "SysUser"
WHERE changes() = 1 AND "rowid" = last_insert_rowid();
2022-09-21 12:13:31.378 +08:00 [INF] Executed DbCommand (0ms) [Parameters=[@p0='?' (DbType = Int32), @p1='?' (Size = 5), @p2='?' (DbType = DateTime), @p3='?' (DbType = Boolean), @p4='?' (DbType = Int32), @p5='?', @p6='?' (DbType = Int32), @p7='?' (DbType = Int32), @p8='?' (DbType = Int32), @p9='?', @p10='?' (DbType = DateTime), @p11='?' (DbType = Int32)], CommandType='"Text"', CommandTimeout='30']
INSERT INTO "SysUserRole" ("CreatedId", "CreatedName", "CreatedTime", "IsDrop", "OrderNo", "Remark", "RoleId", "Status", "UpdateId", "UpdateName", "UpdateTime", "UserId")
VALUES (@p0, @p1, @p2, @p3, @p4, @p5, @p6, @p7, @p8, @p9, @p10, @p11);
SELECT "Id"
FROM "SysUserRole"
WHERE changes() = 1 AND "rowid" = last_insert_rowid();
2022-09-21 12:13:31.381 +08:00 [INF] Executed DbCommand (0ms) [Parameters=[@p0='?' (DbType = Int32), @p1='?' (Size = 5), @p2='?' (DbType = DateTime), @p3='?' (DbType = Boolean), @p4='?' (DbType = Int32), @p5='?', @p6='?' (DbType = Int32), @p7='?' (DbType = Int32), @p8='?' (DbType = Int32), @p9='?', @p10='?' (DbType = DateTime), @p11='?' (DbType = Int32)], CommandType='"Text"', CommandTimeout='30']
INSERT INTO "SysUserRole" ("CreatedId", "CreatedName", "CreatedTime", "IsDrop", "OrderNo", "Remark", "RoleId", "Status", "UpdateId", "UpdateName", "UpdateTime", "UserId")
VALUES (@p0, @p1, @p2, @p3, @p4, @p5, @p6, @p7, @p8, @p9, @p10, @p11);
SELECT "Id"
FROM "SysUserRole"
WHERE changes() = 1 AND "rowid" = last_insert_rowid();
2022-09-21 12:13:34.572 +08:00 [INF] User profile is available. Using 'C:\Users\longhaihua\AppData\Local\ASP.NET\DataProtection-Keys' as key repository and Windows DPAPI to encrypt keys at rest.
2022-09-21 12:13:34.800 +08:00 [INF] Now listening on: http://[::]:9291
2022-09-21 12:13:34.803 +08:00 [INF] Application started. Press Ctrl+C to shut down.
2022-09-21 12:13:34.806 +08:00 [INF] Hosting environment: Development
2022-09-21 12:13:34.808 +08:00 [INF] Content root path: C:\Users\longhaihua\Desktop\Dragon.Core\Dragon.Core.WebApi\
2022-09-21 14:26:54.669 +08:00 [INF] Entity Framework Core 6.0.9 initialized 'EfDbContext' using provider 'Microsoft.EntityFrameworkCore.Sqlite:6.0.9' with options: MigrationsAssembly=DragonSea.Core.Data 
2022-09-21 14:26:54.797 +08:00 [INF] Executed DbCommand (12ms) [Parameters=[], CommandType='"Text"', CommandTimeout='30']
SELECT COUNT(*) FROM "sqlite_master" WHERE "type" = 'table' AND "rootpage" IS NOT NULL;
2022-09-21 14:26:55.129 +08:00 [INF] Executed DbCommand (1ms) [Parameters=[], CommandType='"Text"', CommandTimeout='30']
SELECT EXISTS (
    SELECT 1
    FROM "SysUser" AS "s")
2022-09-21 14:26:55.137 +08:00 [INF] Executed DbCommand (0ms) [Parameters=[], CommandType='"Text"', CommandTimeout='30']
SELECT EXISTS (
    SELECT 1
    FROM "SysRole" AS "s")
2022-09-21 14:26:55.140 +08:00 [INF] Executed DbCommand (0ms) [Parameters=[], CommandType='"Text"', CommandTimeout='30']
SELECT EXISTS (
    SELECT 1
    FROM "SysUserRole" AS "s")
2022-09-21 14:26:55.144 +08:00 [INF] Executed DbCommand (0ms) [Parameters=[], CommandType='"Text"', CommandTimeout='30']
SELECT EXISTS (
    SELECT 1
    FROM "SysMenu" AS "s")
2022-09-21 14:26:56.305 +08:00 [INF] User profile is available. Using 'C:\Users\longhaihua\AppData\Local\ASP.NET\DataProtection-Keys' as key repository and Windows DPAPI to encrypt keys at rest.
2022-09-21 14:26:56.433 +08:00 [INF] Now listening on: http://[::]:9291
2022-09-21 14:26:56.436 +08:00 [INF] Application started. Press Ctrl+C to shut down.
2022-09-21 14:26:56.437 +08:00 [INF] Hosting environment: Development
2022-09-21 14:26:56.441 +08:00 [INF] Content root path: C:\Users\longhaihua\Desktop\Dragon.Core\Dragon.Core.WebApi\
2022-09-21 14:32:58.180 +08:00 [INF] Entity Framework Core 6.0.9 initialized 'EfDbContext' using provider 'Microsoft.EntityFrameworkCore.Sqlite:6.0.9' with options: MigrationsAssembly=DragonSea.Core.Data 
2022-09-21 14:32:58.310 +08:00 [INF] Executed DbCommand (12ms) [Parameters=[], CommandType='"Text"', CommandTimeout='30']
SELECT COUNT(*) FROM "sqlite_master" WHERE "type" = 'table' AND "rootpage" IS NOT NULL;
2022-09-21 14:32:58.594 +08:00 [INF] Executed DbCommand (1ms) [Parameters=[], CommandType='"Text"', CommandTimeout='30']
SELECT EXISTS (
    SELECT 1
    FROM "SysUser" AS "s")
2022-09-21 14:32:58.602 +08:00 [INF] Executed DbCommand (0ms) [Parameters=[], CommandType='"Text"', CommandTimeout='30']
SELECT EXISTS (
    SELECT 1
    FROM "SysRole" AS "s")
2022-09-21 14:32:58.605 +08:00 [INF] Executed DbCommand (0ms) [Parameters=[], CommandType='"Text"', CommandTimeout='30']
SELECT EXISTS (
    SELECT 1
    FROM "SysUserRole" AS "s")
2022-09-21 14:32:58.609 +08:00 [INF] Executed DbCommand (0ms) [Parameters=[], CommandType='"Text"', CommandTimeout='30']
SELECT EXISTS (
    SELECT 1
    FROM "SysMenu" AS "s")
2022-09-21 14:33:00.918 +08:00 [INF] User profile is available. Using 'C:\Users\longhaihua\AppData\Local\ASP.NET\DataProtection-Keys' as key repository and Windows DPAPI to encrypt keys at rest.
2022-09-21 14:33:01.032 +08:00 [INF] Now listening on: http://localhost:5135
2022-09-21 14:33:01.035 +08:00 [INF] Application started. Press Ctrl+C to shut down.
2022-09-21 14:33:01.037 +08:00 [INF] Hosting environment: Development
2022-09-21 14:33:01.041 +08:00 [INF] Content root path: C:\Users\longhaihua\Desktop\Dragon.Core\Dragon.Core.WebApi\
2022-09-21 14:33:02.009 +08:00 [INF] Request starting HTTP/1.1 GET http://localhost:5135/ - -
2022-09-21 14:33:02.319 +08:00 [INF] Request finished HTTP/1.1 GET http://localhost:5135/ - - - 301 0 - 312.7835ms
2022-09-21 14:33:02.333 +08:00 [INF] Request starting HTTP/1.1 GET http://localhost:5135/index.html - -
2022-09-21 14:33:02.525 +08:00 [INF] Request starting HTTP/1.1 GET http://localhost:5135/swagger-ui.css - -
2022-09-21 14:33:02.532 +08:00 [INF] Request starting HTTP/1.1 GET http://localhost:5135/swagger-ui-standalone-preset.js - -
2022-09-21 14:33:02.532 +08:00 [INF] Request starting HTTP/1.1 GET http://localhost:5135/swagger-ui-bundle.js - -
2022-09-21 14:33:02.535 +08:00 [INF] Request starting HTTP/1.1 GET http://localhost:5135/_framework/aspnetcore-browser-refresh.js - -
2022-09-21 14:33:02.537 +08:00 [INF] Request starting HTTP/1.1 GET http://localhost:5135/_vs/browserLink - -
2022-09-21 14:33:02.548 +08:00 [INF] Request finished HTTP/1.1 GET http://localhost:5135/index.html - - - 200 - text/html;charset=utf-8 215.4555ms
2022-09-21 14:33:02.550 +08:00 [INF] Request finished HTTP/1.1 GET http://localhost:5135/_framework/aspnetcore-browser-refresh.js - - - 200 12006 application/javascript;+charset=utf-8 14.4735ms
2022-09-21 14:33:02.593 +08:00 [INF] Sending file. Request path: '/swagger-ui-standalone-preset.js'. Physical path: 'N/A'
2022-09-21 14:33:02.593 +08:00 [INF] Sending file. Request path: '/swagger-ui.css'. Physical path: 'N/A'
2022-09-21 14:33:02.599 +08:00 [INF] Request finished HTTP/1.1 GET http://localhost:5135/swagger-ui-standalone-preset.js - - - 200 337162 application/javascript 67.3318ms
2022-09-21 14:33:02.600 +08:00 [INF] Request finished HTTP/1.1 GET http://localhost:5135/swagger-ui.css - - - 200 143632 text/css 75.0220ms
2022-09-21 14:33:02.604 +08:00 [INF] Sending file. Request path: '/swagger-ui-bundle.js'. Physical path: 'N/A'
2022-09-21 14:33:02.606 +08:00 [INF] Request finished HTTP/1.1 GET http://localhost:5135/swagger-ui-bundle.js - - - 200 1092889 application/javascript 74.6603ms
2022-09-21 14:33:02.625 +08:00 [INF] Request finished HTTP/1.1 GET http://localhost:5135/_vs/browserLink - - - 200 - text/javascript;+charset=UTF-8 89.1965ms
2022-09-21 14:33:02.734 +08:00 [INF] Request starting HTTP/1.1 GET http://localhost:5135/swagger/V1/swagger.json - -
2022-09-21 14:33:02.758 +08:00 [INF] Request starting HTTP/1.1 GET http://localhost:5135/favicon-32x32.png - -
2022-09-21 14:33:02.760 +08:00 [INF] Sending file. Request path: '/favicon-32x32.png'. Physical path: 'N/A'
2022-09-21 14:33:02.762 +08:00 [INF] Request finished HTTP/1.1 GET http://localhost:5135/favicon-32x32.png - - - 200 628 image/png 3.7044ms
2022-09-21 14:33:02.838 +08:00 [INF] Request finished HTTP/1.1 GET http://localhost:5135/swagger/V1/swagger.json - - - 200 - application/json;charset=utf-8 103.9349ms
2022-09-21 14:34:47.232 +08:00 [INF] Entity Framework Core 6.0.9 initialized 'EfDbContext' using provider 'Microsoft.EntityFrameworkCore.Sqlite:6.0.9' with options: MigrationsAssembly=DragonSea.Core.Data 
2022-09-21 14:34:47.426 +08:00 [INF] Executed DbCommand (13ms) [Parameters=[], CommandType='"Text"', CommandTimeout='30']
SELECT COUNT(*) FROM "sqlite_master" WHERE "type" = 'table' AND "rootpage" IS NOT NULL;
2022-09-21 14:34:47.727 +08:00 [INF] Executed DbCommand (1ms) [Parameters=[], CommandType='"Text"', CommandTimeout='30']
SELECT EXISTS (
    SELECT 1
    FROM "SysUser" AS "s")
2022-09-21 14:34:47.737 +08:00 [INF] Executed DbCommand (0ms) [Parameters=[], CommandType='"Text"', CommandTimeout='30']
SELECT EXISTS (
    SELECT 1
    FROM "SysRole" AS "s")
2022-09-21 14:34:47.740 +08:00 [INF] Executed DbCommand (0ms) [Parameters=[], CommandType='"Text"', CommandTimeout='30']
SELECT EXISTS (
    SELECT 1
    FROM "SysUserRole" AS "s")
2022-09-21 14:34:47.744 +08:00 [INF] Executed DbCommand (0ms) [Parameters=[], CommandType='"Text"', CommandTimeout='30']
SELECT EXISTS (
    SELECT 1
    FROM "SysMenu" AS "s")
2022-09-21 14:34:47.805 +08:00 [INF] User profile is available. Using 'C:\Users\longhaihua\AppData\Local\ASP.NET\DataProtection-Keys' as key repository and Windows DPAPI to encrypt keys at rest.
2022-09-21 14:34:47.957 +08:00 [INF] Now listening on: http://[::]:5135
2022-09-21 14:34:47.960 +08:00 [INF] Application started. Press Ctrl+C to shut down.
2022-09-21 14:34:47.961 +08:00 [INF] Hosting environment: Development
2022-09-21 14:34:47.962 +08:00 [INF] Content root path: C:\Users\longhaihua\Desktop\Dragon.Core\Dragon.Core.WebApi\
2022-09-21 14:34:48.792 +08:00 [INF] Request starting HTTP/1.1 GET http://localhost:5135/swagger - -
2022-09-21 14:34:49.175 +08:00 [INF] Request finished HTTP/1.1 GET http://localhost:5135/swagger - - - 404 - text/plain 387.1027ms
2022-09-21 14:34:49.197 +08:00 [INF] Request starting HTTP/1.1 GET http://localhost:5135/favicon.ico - -
2022-09-21 14:34:49.200 +08:00 [INF] Request finished HTTP/1.1 GET http://localhost:5135/favicon.ico - - - 404 - text/plain 3.3434ms
2022-09-21 14:36:09.094 +08:00 [INF] Entity Framework Core 6.0.9 initialized 'EfDbContext' using provider 'Microsoft.EntityFrameworkCore.Sqlite:6.0.9' with options: MigrationsAssembly=DragonSea.Core.Data 
2022-09-21 14:36:09.269 +08:00 [INF] Executed DbCommand (12ms) [Parameters=[], CommandType='"Text"', CommandTimeout='30']
SELECT COUNT(*) FROM "sqlite_master" WHERE "type" = 'table' AND "rootpage" IS NOT NULL;
2022-09-21 14:36:09.600 +08:00 [INF] Executed DbCommand (1ms) [Parameters=[], CommandType='"Text"', CommandTimeout='30']
SELECT EXISTS (
    SELECT 1
    FROM "SysUser" AS "s")
2022-09-21 14:36:09.608 +08:00 [INF] Executed DbCommand (0ms) [Parameters=[], CommandType='"Text"', CommandTimeout='30']
SELECT EXISTS (
    SELECT 1
    FROM "SysRole" AS "s")
2022-09-21 14:36:09.611 +08:00 [INF] Executed DbCommand (0ms) [Parameters=[], CommandType='"Text"', CommandTimeout='30']
SELECT EXISTS (
    SELECT 1
    FROM "SysUserRole" AS "s")
2022-09-21 14:36:09.617 +08:00 [INF] Executed DbCommand (0ms) [Parameters=[], CommandType='"Text"', CommandTimeout='30']
SELECT EXISTS (
    SELECT 1
    FROM "SysMenu" AS "s")
2022-09-21 14:36:09.668 +08:00 [INF] User profile is available. Using 'C:\Users\longhaihua\AppData\Local\ASP.NET\DataProtection-Keys' as key repository and Windows DPAPI to encrypt keys at rest.
2022-09-21 14:36:09.783 +08:00 [INF] Now listening on: http://[::]:5135
2022-09-21 14:36:09.786 +08:00 [INF] Application started. Press Ctrl+C to shut down.
2022-09-21 14:36:09.787 +08:00 [INF] Hosting environment: Development
2022-09-21 14:36:09.788 +08:00 [INF] Content root path: C:\Users\longhaihua\Desktop\Dragon.Core\Dragon.Core.WebApi\
2022-09-21 14:36:10.769 +08:00 [INF] Request starting HTTP/1.1 GET http://localhost:5135/swagger/index.html - -
2022-09-21 14:36:11.136 +08:00 [INF] Request finished HTTP/1.1 GET http://localhost:5135/swagger/index.html - - - 404 - text/plain 372.1524ms
2022-09-21 14:36:26.055 +08:00 [INF] Entity Framework Core 6.0.9 initialized 'EfDbContext' using provider 'Microsoft.EntityFrameworkCore.Sqlite:6.0.9' with options: MigrationsAssembly=DragonSea.Core.Data 
2022-09-21 14:36:26.183 +08:00 [INF] Executed DbCommand (11ms) [Parameters=[], CommandType='"Text"', CommandTimeout='30']
SELECT COUNT(*) FROM "sqlite_master" WHERE "type" = 'table' AND "rootpage" IS NOT NULL;
2022-09-21 14:36:26.472 +08:00 [INF] Executed DbCommand (1ms) [Parameters=[], CommandType='"Text"', CommandTimeout='30']
SELECT EXISTS (
    SELECT 1
    FROM "SysUser" AS "s")
2022-09-21 14:36:26.481 +08:00 [INF] Executed DbCommand (0ms) [Parameters=[], CommandType='"Text"', CommandTimeout='30']
SELECT EXISTS (
    SELECT 1
    FROM "SysRole" AS "s")
2022-09-21 14:36:26.484 +08:00 [INF] Executed DbCommand (0ms) [Parameters=[], CommandType='"Text"', CommandTimeout='30']
SELECT EXISTS (
    SELECT 1
    FROM "SysUserRole" AS "s")
2022-09-21 14:36:26.487 +08:00 [INF] Executed DbCommand (0ms) [Parameters=[], CommandType='"Text"', CommandTimeout='30']
SELECT EXISTS (
    SELECT 1
    FROM "SysMenu" AS "s")
2022-09-21 14:36:26.562 +08:00 [INF] User profile is available. Using 'C:\Users\longhaihua\AppData\Local\ASP.NET\DataProtection-Keys' as key repository and Windows DPAPI to encrypt keys at rest.
2022-09-21 14:36:26.690 +08:00 [INF] Now listening on: http://[::]:5135
2022-09-21 14:36:26.694 +08:00 [INF] Application started. Press Ctrl+C to shut down.
2022-09-21 14:36:26.695 +08:00 [INF] Hosting environment: Development
2022-09-21 14:36:26.696 +08:00 [INF] Content root path: C:\Users\longhaihua\Desktop\Dragon.Core\Dragon.Core.WebApi\
2022-09-21 14:36:27.641 +08:00 [INF] Request starting HTTP/1.1 GET http://localhost:5135/index.html - -
2022-09-21 14:36:28.028 +08:00 [INF] Request starting HTTP/1.1 GET http://localhost:5135/_framework/aspnetcore-browser-refresh.js - -
2022-09-21 14:36:28.033 +08:00 [INF] Request finished HTTP/1.1 GET http://localhost:5135/_framework/aspnetcore-browser-refresh.js - - - 200 12006 application/javascript;+charset=utf-8 4.7209ms
2022-09-21 14:36:28.035 +08:00 [INF] Request finished HTTP/1.1 GET http://localhost:5135/index.html - - - 200 - text/html;charset=utf-8 397.4252ms
2022-09-21 14:36:28.044 +08:00 [INF] Request starting HTTP/1.1 GET http://localhost:5135/_vs/browserLink - -
2022-09-21 14:36:28.069 +08:00 [INF] Request finished HTTP/1.1 GET http://localhost:5135/_vs/browserLink - - - 200 - text/javascript;+charset=UTF-8 25.2259ms
2022-09-21 14:36:28.181 +08:00 [INF] Request starting HTTP/1.1 GET http://localhost:5135/swagger/V1/swagger.json - -
2022-09-21 14:36:28.280 +08:00 [INF] Request finished HTTP/1.1 GET http://localhost:5135/swagger/V1/swagger.json - - - 200 - application/json;charset=utf-8 98.5436ms
2022-09-21 14:43:55.693 +08:00 [INF] Entity Framework Core 6.0.9 initialized 'EfDbContext' using provider 'Microsoft.EntityFrameworkCore.Sqlite:6.0.9' with options: MigrationsAssembly=DragonSea.Core.Data 
2022-09-21 14:43:55.823 +08:00 [INF] Executed DbCommand (12ms) [Parameters=[], CommandType='"Text"', CommandTimeout='30']
SELECT COUNT(*) FROM "sqlite_master" WHERE "type" = 'table' AND "rootpage" IS NOT NULL;
2022-09-21 14:43:56.186 +08:00 [INF] Executed DbCommand (1ms) [Parameters=[], CommandType='"Text"', CommandTimeout='30']
SELECT EXISTS (
    SELECT 1
    FROM "SysUser" AS "s")
2022-09-21 14:43:56.194 +08:00 [INF] Executed DbCommand (0ms) [Parameters=[], CommandType='"Text"', CommandTimeout='30']
SELECT EXISTS (
    SELECT 1
    FROM "SysRole" AS "s")
2022-09-21 14:43:56.199 +08:00 [INF] Executed DbCommand (0ms) [Parameters=[], CommandType='"Text"', CommandTimeout='30']
SELECT EXISTS (
    SELECT 1
    FROM "SysUserRole" AS "s")
2022-09-21 14:43:56.204 +08:00 [INF] Executed DbCommand (0ms) [Parameters=[], CommandType='"Text"', CommandTimeout='30']
SELECT EXISTS (
    SELECT 1
    FROM "SysMenu" AS "s")
2022-09-21 14:43:56.274 +08:00 [INF] User profile is available. Using 'C:\Users\longhaihua\AppData\Local\ASP.NET\DataProtection-Keys' as key repository and Windows DPAPI to encrypt keys at rest.
2022-09-21 14:43:56.410 +08:00 [INF] Now listening on: http://[::]:5135
2022-09-21 14:43:56.413 +08:00 [INF] Application started. Press Ctrl+C to shut down.
2022-09-21 14:43:56.414 +08:00 [INF] Hosting environment: Development
2022-09-21 14:43:56.415 +08:00 [INF] Content root path: C:\Users\longhaihua\Desktop\Dragon.Core\Dragon.Core.WebApi\
2022-09-21 14:43:57.267 +08:00 [INF] Request starting HTTP/1.1 GET http://localhost:5135/swagger - -
2022-09-21 14:43:57.634 +08:00 [INF] Request finished HTTP/1.1 GET http://localhost:5135/swagger - - - 404 - text/plain 371.4152ms
2022-09-21 14:44:03.580 +08:00 [INF] Request starting HTTP/1.1 GET http://localhost:5135/index - -
2022-09-21 14:44:03.583 +08:00 [INF] Request finished HTTP/1.1 GET http://localhost:5135/index - - - 404 - text/plain 2.8363ms
2022-09-21 14:44:16.959 +08:00 [INF] Request starting HTTP/1.1 GET http://localhost:5135/index.html - -
2022-09-21 14:44:17.101 +08:00 [INF] Request starting HTTP/1.1 GET http://localhost:5135/_vs/browserLink - -
2022-09-21 14:44:17.101 +08:00 [INF] Request starting HTTP/1.1 GET http://localhost:5135/_framework/aspnetcore-browser-refresh.js - -
2022-09-21 14:44:17.105 +08:00 [INF] Request finished HTTP/1.1 GET http://localhost:5135/index.html - - - 200 - text/html;charset=utf-8 145.3727ms
2022-09-21 14:44:17.107 +08:00 [INF] Request finished HTTP/1.1 GET http://localhost:5135/_framework/aspnetcore-browser-refresh.js - - - 200 12006 application/javascript;+charset=utf-8 5.7870ms
2022-09-21 14:44:17.129 +08:00 [INF] Request finished HTTP/1.1 GET http://localhost:5135/_vs/browserLink - - - 200 - text/javascript;+charset=UTF-8 27.2855ms
2022-09-21 14:44:17.192 +08:00 [INF] Request starting HTTP/1.1 GET http://localhost:5135/swagger/V1/swagger.json - -
2022-09-21 14:44:17.292 +08:00 [INF] Request finished HTTP/1.1 GET http://localhost:5135/swagger/V1/swagger.json - - - 200 - application/json;charset=utf-8 99.9385ms
2022-09-21 14:44:30.366 +08:00 [INF] Request starting HTTP/1.1 GET http://localhost:5135/swagger/index.html - -
2022-09-21 14:44:30.371 +08:00 [INF] Request finished HTTP/1.1 GET http://localhost:5135/swagger/index.html - - - 404 - text/plain 4.6714ms
2022-09-21 14:52:07.119 +08:00 [INF] Entity Framework Core 6.0.9 initialized 'EfDbContext' using provider 'Microsoft.EntityFrameworkCore.Sqlite:6.0.9' with options: MigrationsAssembly=DragonSea.Core.Data 
2022-09-21 14:52:07.277 +08:00 [INF] Executed DbCommand (14ms) [Parameters=[], CommandType='"Text"', CommandTimeout='30']
SELECT COUNT(*) FROM "sqlite_master" WHERE "type" = 'table' AND "rootpage" IS NOT NULL;
2022-09-21 14:52:07.589 +08:00 [INF] Executed DbCommand (1ms) [Parameters=[], CommandType='"Text"', CommandTimeout='30']
SELECT EXISTS (
    SELECT 1
    FROM "SysUser" AS "s")
2022-09-21 14:52:07.597 +08:00 [INF] Executed DbCommand (0ms) [Parameters=[], CommandType='"Text"', CommandTimeout='30']
SELECT EXISTS (
    SELECT 1
    FROM "SysRole" AS "s")
2022-09-21 14:52:07.600 +08:00 [INF] Executed DbCommand (0ms) [Parameters=[], CommandType='"Text"', CommandTimeout='30']
SELECT EXISTS (
    SELECT 1
    FROM "SysUserRole" AS "s")
2022-09-21 14:52:07.603 +08:00 [INF] Executed DbCommand (0ms) [Parameters=[], CommandType='"Text"', CommandTimeout='30']
SELECT EXISTS (
    SELECT 1
    FROM "SysMenu" AS "s")
2022-09-21 14:52:07.669 +08:00 [INF] User profile is available. Using 'C:\Users\longhaihua\AppData\Local\ASP.NET\DataProtection-Keys' as key repository and Windows DPAPI to encrypt keys at rest.
2022-09-21 14:52:07.830 +08:00 [INF] Now listening on: http://[::]:5135
2022-09-21 14:52:07.834 +08:00 [INF] Application started. Press Ctrl+C to shut down.
2022-09-21 14:52:07.835 +08:00 [INF] Hosting environment: Development
2022-09-21 14:52:07.836 +08:00 [INF] Content root path: C:\Users\longhaihua\Desktop\Dragon.Core\Dragon.Core.WebApi\
2022-09-21 14:52:09.018 +08:00 [INF] Request starting HTTP/1.1 GET http://localhost:5135/swagger - -
2022-09-21 14:52:09.406 +08:00 [INF] Request finished HTTP/1.1 GET http://localhost:5135/swagger - - - 301 0 - 392.4370ms
2022-09-21 14:52:09.417 +08:00 [INF] Request starting HTTP/1.1 GET http://localhost:5135/swagger/index.html - -
2022-09-21 14:52:09.573 +08:00 [INF] Request starting HTTP/1.1 GET http://localhost:5135/swagger/swagger-ui.css - -
2022-09-21 14:52:09.581 +08:00 [INF] Request finished HTTP/1.1 GET http://localhost:5135/swagger/index.html - - - 200 - text/html;charset=utf-8 163.5242ms
2022-09-21 14:52:09.583 +08:00 [INF] Request starting HTTP/1.1 GET http://localhost:5135/swagger/swagger-ui-standalone-preset.js - -
2022-09-21 14:52:09.583 +08:00 [INF] Request starting HTTP/1.1 GET http://localhost:5135/swagger/swagger-ui-bundle.js - -
2022-09-21 14:52:09.583 +08:00 [INF] Request starting HTTP/1.1 GET http://localhost:5135/_vs/browserLink - -
2022-09-21 14:52:09.584 +08:00 [INF] Request starting HTTP/1.1 GET http://localhost:5135/_framework/aspnetcore-browser-refresh.js - -
2022-09-21 14:52:09.597 +08:00 [INF] Request finished HTTP/1.1 GET http://localhost:5135/_framework/aspnetcore-browser-refresh.js - - - 200 12006 application/javascript;+charset=utf-8 13.3641ms
2022-09-21 14:52:09.619 +08:00 [INF] Sending file. Request path: '/swagger-ui.css'. Physical path: 'N/A'
2022-09-21 14:52:09.619 +08:00 [INF] Sending file. Request path: '/swagger-ui-standalone-preset.js'. Physical path: 'N/A'
2022-09-21 14:52:09.622 +08:00 [INF] Sending file. Request path: '/swagger-ui-bundle.js'. Physical path: 'N/A'
2022-09-21 14:52:09.623 +08:00 [INF] Request finished HTTP/1.1 GET http://localhost:5135/swagger/swagger-ui-standalone-preset.js - - - 200 337162 application/javascript 40.4655ms
2022-09-21 14:52:09.622 +08:00 [INF] Request finished HTTP/1.1 GET http://localhost:5135/swagger/swagger-ui.css - - - 200 143632 text/css 48.6348ms
2022-09-21 14:52:09.627 +08:00 [INF] Request finished HTTP/1.1 GET http://localhost:5135/swagger/swagger-ui-bundle.js - - - 200 1092889 application/javascript 43.7918ms
2022-09-21 14:52:09.632 +08:00 [INF] Request finished HTTP/1.1 GET http://localhost:5135/_vs/browserLink - - - 200 - text/javascript;+charset=UTF-8 49.1401ms
2022-09-21 14:52:09.769 +08:00 [INF] Request starting HTTP/1.1 GET http://localhost:5135/swagger/V1/swagger.json - -
2022-09-21 14:52:09.787 +08:00 [INF] Request starting HTTP/1.1 GET http://localhost:5135/swagger/favicon-32x32.png - -
2022-09-21 14:52:09.789 +08:00 [INF] Sending file. Request path: '/favicon-32x32.png'. Physical path: 'N/A'
2022-09-21 14:52:09.790 +08:00 [INF] Request finished HTTP/1.1 GET http://localhost:5135/swagger/favicon-32x32.png - - - 200 628 image/png 3.3069ms
2022-09-21 14:52:09.879 +08:00 [INF] Request finished HTTP/1.1 GET http://localhost:5135/swagger/V1/swagger.json - - - 200 - application/json;charset=utf-8 109.9809ms
