2022-10-24 08:43:04.663 +08:00 [INF] Entity Framework Core 6.0.10 initialized 'EfDbContext' using provider 'Microsoft.EntityFrameworkCore.Sqlite:6.0.9' with options: MigrationsAssembly=DragonSea.Core.Data 
2022-10-24 08:43:04.853 +08:00 [INF] Executed DbCommand (14ms) [Parameters=[], CommandType='"Text"', CommandTimeout='30']
SELECT COUNT(*) FROM "sqlite_master" WHERE "type" = 'table' AND "rootpage" IS NOT NULL;
2022-10-24 08:43:05.150 +08:00 [INF] Executed DbCommand (2ms) [Parameters=[], CommandType='"Text"', CommandTimeout='30']
SELECT EXISTS (
    SELECT 1
    FROM "SysUser" AS "s")
2022-10-24 08:43:05.159 +08:00 [INF] Executed DbCommand (0ms) [Parameters=[], CommandType='"Text"', CommandTimeout='30']
SELECT EXISTS (
    SELECT 1
    FROM "SysRole" AS "s")
2022-10-24 08:43:05.162 +08:00 [INF] Executed DbCommand (0ms) [Parameters=[], CommandType='"Text"', CommandTimeout='30']
SELECT EXISTS (
    SELECT 1
    FROM "SysUserRole" AS "s")
2022-10-24 08:43:05.165 +08:00 [INF] Executed DbCommand (0ms) [Parameters=[], CommandType='"Text"', CommandTimeout='30']
SELECT EXISTS (
    SELECT 1
    FROM "SysMenu" AS "s")
2022-10-24 08:43:05.246 +08:00 [INF] User profile is available. Using 'C:\Users\longhaihua\AppData\Local\ASP.NET\DataProtection-Keys' as key repository and Windows DPAPI to encrypt keys at rest.
2022-10-24 08:43:05.416 +08:00 [INF] Now listening on: http://[::]:5135
2022-10-24 08:43:05.420 +08:00 [INF] Application started. Press Ctrl+C to shut down.
2022-10-24 08:43:05.420 +08:00 [INF] Hosting environment: Development
2022-10-24 08:43:05.422 +08:00 [INF] Content root path: C:\Users\longhaihua\Desktop\Dragon.Core\dragon.core\Dragon.Core.WebApi\
2022-10-24 08:43:06.309 +08:00 [INF] Request starting HTTP/1.1 GET http://localhost:5135/index.html - -
2022-10-24 08:43:06.760 +08:00 [INF] Request starting HTTP/1.1 GET http://localhost:5135/_framework/aspnetcore-browser-refresh.js - -
2022-10-24 08:43:06.760 +08:00 [INF] Request starting HTTP/1.1 GET http://localhost:5135/_vs/browserLink - -
2022-10-24 08:43:06.771 +08:00 [INF] Request finished HTTP/1.1 GET http://localhost:5135/_framework/aspnetcore-browser-refresh.js - - - 200 12006 application/javascript;+charset=utf-8 4.9634ms
2022-10-24 08:43:06.778 +08:00 [INF] Request finished HTTP/1.1 GET http://localhost:5135/index.html - - - 200 - text/html;charset=utf-8 474.1154ms
2022-10-24 08:43:06.823 +08:00 [INF] Request finished HTTP/1.1 GET http://localhost:5135/_vs/browserLink - - - 200 - text/javascript;+charset=UTF-8 63.3320ms
2022-10-24 08:43:06.879 +08:00 [INF] Request starting HTTP/1.1 GET http://localhost:5135/swagger/V1/swagger.json - -
2022-10-24 08:43:07.110 +08:00 [INF] Request finished HTTP/1.1 GET http://localhost:5135/swagger/V1/swagger.json - - - 200 - application/json;charset=utf-8 231.2772ms
2022-10-24 08:43:36.954 +08:00 [INF] Request starting HTTP/1.1 POST http://localhost:5135/test1?name=malong%20malong - 0
2022-10-24 08:43:37.006 +08:00 [INF] CORS policy execution successful.
2022-10-24 08:43:37.081 +08:00 [INF] Executing endpoint 'Dragon.Core.WebApi.Controllers.WeatherForecastController.GetString (Dragon.Core.WebApi)'
2022-10-24 08:43:37.105 +08:00 [INF] Route matched with {action = "GetString", controller = "WeatherForecast"}. Executing controller action with signature System.Threading.Tasks.Task`1[System.String] GetString(System.String) on controller Dragon.Core.WebApi.Controllers.WeatherForecastController (Dragon.Core.WebApi).
2022-10-24 08:44:15.070 +08:00 [INF] Executing ObjectResult, writing value of type 'Dragon.Core.ViewModel.MessageModel'.
2022-10-24 08:44:15.227 +08:00 [INF] Executed action Dragon.Core.WebApi.Controllers.WeatherForecastController.GetString (Dragon.Core.WebApi) in 38115.3334ms
2022-10-24 08:44:15.232 +08:00 [INF] Executed endpoint 'Dragon.Core.WebApi.Controllers.WeatherForecastController.GetString (Dragon.Core.WebApi)'
2022-10-24 08:44:15.238 +08:00 [INF] Request finished HTTP/1.1 POST http://localhost:5135/test1?name=malong%20malong - 0 - 200 68 application/json;+charset=utf-8 38284.3498ms
2022-10-24 09:14:16.178 +08:00 [INF] Entity Framework Core 6.0.10 initialized 'EfDbContext' using provider 'Microsoft.EntityFrameworkCore.Sqlite:6.0.9' with options: MigrationsAssembly=DragonSea.Core.Data 
2022-10-24 09:14:16.327 +08:00 [INF] Executed DbCommand (14ms) [Parameters=[], CommandType='"Text"', CommandTimeout='30']
SELECT COUNT(*) FROM "sqlite_master" WHERE "type" = 'table' AND "rootpage" IS NOT NULL;
2022-10-24 09:14:16.638 +08:00 [INF] Executed DbCommand (1ms) [Parameters=[], CommandType='"Text"', CommandTimeout='30']
SELECT EXISTS (
    SELECT 1
    FROM "SysUser" AS "s")
2022-10-24 09:14:16.647 +08:00 [INF] Executed DbCommand (0ms) [Parameters=[], CommandType='"Text"', CommandTimeout='30']
SELECT EXISTS (
    SELECT 1
    FROM "SysRole" AS "s")
2022-10-24 09:14:16.650 +08:00 [INF] Executed DbCommand (0ms) [Parameters=[], CommandType='"Text"', CommandTimeout='30']
SELECT EXISTS (
    SELECT 1
    FROM "SysUserRole" AS "s")
2022-10-24 09:14:16.653 +08:00 [INF] Executed DbCommand (0ms) [Parameters=[], CommandType='"Text"', CommandTimeout='30']
SELECT EXISTS (
    SELECT 1
    FROM "SysMenu" AS "s")
2022-10-24 09:14:16.714 +08:00 [INF] User profile is available. Using 'C:\Users\longhaihua\AppData\Local\ASP.NET\DataProtection-Keys' as key repository and Windows DPAPI to encrypt keys at rest.
2022-10-24 09:14:16.886 +08:00 [INF] Now listening on: http://[::]:5135
2022-10-24 09:14:16.896 +08:00 [INF] Application started. Press Ctrl+C to shut down.
2022-10-24 09:14:16.898 +08:00 [INF] Hosting environment: Development
2022-10-24 09:14:16.899 +08:00 [INF] Content root path: C:\Users\longhaihua\Desktop\Dragon.Core\dragon.core\Dragon.Core.WebApi\
2022-10-24 09:14:17.808 +08:00 [INF] Request starting HTTP/1.1 GET http://localhost:5135/index.html - -
2022-10-24 09:14:18.090 +08:00 [INF] Request starting HTTP/1.1 GET http://localhost:5135/_vs/browserLink - -
2022-10-24 09:14:18.103 +08:00 [INF] Request finished HTTP/1.1 GET http://localhost:5135/index.html - - - 200 - text/html;charset=utf-8 298.4014ms
2022-10-24 09:14:18.115 +08:00 [INF] Request starting HTTP/1.1 GET http://localhost:5135/_framework/aspnetcore-browser-refresh.js - -
2022-10-24 09:14:18.119 +08:00 [INF] Request finished HTTP/1.1 GET http://localhost:5135/_framework/aspnetcore-browser-refresh.js - - - 200 12006 application/javascript;+charset=utf-8 3.8992ms
2022-10-24 09:14:18.124 +08:00 [INF] Request finished HTTP/1.1 GET http://localhost:5135/_vs/browserLink - - - 200 - text/javascript;+charset=UTF-8 33.6234ms
2022-10-24 09:14:18.190 +08:00 [INF] Request starting HTTP/1.1 GET http://localhost:5135/swagger/V1/swagger.json - -
2022-10-24 09:14:18.382 +08:00 [INF] Request finished HTTP/1.1 GET http://localhost:5135/swagger/V1/swagger.json - - - 200 - application/json;charset=utf-8 192.7149ms
2022-10-24 09:14:28.936 +08:00 [INF] Request starting HTTP/1.1 POST http://localhost:5135/test1?name=malong%20malong - 0
2022-10-24 09:14:28.984 +08:00 [INF] CORS policy execution successful.
2022-10-24 09:14:29.039 +08:00 [INF] Executing endpoint 'Dragon.Core.WebApi.Controllers.WeatherForecastController.GetString (Dragon.Core.WebApi)'
2022-10-24 09:14:29.059 +08:00 [INF] Route matched with {action = "GetString", controller = "WeatherForecast"}. Executing controller action with signature System.Threading.Tasks.Task`1[System.String] GetString(System.String) on controller Dragon.Core.WebApi.Controllers.WeatherForecastController (Dragon.Core.WebApi).
2022-10-24 09:14:50.346 +08:00 [INF] Executing ObjectResult, writing value of type 'System.String'.
2022-10-24 09:14:50.354 +08:00 [INF] Executed action Dragon.Core.WebApi.Controllers.WeatherForecastController.GetString (Dragon.Core.WebApi) in 21288.63ms
2022-10-24 09:14:50.357 +08:00 [INF] Executed endpoint 'Dragon.Core.WebApi.Controllers.WeatherForecastController.GetString (Dragon.Core.WebApi)'
2022-10-24 09:14:57.332 +08:00 [INF] Request finished HTTP/1.1 POST http://localhost:5135/test1?name=malong%20malong - 0 - 200 - text/plain;+charset=utf-8 28396.0811ms
2022-10-24 09:15:29.318 +08:00 [INF] Entity Framework Core 6.0.10 initialized 'EfDbContext' using provider 'Microsoft.EntityFrameworkCore.Sqlite:6.0.9' with options: MigrationsAssembly=DragonSea.Core.Data 
2022-10-24 09:15:29.471 +08:00 [INF] Executed DbCommand (14ms) [Parameters=[], CommandType='"Text"', CommandTimeout='30']
SELECT COUNT(*) FROM "sqlite_master" WHERE "type" = 'table' AND "rootpage" IS NOT NULL;
2022-10-24 09:15:29.809 +08:00 [INF] Executed DbCommand (1ms) [Parameters=[], CommandType='"Text"', CommandTimeout='30']
SELECT EXISTS (
    SELECT 1
    FROM "SysUser" AS "s")
2022-10-24 09:15:29.818 +08:00 [INF] Executed DbCommand (0ms) [Parameters=[], CommandType='"Text"', CommandTimeout='30']
SELECT EXISTS (
    SELECT 1
    FROM "SysRole" AS "s")
2022-10-24 09:15:29.820 +08:00 [INF] Executed DbCommand (0ms) [Parameters=[], CommandType='"Text"', CommandTimeout='30']
SELECT EXISTS (
    SELECT 1
    FROM "SysUserRole" AS "s")
2022-10-24 09:15:29.824 +08:00 [INF] Executed DbCommand (0ms) [Parameters=[], CommandType='"Text"', CommandTimeout='30']
SELECT EXISTS (
    SELECT 1
    FROM "SysMenu" AS "s")
2022-10-24 09:15:29.878 +08:00 [INF] User profile is available. Using 'C:\Users\longhaihua\AppData\Local\ASP.NET\DataProtection-Keys' as key repository and Windows DPAPI to encrypt keys at rest.
2022-10-24 09:15:29.996 +08:00 [INF] Now listening on: http://[::]:5135
2022-10-24 09:15:30.000 +08:00 [INF] Application started. Press Ctrl+C to shut down.
2022-10-24 09:15:30.001 +08:00 [INF] Hosting environment: Development
2022-10-24 09:15:30.002 +08:00 [INF] Content root path: C:\Users\longhaihua\Desktop\Dragon.Core\dragon.core\Dragon.Core.WebApi\
2022-10-24 09:15:30.513 +08:00 [INF] Request starting HTTP/1.1 GET http://localhost:5135/index.html - -
2022-10-24 09:15:30.795 +08:00 [INF] Request starting HTTP/1.1 GET http://localhost:5135/_framework/aspnetcore-browser-refresh.js - -
2022-10-24 09:15:30.800 +08:00 [INF] Request finished HTTP/1.1 GET http://localhost:5135/_framework/aspnetcore-browser-refresh.js - - - 200 12006 application/javascript;+charset=utf-8 3.8328ms
2022-10-24 09:15:30.803 +08:00 [INF] Request finished HTTP/1.1 GET http://localhost:5135/index.html - - - 200 - text/html;charset=utf-8 292.1751ms
2022-10-24 09:15:30.811 +08:00 [INF] Request starting HTTP/1.1 GET http://localhost:5135/_vs/browserLink - -
2022-10-24 09:15:30.843 +08:00 [INF] Request finished HTTP/1.1 GET http://localhost:5135/_vs/browserLink - - - 200 - text/javascript;+charset=UTF-8 31.9138ms
2022-10-24 09:15:30.894 +08:00 [INF] Request starting HTTP/1.1 GET http://localhost:5135/swagger/V1/swagger.json - -
2022-10-24 09:15:31.082 +08:00 [INF] Request finished HTTP/1.1 GET http://localhost:5135/swagger/V1/swagger.json - - - 200 - application/json;charset=utf-8 187.2231ms
2022-10-24 09:15:39.900 +08:00 [INF] Request starting HTTP/1.1 POST http://localhost:5135/test1?name=%E9%A9%AC%E9%BE%991024 - 0
2022-10-24 09:15:39.941 +08:00 [INF] CORS policy execution successful.
2022-10-24 09:15:39.987 +08:00 [INF] Executing endpoint 'Dragon.Core.WebApi.Controllers.WeatherForecastController.GetString (Dragon.Core.WebApi)'
2022-10-24 09:15:40.008 +08:00 [INF] Route matched with {action = "GetString", controller = "WeatherForecast"}. Executing controller action with signature System.Threading.Tasks.Task`1[System.String] GetString(System.String) on controller Dragon.Core.WebApi.Controllers.WeatherForecastController (Dragon.Core.WebApi).
2022-10-24 09:15:51.568 +08:00 [INF] Executing ObjectResult, writing value of type 'Dragon.Core.ViewModel.MessageModel'.
2022-10-24 09:15:51.721 +08:00 [INF] Executed action Dragon.Core.WebApi.Controllers.WeatherForecastController.GetString (Dragon.Core.WebApi) in 11705.8756ms
2022-10-24 09:15:51.724 +08:00 [INF] Executed endpoint 'Dragon.Core.WebApi.Controllers.WeatherForecastController.GetString (Dragon.Core.WebApi)'
2022-10-24 09:15:51.730 +08:00 [INF] Request finished HTTP/1.1 POST http://localhost:5135/test1?name=%E9%A9%AC%E9%BE%991024 - 0 - 200 65 application/json;+charset=utf-8 11829.4844ms
2022-10-24 09:16:16.544 +08:00 [INF] Entity Framework Core 6.0.10 initialized 'EfDbContext' using provider 'Microsoft.EntityFrameworkCore.Sqlite:6.0.9' with options: MigrationsAssembly=DragonSea.Core.Data 
2022-10-24 09:16:16.684 +08:00 [INF] Executed DbCommand (12ms) [Parameters=[], CommandType='"Text"', CommandTimeout='30']
SELECT COUNT(*) FROM "sqlite_master" WHERE "type" = 'table' AND "rootpage" IS NOT NULL;
2022-10-24 09:16:16.970 +08:00 [INF] Executed DbCommand (1ms) [Parameters=[], CommandType='"Text"', CommandTimeout='30']
SELECT EXISTS (
    SELECT 1
    FROM "SysUser" AS "s")
2022-10-24 09:16:16.980 +08:00 [INF] Executed DbCommand (0ms) [Parameters=[], CommandType='"Text"', CommandTimeout='30']
SELECT EXISTS (
    SELECT 1
    FROM "SysRole" AS "s")
2022-10-24 09:16:16.983 +08:00 [INF] Executed DbCommand (0ms) [Parameters=[], CommandType='"Text"', CommandTimeout='30']
SELECT EXISTS (
    SELECT 1
    FROM "SysUserRole" AS "s")
2022-10-24 09:16:16.986 +08:00 [INF] Executed DbCommand (0ms) [Parameters=[], CommandType='"Text"', CommandTimeout='30']
SELECT EXISTS (
    SELECT 1
    FROM "SysMenu" AS "s")
2022-10-24 09:16:17.036 +08:00 [INF] User profile is available. Using 'C:\Users\longhaihua\AppData\Local\ASP.NET\DataProtection-Keys' as key repository and Windows DPAPI to encrypt keys at rest.
2022-10-24 09:16:17.146 +08:00 [INF] Now listening on: http://[::]:5135
2022-10-24 09:16:17.149 +08:00 [INF] Application started. Press Ctrl+C to shut down.
2022-10-24 09:16:17.150 +08:00 [INF] Hosting environment: Development
2022-10-24 09:16:17.151 +08:00 [INF] Content root path: C:\Users\longhaihua\Desktop\Dragon.Core\dragon.core\Dragon.Core.WebApi\
2022-10-24 09:16:18.101 +08:00 [INF] Request starting HTTP/1.1 GET http://localhost:5135/index.html - -
2022-10-24 09:16:18.369 +08:00 [INF] Request starting HTTP/1.1 GET http://localhost:5135/_framework/aspnetcore-browser-refresh.js - -
2022-10-24 09:16:18.369 +08:00 [INF] Request starting HTTP/1.1 GET http://localhost:5135/_vs/browserLink - -
2022-10-24 09:16:18.380 +08:00 [INF] Request finished HTTP/1.1 GET http://localhost:5135/_framework/aspnetcore-browser-refresh.js - - - 200 12006 application/javascript;+charset=utf-8 5.7033ms
2022-10-24 09:16:18.384 +08:00 [INF] Request finished HTTP/1.1 GET http://localhost:5135/index.html - - - 200 - text/html;charset=utf-8 285.6678ms
2022-10-24 09:16:18.404 +08:00 [INF] Request finished HTTP/1.1 GET http://localhost:5135/_vs/browserLink - - - 200 - text/javascript;+charset=UTF-8 34.8349ms
2022-10-24 09:16:18.464 +08:00 [INF] Request starting HTTP/1.1 GET http://localhost:5135/swagger/V1/swagger.json - -
2022-10-24 09:16:18.661 +08:00 [INF] Request finished HTTP/1.1 GET http://localhost:5135/swagger/V1/swagger.json - - - 200 - application/json;charset=utf-8 196.3858ms
2022-10-24 09:16:33.941 +08:00 [INF] Request starting HTTP/1.1 POST http://localhost:5135/test1?name=%E9%99%88%E5%9F%B9%E5%85%B5 - 0
2022-10-24 09:16:33.983 +08:00 [INF] CORS policy execution successful.
2022-10-24 09:16:34.030 +08:00 [INF] Executing endpoint 'Dragon.Core.WebApi.Controllers.WeatherForecastController.GetString (Dragon.Core.WebApi)'
2022-10-24 09:16:34.050 +08:00 [INF] Route matched with {action = "GetString", controller = "WeatherForecast"}. Executing controller action with signature System.Threading.Tasks.Task`1[System.String] GetString(System.String) on controller Dragon.Core.WebApi.Controllers.WeatherForecastController (Dragon.Core.WebApi).
2022-10-24 09:16:59.420 +08:00 [INF] Entity Framework Core 6.0.10 initialized 'EfDbContext' using provider 'Microsoft.EntityFrameworkCore.Sqlite:6.0.9' with options: MigrationsAssembly=DragonSea.Core.Data 
2022-10-24 09:16:59.564 +08:00 [INF] Executed DbCommand (15ms) [Parameters=[], CommandType='"Text"', CommandTimeout='30']
SELECT COUNT(*) FROM "sqlite_master" WHERE "type" = 'table' AND "rootpage" IS NOT NULL;
2022-10-24 09:16:59.891 +08:00 [INF] Executed DbCommand (1ms) [Parameters=[], CommandType='"Text"', CommandTimeout='30']
SELECT EXISTS (
    SELECT 1
    FROM "SysUser" AS "s")
2022-10-24 09:16:59.900 +08:00 [INF] Executed DbCommand (0ms) [Parameters=[], CommandType='"Text"', CommandTimeout='30']
SELECT EXISTS (
    SELECT 1
    FROM "SysRole" AS "s")
2022-10-24 09:16:59.903 +08:00 [INF] Executed DbCommand (0ms) [Parameters=[], CommandType='"Text"', CommandTimeout='30']
SELECT EXISTS (
    SELECT 1
    FROM "SysUserRole" AS "s")
2022-10-24 09:16:59.906 +08:00 [INF] Executed DbCommand (0ms) [Parameters=[], CommandType='"Text"', CommandTimeout='30']
SELECT EXISTS (
    SELECT 1
    FROM "SysMenu" AS "s")
2022-10-24 09:16:59.955 +08:00 [INF] User profile is available. Using 'C:\Users\longhaihua\AppData\Local\ASP.NET\DataProtection-Keys' as key repository and Windows DPAPI to encrypt keys at rest.
2022-10-24 09:17:00.071 +08:00 [INF] Now listening on: http://[::]:5135
2022-10-24 09:17:00.074 +08:00 [INF] Application started. Press Ctrl+C to shut down.
2022-10-24 09:17:00.075 +08:00 [INF] Hosting environment: Development
2022-10-24 09:17:00.076 +08:00 [INF] Content root path: C:\Users\longhaihua\Desktop\Dragon.Core\dragon.core\Dragon.Core.WebApi\
2022-10-24 09:17:00.604 +08:00 [INF] Request starting HTTP/1.1 GET http://localhost:5135/index.html - -
2022-10-24 09:17:00.897 +08:00 [INF] Request starting HTTP/1.1 GET http://localhost:5135/_framework/aspnetcore-browser-refresh.js - -
2022-10-24 09:17:00.897 +08:00 [INF] Request starting HTTP/1.1 GET http://localhost:5135/_vs/browserLink - -
2022-10-24 09:17:00.903 +08:00 [INF] Request finished HTTP/1.1 GET http://localhost:5135/_framework/aspnetcore-browser-refresh.js - - - 200 12006 application/javascript;+charset=utf-8 5.3687ms
2022-10-24 09:17:00.916 +08:00 [INF] Request finished HTTP/1.1 GET http://localhost:5135/index.html - - - 200 - text/html;charset=utf-8 315.3577ms
2022-10-24 09:17:00.932 +08:00 [INF] Request finished HTTP/1.1 GET http://localhost:5135/_vs/browserLink - - - 200 - text/javascript;+charset=UTF-8 35.4259ms
2022-10-24 09:17:00.993 +08:00 [INF] Request starting HTTP/1.1 GET http://localhost:5135/swagger/V1/swagger.json - -
2022-10-24 09:17:01.185 +08:00 [INF] Request finished HTTP/1.1 GET http://localhost:5135/swagger/V1/swagger.json - - - 200 - application/json;charset=utf-8 191.5978ms
2022-10-24 09:17:24.858 +08:00 [INF] Request starting HTTP/1.1 POST http://localhost:5135/test1?name=%E9%99%88%E5%9F%B9%E5%85%B5 - 0
2022-10-24 09:17:24.897 +08:00 [INF] CORS policy execution successful.
2022-10-24 09:17:24.943 +08:00 [INF] Executing endpoint 'Dragon.Core.WebApi.Controllers.WeatherForecastController.GetString (Dragon.Core.WebApi)'
2022-10-24 09:17:24.962 +08:00 [INF] Route matched with {action = "GetString", controller = "WeatherForecast"}. Executing controller action with signature System.Threading.Tasks.Task`1[System.String] GetString(System.String) on controller Dragon.Core.WebApi.Controllers.WeatherForecastController (Dragon.Core.WebApi).
2022-10-24 09:17:34.184 +08:00 [INF] Executing ObjectResult, writing value of type 'Dragon.Core.ViewModel.MessageModel'.
2022-10-24 09:17:34.307 +08:00 [INF] Executed action Dragon.Core.WebApi.Controllers.WeatherForecastController.GetString (Dragon.Core.WebApi) in 9338.8043ms
2022-10-24 09:17:34.310 +08:00 [INF] Executed endpoint 'Dragon.Core.WebApi.Controllers.WeatherForecastController.GetString (Dragon.Core.WebApi)'
2022-10-24 09:17:34.316 +08:00 [INF] Request finished HTTP/1.1 POST http://localhost:5135/test1?name=%E9%99%88%E5%9F%B9%E5%85%B5 - 0 - 200 64 application/json;+charset=utf-8 9457.4303ms
2022-10-24 09:18:50.321 +08:00 [INF] Entity Framework Core 6.0.10 initialized 'EfDbContext' using provider 'Microsoft.EntityFrameworkCore.Sqlite:6.0.9' with options: MigrationsAssembly=DragonSea.Core.Data 
2022-10-24 09:18:50.455 +08:00 [INF] Executed DbCommand (12ms) [Parameters=[], CommandType='"Text"', CommandTimeout='30']
SELECT COUNT(*) FROM "sqlite_master" WHERE "type" = 'table' AND "rootpage" IS NOT NULL;
2022-10-24 09:18:50.750 +08:00 [INF] Executed DbCommand (1ms) [Parameters=[], CommandType='"Text"', CommandTimeout='30']
SELECT EXISTS (
    SELECT 1
    FROM "SysUser" AS "s")
2022-10-24 09:18:50.758 +08:00 [INF] Executed DbCommand (0ms) [Parameters=[], CommandType='"Text"', CommandTimeout='30']
SELECT EXISTS (
    SELECT 1
    FROM "SysRole" AS "s")
2022-10-24 09:18:50.762 +08:00 [INF] Executed DbCommand (0ms) [Parameters=[], CommandType='"Text"', CommandTimeout='30']
SELECT EXISTS (
    SELECT 1
    FROM "SysUserRole" AS "s")
2022-10-24 09:18:50.765 +08:00 [INF] Executed DbCommand (0ms) [Parameters=[], CommandType='"Text"', CommandTimeout='30']
SELECT EXISTS (
    SELECT 1
    FROM "SysMenu" AS "s")
2022-10-24 09:18:50.815 +08:00 [INF] User profile is available. Using 'C:\Users\longhaihua\AppData\Local\ASP.NET\DataProtection-Keys' as key repository and Windows DPAPI to encrypt keys at rest.
2022-10-24 09:18:50.925 +08:00 [INF] Now listening on: http://[::]:5135
2022-10-24 09:18:50.929 +08:00 [INF] Application started. Press Ctrl+C to shut down.
2022-10-24 09:18:50.930 +08:00 [INF] Hosting environment: Development
2022-10-24 09:18:50.931 +08:00 [INF] Content root path: C:\Users\longhaihua\Desktop\Dragon.Core\dragon.core\Dragon.Core.WebApi\
2022-10-24 09:18:51.534 +08:00 [INF] Request starting HTTP/1.1 GET http://localhost:5135/index.html - -
2022-10-24 09:18:51.806 +08:00 [INF] Request starting HTTP/1.1 GET http://localhost:5135/_framework/aspnetcore-browser-refresh.js - -
2022-10-24 09:18:51.813 +08:00 [INF] Request finished HTTP/1.1 GET http://localhost:5135/_framework/aspnetcore-browser-refresh.js - - - 200 12006 application/javascript;+charset=utf-8 6.3272ms
2022-10-24 09:18:51.815 +08:00 [INF] Request finished HTTP/1.1 GET http://localhost:5135/index.html - - - 200 - text/html;charset=utf-8 283.5601ms
2022-10-24 09:18:51.823 +08:00 [INF] Request starting HTTP/1.1 GET http://localhost:5135/_vs/browserLink - -
2022-10-24 09:18:51.855 +08:00 [INF] Request finished HTTP/1.1 GET http://localhost:5135/_vs/browserLink - - - 200 - text/javascript;+charset=UTF-8 31.8369ms
2022-10-24 09:18:51.898 +08:00 [INF] Request starting HTTP/1.1 GET http://localhost:5135/swagger/V1/swagger.json - -
2022-10-24 09:18:52.093 +08:00 [INF] Request finished HTTP/1.1 GET http://localhost:5135/swagger/V1/swagger.json - - - 200 - application/json;charset=utf-8 195.2340ms
2022-10-24 09:19:04.508 +08:00 [INF] Request starting HTTP/1.1 POST http://localhost:5135/test1?name=0000 - 0
2022-10-24 09:19:04.550 +08:00 [INF] CORS policy execution successful.
2022-10-24 09:19:04.598 +08:00 [INF] Executing endpoint 'Dragon.Core.WebApi.Controllers.WeatherForecastController.GetString (Dragon.Core.WebApi)'
2022-10-24 09:19:04.617 +08:00 [INF] Route matched with {action = "GetString", controller = "WeatherForecast"}. Executing controller action with signature System.Threading.Tasks.Task`1[Microsoft.AspNetCore.Mvc.IActionResult] GetString(System.String) on controller Dragon.Core.WebApi.Controllers.WeatherForecastController (Dragon.Core.WebApi).
2022-10-24 09:19:09.071 +08:00 [INF] Executing OkObjectResult, writing value of type 'System.String'.
2022-10-24 09:19:09.078 +08:00 [INF] Executed action Dragon.Core.WebApi.Controllers.WeatherForecastController.GetString (Dragon.Core.WebApi) in 4454.9896ms
2022-10-24 09:19:09.081 +08:00 [INF] Executed endpoint 'Dragon.Core.WebApi.Controllers.WeatherForecastController.GetString (Dragon.Core.WebApi)'
2022-10-24 09:19:09.087 +08:00 [INF] Request finished HTTP/1.1 POST http://localhost:5135/test1?name=0000 - 0 - 200 - text/plain;+charset=utf-8 4579.0305ms
2022-10-24 09:19:55.287 +08:00 [INF] Entity Framework Core 6.0.10 initialized 'EfDbContext' using provider 'Microsoft.EntityFrameworkCore.Sqlite:6.0.9' with options: MigrationsAssembly=DragonSea.Core.Data 
2022-10-24 09:19:55.424 +08:00 [INF] Executed DbCommand (12ms) [Parameters=[], CommandType='"Text"', CommandTimeout='30']
SELECT COUNT(*) FROM "sqlite_master" WHERE "type" = 'table' AND "rootpage" IS NOT NULL;
2022-10-24 09:19:55.720 +08:00 [INF] Executed DbCommand (1ms) [Parameters=[], CommandType='"Text"', CommandTimeout='30']
SELECT EXISTS (
    SELECT 1
    FROM "SysUser" AS "s")
2022-10-24 09:19:55.729 +08:00 [INF] Executed DbCommand (0ms) [Parameters=[], CommandType='"Text"', CommandTimeout='30']
SELECT EXISTS (
    SELECT 1
    FROM "SysRole" AS "s")
2022-10-24 09:19:55.732 +08:00 [INF] Executed DbCommand (0ms) [Parameters=[], CommandType='"Text"', CommandTimeout='30']
SELECT EXISTS (
    SELECT 1
    FROM "SysUserRole" AS "s")
2022-10-24 09:19:55.735 +08:00 [INF] Executed DbCommand (0ms) [Parameters=[], CommandType='"Text"', CommandTimeout='30']
SELECT EXISTS (
    SELECT 1
    FROM "SysMenu" AS "s")
2022-10-24 09:19:55.785 +08:00 [INF] User profile is available. Using 'C:\Users\longhaihua\AppData\Local\ASP.NET\DataProtection-Keys' as key repository and Windows DPAPI to encrypt keys at rest.
2022-10-24 09:19:55.918 +08:00 [INF] Now listening on: http://[::]:5135
2022-10-24 09:19:55.921 +08:00 [INF] Application started. Press Ctrl+C to shut down.
2022-10-24 09:19:55.923 +08:00 [INF] Hosting environment: Development
2022-10-24 09:19:55.924 +08:00 [INF] Content root path: C:\Users\longhaihua\Desktop\Dragon.Core\dragon.core\Dragon.Core.WebApi\
2022-10-24 09:19:56.710 +08:00 [INF] Request starting HTTP/1.1 GET http://localhost:5135/index.html - -
2022-10-24 09:19:57.001 +08:00 [INF] Request starting HTTP/1.1 GET http://localhost:5135/_framework/aspnetcore-browser-refresh.js - -
2022-10-24 09:19:57.007 +08:00 [INF] Request finished HTTP/1.1 GET http://localhost:5135/_framework/aspnetcore-browser-refresh.js - - - 200 12006 application/javascript;+charset=utf-8 4.6015ms
2022-10-24 09:19:57.010 +08:00 [INF] Request finished HTTP/1.1 GET http://localhost:5135/index.html - - - 200 - text/html;charset=utf-8 303.3360ms
2022-10-24 09:19:57.018 +08:00 [INF] Request starting HTTP/1.1 GET http://localhost:5135/_vs/browserLink - -
2022-10-24 09:19:57.054 +08:00 [INF] Request finished HTTP/1.1 GET http://localhost:5135/_vs/browserLink - - - 200 - text/javascript;+charset=UTF-8 36.6083ms
2022-10-24 09:19:57.110 +08:00 [INF] Request starting HTTP/1.1 GET http://localhost:5135/swagger/V1/swagger.json - -
2022-10-24 09:19:57.307 +08:00 [INF] Request finished HTTP/1.1 GET http://localhost:5135/swagger/V1/swagger.json - - - 200 - application/json;charset=utf-8 197.4612ms
2022-10-24 09:20:13.856 +08:00 [INF] Request starting HTTP/1.1 POST http://localhost:5135/test1?name=00000 - 0
2022-10-24 09:20:13.899 +08:00 [INF] CORS policy execution successful.
2022-10-24 09:20:13.945 +08:00 [INF] Executing endpoint 'Dragon.Core.WebApi.Controllers.WeatherForecastController.GetString (Dragon.Core.WebApi)'
2022-10-24 09:20:13.965 +08:00 [INF] Route matched with {action = "GetString", controller = "WeatherForecast"}. Executing controller action with signature System.Threading.Tasks.Task`1[Microsoft.AspNetCore.Mvc.IActionResult] GetString(System.String) on controller Dragon.Core.WebApi.Controllers.WeatherForecastController (Dragon.Core.WebApi).
2022-10-24 09:20:16.586 +08:00 [INF] Executing NotFoundObjectResult, writing value of type 'System.String'.
2022-10-24 09:20:16.594 +08:00 [INF] Executed action Dragon.Core.WebApi.Controllers.WeatherForecastController.GetString (Dragon.Core.WebApi) in 2621.9737ms
2022-10-24 09:20:16.596 +08:00 [INF] Executed endpoint 'Dragon.Core.WebApi.Controllers.WeatherForecastController.GetString (Dragon.Core.WebApi)'
2022-10-24 09:20:16.602 +08:00 [INF] Request finished HTTP/1.1 POST http://localhost:5135/test1?name=00000 - 0 - 404 - text/plain;+charset=utf-8 2746.3824ms
2022-10-24 09:20:47.212 +08:00 [INF] Entity Framework Core 6.0.10 initialized 'EfDbContext' using provider 'Microsoft.EntityFrameworkCore.Sqlite:6.0.9' with options: MigrationsAssembly=DragonSea.Core.Data 
2022-10-24 09:20:47.349 +08:00 [INF] Executed DbCommand (12ms) [Parameters=[], CommandType='"Text"', CommandTimeout='30']
SELECT COUNT(*) FROM "sqlite_master" WHERE "type" = 'table' AND "rootpage" IS NOT NULL;
2022-10-24 09:20:47.639 +08:00 [INF] Executed DbCommand (1ms) [Parameters=[], CommandType='"Text"', CommandTimeout='30']
SELECT EXISTS (
    SELECT 1
    FROM "SysUser" AS "s")
2022-10-24 09:20:47.648 +08:00 [INF] Executed DbCommand (0ms) [Parameters=[], CommandType='"Text"', CommandTimeout='30']
SELECT EXISTS (
    SELECT 1
    FROM "SysRole" AS "s")
2022-10-24 09:20:47.651 +08:00 [INF] Executed DbCommand (0ms) [Parameters=[], CommandType='"Text"', CommandTimeout='30']
SELECT EXISTS (
    SELECT 1
    FROM "SysUserRole" AS "s")
2022-10-24 09:20:47.654 +08:00 [INF] Executed DbCommand (0ms) [Parameters=[], CommandType='"Text"', CommandTimeout='30']
SELECT EXISTS (
    SELECT 1
    FROM "SysMenu" AS "s")
2022-10-24 09:20:47.748 +08:00 [INF] User profile is available. Using 'C:\Users\longhaihua\AppData\Local\ASP.NET\DataProtection-Keys' as key repository and Windows DPAPI to encrypt keys at rest.
2022-10-24 09:20:47.872 +08:00 [INF] Now listening on: http://[::]:5135
2022-10-24 09:20:47.875 +08:00 [INF] Application started. Press Ctrl+C to shut down.
2022-10-24 09:20:47.876 +08:00 [INF] Hosting environment: Development
2022-10-24 09:20:47.877 +08:00 [INF] Content root path: C:\Users\longhaihua\Desktop\Dragon.Core\dragon.core\Dragon.Core.WebApi\
2022-10-24 09:20:48.848 +08:00 [INF] Request starting HTTP/1.1 GET http://localhost:5135/index.html - -
2022-10-24 09:20:49.141 +08:00 [INF] Request starting HTTP/1.1 GET http://localhost:5135/_vs/browserLink - -
2022-10-24 09:20:49.141 +08:00 [INF] Request starting HTTP/1.1 GET http://localhost:5135/_framework/aspnetcore-browser-refresh.js - -
2022-10-24 09:20:49.151 +08:00 [INF] Request finished HTTP/1.1 GET http://localhost:5135/_framework/aspnetcore-browser-refresh.js - - - 200 12006 application/javascript;+charset=utf-8 7.3994ms
2022-10-24 09:20:49.159 +08:00 [INF] Request finished HTTP/1.1 GET http://localhost:5135/index.html - - - 200 - text/html;charset=utf-8 313.9685ms
2022-10-24 09:20:49.173 +08:00 [INF] Request finished HTTP/1.1 GET http://localhost:5135/_vs/browserLink - - - 200 - text/javascript;+charset=UTF-8 31.2793ms
2022-10-24 09:20:49.242 +08:00 [INF] Request starting HTTP/1.1 GET http://localhost:5135/swagger/V1/swagger.json - -
2022-10-24 09:20:49.428 +08:00 [INF] Request finished HTTP/1.1 GET http://localhost:5135/swagger/V1/swagger.json - - - 200 - application/json;charset=utf-8 185.7141ms
2022-10-24 09:20:59.035 +08:00 [INF] Request starting HTTP/1.1 POST http://localhost:5135/test1?name=00000 - 0
2022-10-24 09:20:59.078 +08:00 [INF] CORS policy execution successful.
2022-10-24 09:20:59.126 +08:00 [INF] Executing endpoint 'Dragon.Core.WebApi.Controllers.WeatherForecastController.GetString (Dragon.Core.WebApi)'
2022-10-24 09:20:59.146 +08:00 [INF] Route matched with {action = "GetString", controller = "WeatherForecast"}. Executing controller action with signature System.Threading.Tasks.Task`1[Microsoft.AspNetCore.Mvc.IActionResult] GetString(System.String) on controller Dragon.Core.WebApi.Controllers.WeatherForecastController (Dragon.Core.WebApi).
2022-10-24 09:21:02.652 +08:00 [INF] Executing ObjectResult, writing value of type 'Dragon.Core.ViewModel.MessageModel'.
2022-10-24 09:21:02.758 +08:00 [INF] Executed action Dragon.Core.WebApi.Controllers.WeatherForecastController.GetString (Dragon.Core.WebApi) in 3603.0024ms
2022-10-24 09:21:02.762 +08:00 [INF] Executed endpoint 'Dragon.Core.WebApi.Controllers.WeatherForecastController.GetString (Dragon.Core.WebApi)'
2022-10-24 09:21:02.768 +08:00 [INF] Request finished HTTP/1.1 POST http://localhost:5135/test1?name=00000 - 0 - 200 60 application/json;+charset=utf-8 3733.2802ms
2022-10-24 09:21:38.442 +08:00 [INF] Request starting HTTP/1.1 POST http://localhost:5135/test1?name=00000 - 0
2022-10-24 09:21:38.444 +08:00 [INF] CORS policy execution successful.
2022-10-24 09:21:38.445 +08:00 [INF] Executing endpoint 'Dragon.Core.WebApi.Controllers.WeatherForecastController.GetString (Dragon.Core.WebApi)'
2022-10-24 09:21:38.446 +08:00 [INF] Route matched with {action = "GetString", controller = "WeatherForecast"}. Executing controller action with signature System.Threading.Tasks.Task`1[Microsoft.AspNetCore.Mvc.IActionResult] GetString(System.String) on controller Dragon.Core.WebApi.Controllers.WeatherForecastController (Dragon.Core.WebApi).
2022-10-24 09:23:42.000 +08:00 [INF] Entity Framework Core 6.0.10 initialized 'EfDbContext' using provider 'Microsoft.EntityFrameworkCore.Sqlite:6.0.9' with options: MigrationsAssembly=DragonSea.Core.Data 
2022-10-24 09:23:42.129 +08:00 [INF] Executed DbCommand (12ms) [Parameters=[], CommandType='"Text"', CommandTimeout='30']
SELECT COUNT(*) FROM "sqlite_master" WHERE "type" = 'table' AND "rootpage" IS NOT NULL;
2022-10-24 09:23:42.415 +08:00 [INF] Executed DbCommand (1ms) [Parameters=[], CommandType='"Text"', CommandTimeout='30']
SELECT EXISTS (
    SELECT 1
    FROM "SysUser" AS "s")
2022-10-24 09:23:42.424 +08:00 [INF] Executed DbCommand (0ms) [Parameters=[], CommandType='"Text"', CommandTimeout='30']
SELECT EXISTS (
    SELECT 1
    FROM "SysRole" AS "s")
2022-10-24 09:23:42.427 +08:00 [INF] Executed DbCommand (0ms) [Parameters=[], CommandType='"Text"', CommandTimeout='30']
SELECT EXISTS (
    SELECT 1
    FROM "SysUserRole" AS "s")
2022-10-24 09:23:42.430 +08:00 [INF] Executed DbCommand (0ms) [Parameters=[], CommandType='"Text"', CommandTimeout='30']
SELECT EXISTS (
    SELECT 1
    FROM "SysMenu" AS "s")
2022-10-24 09:23:42.481 +08:00 [INF] User profile is available. Using 'C:\Users\longhaihua\AppData\Local\ASP.NET\DataProtection-Keys' as key repository and Windows DPAPI to encrypt keys at rest.
2022-10-24 09:23:42.592 +08:00 [INF] Now listening on: http://[::]:5135
2022-10-24 09:23:42.596 +08:00 [INF] Application started. Press Ctrl+C to shut down.
2022-10-24 09:23:42.597 +08:00 [INF] Hosting environment: Development
2022-10-24 09:23:42.598 +08:00 [INF] Content root path: C:\Users\longhaihua\Desktop\Dragon.Core\dragon.core\Dragon.Core.WebApi\
2022-10-24 09:23:43.225 +08:00 [INF] Request starting HTTP/1.1 GET http://localhost:5135/index.html - -
2022-10-24 09:23:43.506 +08:00 [INF] Request starting HTTP/1.1 GET http://localhost:5135/_framework/aspnetcore-browser-refresh.js - -
2022-10-24 09:23:43.511 +08:00 [INF] Request finished HTTP/1.1 GET http://localhost:5135/_framework/aspnetcore-browser-refresh.js - - - 200 12006 application/javascript;+charset=utf-8 4.0939ms
2022-10-24 09:23:43.512 +08:00 [INF] Request finished HTTP/1.1 GET http://localhost:5135/index.html - - - 200 - text/html;charset=utf-8 290.9570ms
2022-10-24 09:23:43.520 +08:00 [INF] Request starting HTTP/1.1 GET http://localhost:5135/_vs/browserLink - -
2022-10-24 09:23:43.548 +08:00 [INF] Request finished HTTP/1.1 GET http://localhost:5135/_vs/browserLink - - - 200 - text/javascript;+charset=UTF-8 28.3066ms
2022-10-24 09:23:43.602 +08:00 [INF] Request starting HTTP/1.1 GET http://localhost:5135/swagger/V1/swagger.json - -
2022-10-24 09:23:43.808 +08:00 [INF] Request finished HTTP/1.1 GET http://localhost:5135/swagger/V1/swagger.json - - - 200 - application/json;charset=utf-8 206.0791ms
2022-10-24 09:23:57.336 +08:00 [INF] Request starting HTTP/1.1 POST http://localhost:5135/test2?name=0000 - 0
2022-10-24 09:23:57.380 +08:00 [INF] CORS policy execution successful.
2022-10-24 09:23:57.445 +08:00 [INF] Executing endpoint 'Dragon.Core.WebApi.Controllers.WeatherForecastController.Test (Dragon.Core.WebApi)'
2022-10-24 09:23:57.462 +08:00 [INF] Route matched with {action = "Test", controller = "WeatherForecast"}. Executing controller action with signature Dragon.Core.ViewModel.MessageModel Test(System.String) on controller Dragon.Core.WebApi.Controllers.WeatherForecastController (Dragon.Core.WebApi).
2022-10-24 09:24:47.192 +08:00 [INF] Executing ObjectResult, writing value of type 'Dragon.Core.ViewModel.MessageModel'.
2022-10-24 09:24:47.306 +08:00 [INF] Executed action Dragon.Core.WebApi.Controllers.WeatherForecastController.Test (Dragon.Core.WebApi) in 49837.9239ms
2022-10-24 09:24:47.308 +08:00 [INF] Executed endpoint 'Dragon.Core.WebApi.Controllers.WeatherForecastController.Test (Dragon.Core.WebApi)'
2022-10-24 09:24:47.311 +08:00 [INF] Request finished HTTP/1.1 POST http://localhost:5135/test2?name=0000 - 0 - 200 59 application/json;+charset=utf-8 49976.3278ms
2022-10-24 09:28:38.131 +08:00 [INF] Entity Framework Core 6.0.10 initialized 'EfDbContext' using provider 'Microsoft.EntityFrameworkCore.Sqlite:6.0.9' with options: MigrationsAssembly=DragonSea.Core.Data 
2022-10-24 09:28:38.266 +08:00 [INF] Executed DbCommand (12ms) [Parameters=[], CommandType='"Text"', CommandTimeout='30']
SELECT COUNT(*) FROM "sqlite_master" WHERE "type" = 'table' AND "rootpage" IS NOT NULL;
2022-10-24 09:28:38.566 +08:00 [INF] Executed DbCommand (1ms) [Parameters=[], CommandType='"Text"', CommandTimeout='30']
SELECT EXISTS (
    SELECT 1
    FROM "SysUser" AS "s")
2022-10-24 09:28:38.576 +08:00 [INF] Executed DbCommand (0ms) [Parameters=[], CommandType='"Text"', CommandTimeout='30']
SELECT EXISTS (
    SELECT 1
    FROM "SysRole" AS "s")
2022-10-24 09:28:38.578 +08:00 [INF] Executed DbCommand (0ms) [Parameters=[], CommandType='"Text"', CommandTimeout='30']
SELECT EXISTS (
    SELECT 1
    FROM "SysUserRole" AS "s")
2022-10-24 09:28:38.581 +08:00 [INF] Executed DbCommand (0ms) [Parameters=[], CommandType='"Text"', CommandTimeout='30']
SELECT EXISTS (
    SELECT 1
    FROM "SysMenu" AS "s")
2022-10-24 09:28:38.632 +08:00 [INF] User profile is available. Using 'C:\Users\longhaihua\AppData\Local\ASP.NET\DataProtection-Keys' as key repository and Windows DPAPI to encrypt keys at rest.
2022-10-24 09:28:38.743 +08:00 [INF] Now listening on: http://[::]:5135
2022-10-24 09:28:38.746 +08:00 [INF] Application started. Press Ctrl+C to shut down.
2022-10-24 09:28:38.747 +08:00 [INF] Hosting environment: Development
2022-10-24 09:28:38.748 +08:00 [INF] Content root path: C:\Users\longhaihua\Desktop\Dragon.Core\dragon.core\Dragon.Core.WebApi\
2022-10-24 09:28:39.485 +08:00 [INF] Request starting HTTP/1.1 GET http://localhost:5135/index.html - -
2022-10-24 09:28:39.775 +08:00 [INF] Request starting HTTP/1.1 GET http://localhost:5135/_vs/browserLink - -
2022-10-24 09:28:39.775 +08:00 [INF] Request starting HTTP/1.1 GET http://localhost:5135/_framework/aspnetcore-browser-refresh.js - -
2022-10-24 09:28:39.790 +08:00 [INF] Request finished HTTP/1.1 GET http://localhost:5135/_framework/aspnetcore-browser-refresh.js - - - 200 12006 application/javascript;+charset=utf-8 11.1525ms
2022-10-24 09:28:39.792 +08:00 [INF] Request finished HTTP/1.1 GET http://localhost:5135/index.html - - - 200 - text/html;charset=utf-8 310.8424ms
2022-10-24 09:28:39.814 +08:00 [INF] Request finished HTTP/1.1 GET http://localhost:5135/_vs/browserLink - - - 200 - text/javascript;+charset=UTF-8 39.4669ms
2022-10-24 09:28:39.878 +08:00 [INF] Request starting HTTP/1.1 GET http://localhost:5135/swagger/V1/swagger.json - -
2022-10-24 09:28:40.072 +08:00 [INF] Request finished HTTP/1.1 GET http://localhost:5135/swagger/V1/swagger.json - - - 200 - application/json;charset=utf-8 193.3479ms
2022-10-24 09:28:51.647 +08:00 [INF] Request starting HTTP/1.1 POST http://localhost:5135/test2?name=malong%20malong - 0
2022-10-24 09:28:51.689 +08:00 [INF] CORS policy execution successful.
2022-10-24 09:28:51.738 +08:00 [INF] Executing endpoint 'Dragon.Core.WebApi.Controllers.WeatherForecastController.Test (Dragon.Core.WebApi)'
2022-10-24 09:28:51.755 +08:00 [INF] Route matched with {action = "Test", controller = "WeatherForecast"}. Executing controller action with signature Dragon.Core.ViewModel.MessageModel Test(System.String) on controller Dragon.Core.WebApi.Controllers.WeatherForecastController (Dragon.Core.WebApi).
2022-10-24 09:28:53.213 +08:00 [INF] Executing ObjectResult, writing value of type 'Dragon.Core.ViewModel.MessageModel'.
2022-10-24 09:28:53.320 +08:00 [INF] Executed action Dragon.Core.WebApi.Controllers.WeatherForecastController.Test (Dragon.Core.WebApi) in 1559.2497ms
2022-10-24 09:28:53.323 +08:00 [INF] Executed endpoint 'Dragon.Core.WebApi.Controllers.WeatherForecastController.Test (Dragon.Core.WebApi)'
2022-10-24 09:28:53.325 +08:00 [INF] Request finished HTTP/1.1 POST http://localhost:5135/test2?name=malong%20malong - 0 - 200 68 application/json;+charset=utf-8 1677.6325ms
2022-10-24 09:29:09.648 +08:00 [INF] Request starting HTTP/1.1 POST http://localhost:5135/test1?name=malong%20malong - 0
2022-10-24 09:29:09.650 +08:00 [INF] CORS policy execution successful.
2022-10-24 09:29:09.652 +08:00 [INF] Executing endpoint 'Dragon.Core.WebApi.Controllers.WeatherForecastController.GetString (Dragon.Core.WebApi)'
2022-10-24 09:29:09.657 +08:00 [INF] Route matched with {action = "GetString", controller = "WeatherForecast"}. Executing controller action with signature System.Threading.Tasks.Task`1[Microsoft.AspNetCore.Mvc.IActionResult] GetString(System.String) on controller Dragon.Core.WebApi.Controllers.WeatherForecastController (Dragon.Core.WebApi).
2022-10-24 09:29:11.023 +08:00 [INF] Executing ObjectResult, writing value of type 'Dragon.Core.ViewModel.MessageModel'.
2022-10-24 09:29:11.027 +08:00 [INF] Executed action Dragon.Core.WebApi.Controllers.WeatherForecastController.GetString (Dragon.Core.WebApi) in 1367.5475ms
2022-10-24 09:29:11.031 +08:00 [INF] Executed endpoint 'Dragon.Core.WebApi.Controllers.WeatherForecastController.GetString (Dragon.Core.WebApi)'
2022-10-24 09:29:11.037 +08:00 [INF] Request finished HTTP/1.1 POST http://localhost:5135/test1?name=malong%20malong - 0 - 404 68 application/json;+charset=utf-8 1389.3335ms
2022-10-24 09:34:31.847 +08:00 [INF] Entity Framework Core 6.0.10 initialized 'EfDbContext' using provider 'Microsoft.EntityFrameworkCore.Sqlite:6.0.9' with options: MigrationsAssembly=DragonSea.Core.Data 
2022-10-24 09:34:32.001 +08:00 [INF] Executed DbCommand (13ms) [Parameters=[], CommandType='"Text"', CommandTimeout='30']
SELECT COUNT(*) FROM "sqlite_master" WHERE "type" = 'table' AND "rootpage" IS NOT NULL;
2022-10-24 09:34:32.337 +08:00 [INF] Executed DbCommand (1ms) [Parameters=[], CommandType='"Text"', CommandTimeout='30']
SELECT EXISTS (
    SELECT 1
    FROM "SysUser" AS "s")
2022-10-24 09:34:32.346 +08:00 [INF] Executed DbCommand (0ms) [Parameters=[], CommandType='"Text"', CommandTimeout='30']
SELECT EXISTS (
    SELECT 1
    FROM "SysRole" AS "s")
2022-10-24 09:34:32.350 +08:00 [INF] Executed DbCommand (0ms) [Parameters=[], CommandType='"Text"', CommandTimeout='30']
SELECT EXISTS (
    SELECT 1
    FROM "SysUserRole" AS "s")
2022-10-24 09:34:32.353 +08:00 [INF] Executed DbCommand (0ms) [Parameters=[], CommandType='"Text"', CommandTimeout='30']
SELECT EXISTS (
    SELECT 1
    FROM "SysMenu" AS "s")
2022-10-24 09:34:32.407 +08:00 [INF] User profile is available. Using 'C:\Users\longhaihua\AppData\Local\ASP.NET\DataProtection-Keys' as key repository and Windows DPAPI to encrypt keys at rest.
2022-10-24 09:34:32.529 +08:00 [INF] Now listening on: http://[::]:5135
2022-10-24 09:34:32.532 +08:00 [INF] Application started. Press Ctrl+C to shut down.
2022-10-24 09:34:32.533 +08:00 [INF] Hosting environment: Development
2022-10-24 09:34:32.535 +08:00 [INF] Content root path: C:\Users\longhaihua\Desktop\Dragon.Core\dragon.core\Dragon.Core.WebApi\
2022-10-24 09:34:33.543 +08:00 [INF] Request starting HTTP/1.1 GET http://localhost:5135/index.html - -
2022-10-24 09:34:33.825 +08:00 [INF] Request starting HTTP/1.1 GET http://localhost:5135/_vs/browserLink - -
2022-10-24 09:34:33.827 +08:00 [INF] Request starting HTTP/1.1 GET http://localhost:5135/_framework/aspnetcore-browser-refresh.js - -
2022-10-24 09:34:33.841 +08:00 [INF] Request finished HTTP/1.1 GET http://localhost:5135/_framework/aspnetcore-browser-refresh.js - - - 200 12006 application/javascript;+charset=utf-8 13.5080ms
2022-10-24 09:34:33.843 +08:00 [INF] Request finished HTTP/1.1 GET http://localhost:5135/index.html - - - 200 - text/html;charset=utf-8 303.6423ms
2022-10-24 09:34:33.864 +08:00 [INF] Request finished HTTP/1.1 GET http://localhost:5135/_vs/browserLink - - - 200 - text/javascript;+charset=UTF-8 39.5557ms
2022-10-24 09:34:33.917 +08:00 [INF] Request starting HTTP/1.1 GET http://localhost:5135/swagger/V1/swagger.json - -
2022-10-24 09:34:34.116 +08:00 [INF] Request finished HTTP/1.1 GET http://localhost:5135/swagger/V1/swagger.json - - - 200 - application/json;charset=utf-8 198.4138ms
2022-10-24 09:34:46.046 +08:00 [INF] Request starting HTTP/1.1 POST http://localhost:5135/test1?name=malong%20malong - 0
2022-10-24 09:34:46.087 +08:00 [INF] CORS policy execution successful.
2022-10-24 09:34:46.133 +08:00 [INF] Executing endpoint 'Dragon.Core.WebApi.Controllers.WeatherForecastController.GetString (Dragon.Core.WebApi)'
2022-10-24 09:34:46.153 +08:00 [INF] Route matched with {action = "GetString", controller = "WeatherForecast"}. Executing controller action with signature System.Threading.Tasks.Task`1[Microsoft.AspNetCore.Mvc.IActionResult] GetString(System.String) on controller Dragon.Core.WebApi.Controllers.WeatherForecastController (Dragon.Core.WebApi).
2022-10-24 09:34:47.667 +08:00 [INF] Executing ObjectResult, writing value of type 'Dragon.Core.ViewModel.MessageModel'.
2022-10-24 09:34:47.775 +08:00 [INF] Executed action Dragon.Core.WebApi.Controllers.WeatherForecastController.GetString (Dragon.Core.WebApi) in 1614.7141ms
2022-10-24 09:34:47.780 +08:00 [INF] Executed endpoint 'Dragon.Core.WebApi.Controllers.WeatherForecastController.GetString (Dragon.Core.WebApi)'
2022-10-24 09:34:47.786 +08:00 [INF] Request finished HTTP/1.1 POST http://localhost:5135/test1?name=malong%20malong - 0 - 404 68 application/json;+charset=utf-8 1740.0903ms
