2022-11-11 09:38:07.069 +08:00 [INF] Entity Framework Core 6.0.10 initialized 'EfDbContext' using provider 'Microsoft.EntityFrameworkCore.Sqlite:6.0.9' with options: MigrationsAssembly=DragonSea.Core.Data 
2022-11-11 09:38:07.257 +08:00 [INF] Executed DbCommand (14ms) [Parameters=[], CommandType='"Text"', CommandTimeout='30']
SELECT COUNT(*) FROM "sqlite_master" WHERE "type" = 'table' AND "rootpage" IS NOT NULL;
2022-11-11 09:38:07.568 +08:00 [INF] Executed DbCommand (1ms) [Parameters=[], CommandType='"Text"', CommandTimeout='30']
SELECT EXISTS (
    SELECT 1
    FROM "SysUser" AS "s")
2022-11-11 09:38:07.578 +08:00 [INF] Executed DbCommand (0ms) [Parameters=[], CommandType='"Text"', CommandTimeout='30']
SELECT EXISTS (
    SELECT 1
    FROM "SysRole" AS "s")
2022-11-11 09:38:07.582 +08:00 [INF] Executed DbCommand (0ms) [Parameters=[], CommandType='"Text"', CommandTimeout='30']
SELECT EXISTS (
    SELECT 1
    FROM "SysUserRole" AS "s")
2022-11-11 09:38:07.586 +08:00 [INF] Executed DbCommand (0ms) [Parameters=[], CommandType='"Text"', CommandTimeout='30']
SELECT EXISTS (
    SELECT 1
    FROM "SysMenu" AS "s")
2022-11-11 09:38:07.678 +08:00 [INF] User profile is available. Using 'C:\Users\longhaihua\AppData\Local\ASP.NET\DataProtection-Keys' as key repository and Windows DPAPI to encrypt keys at rest.
2022-11-11 09:38:07.927 +08:00 [INF] Now listening on: http://[::]:5135
2022-11-11 09:38:07.930 +08:00 [INF] Application started. Press Ctrl+C to shut down.
2022-11-11 09:38:07.931 +08:00 [INF] Hosting environment: Development
2022-11-11 09:38:07.932 +08:00 [INF] Content root path: C:\Users\longhaihua\Desktop\Dragon.Core\dragon.core\Dragon.Core.WebApi\
2022-11-11 09:38:09.137 +08:00 [INF] Request starting HTTP/1.1 GET http://localhost:5135/index.html - -
2022-11-11 09:38:09.542 +08:00 [INF] Request finished HTTP/1.1 GET http://localhost:5135/index.html - - - 200 - text/html;charset=utf-8 407.6681ms
2022-11-11 09:38:09.557 +08:00 [INF] Request starting HTTP/1.1 GET http://localhost:5135/_vs/browserLink - -
2022-11-11 09:38:09.559 +08:00 [INF] Request starting HTTP/1.1 GET http://localhost:5135/_framework/aspnetcore-browser-refresh.js - -
2022-11-11 09:38:09.568 +08:00 [INF] Request finished HTTP/1.1 GET http://localhost:5135/_framework/aspnetcore-browser-refresh.js - - - 200 12006 application/javascript;+charset=utf-8 9.3994ms
2022-11-11 09:38:09.617 +08:00 [INF] Request finished HTTP/1.1 GET http://localhost:5135/_vs/browserLink - - - 200 - text/javascript;+charset=UTF-8 60.4226ms
2022-11-11 09:38:09.665 +08:00 [INF] Request starting HTTP/1.1 GET http://localhost:5135/swagger/V1/swagger.json - -
2022-11-11 09:38:09.691 +08:00 [INF] Request starting HTTP/1.1 GET http://localhost:5135/favicon-32x32.png - -
2022-11-11 09:38:09.702 +08:00 [INF] Sending file. Request path: '/favicon-32x32.png'. Physical path: 'N/A'
2022-11-11 09:38:09.704 +08:00 [INF] Request finished HTTP/1.1 GET http://localhost:5135/favicon-32x32.png - - - 200 628 image/png 13.3837ms
2022-11-11 09:38:09.874 +08:00 [INF] Request finished HTTP/1.1 GET http://localhost:5135/swagger/V1/swagger.json - - - 200 - application/json;charset=utf-8 209.7318ms
2022-11-11 09:39:06.800 +08:00 [INF] Request starting HTTP/1.1 POST http://localhost:5135/login application/json;charset=UTF-8 41
2022-11-11 09:39:06.861 +08:00 [INF] CORS policy execution successful.
2022-11-11 09:39:06.959 +08:00 [INF] Executing endpoint 'Dragon.Core.WebApi.Controllers.AuthController.Login (Dragon.Core.WebApi)'
2022-11-11 09:39:06.985 +08:00 [INF] Route matched with {action = "Login", controller = "Auth"}. Executing controller action with signature System.Threading.Tasks.Task`1[Dragon.Core.ViewModel.MessageModel`1[Dragon.Core.ViewModel.TokenInfoViewModel]] Login(Dragon.Core.ViewModel.LoginInput) on controller Dragon.Core.WebApi.Controllers.AuthController (Dragon.Core.WebApi).
2022-11-11 09:39:07.189 +08:00 [INF] Entity Framework Core 6.0.10 initialized 'EfDbContext' using provider 'Microsoft.EntityFrameworkCore.Sqlite:6.0.9' with options: MigrationsAssembly=DragonSea.Core.Data 
2022-11-11 09:39:07.326 +08:00 [INF] Executed DbCommand (8ms) [Parameters=[@__userName_0='?' (Size = 4), @__password_1='?' (Size = 32)], CommandType='"Text"', CommandTimeout='30']
SELECT "s"."Id", "s"."Account", "s"."Avater", "s"."CreatedId", "s"."CreatedName", "s"."CreatedTime", "s"."DepartmentId", "s"."Email", "s"."EmpliyeeType", "s"."ErrorCount", "s"."HistroyPsw", "s"."IsDrop", "s"."JobName", "s"."JobStatus", "s"."LastErrTime", "s"."Mobile", "s"."Name", "s"."Order", "s"."Password", "s"."PosId", "s"."Remark", "s"."Sex", "s"."Status", "s"."UpdateId", "s"."UpdateName", "s"."UpdateTime", "s"."UserType", "s"."WeChat"
FROM "SysUser" AS "s"
WHERE ("s"."Name" = @__userName_0) AND ("s"."Password" = @__password_1)
LIMIT 2
2022-11-11 09:39:07.442 +08:00 [INF] Executed DbCommand (0ms) [Parameters=[@__userId_0='?' (DbType = Int32)], CommandType='"Text"', CommandTimeout='30']
SELECT "s"."Id", "s"."CreatedId", "s"."CreatedName", "s"."CreatedTime", "s"."IsDrop", "s"."Order", "s"."Remark", "s"."RoleId", "s"."Status", "s"."UpdateId", "s"."UpdateName", "s"."UpdateTime", "s"."UserId"
FROM "SysUserRole" AS "s"
WHERE "s"."UserId" = @__userId_0
2022-11-11 09:39:07.463 +08:00 [INF] Executed DbCommand (0ms) [Parameters=[], CommandType='"Text"', CommandTimeout='30']
SELECT "s"."Id", "s"."Code", "s"."CreatedId", "s"."CreatedName", "s"."CreatedTime", "s"."DataScope", "s"."IsDrop", "s"."Name", "s"."Order", "s"."Remark", "s"."Status", "s"."UpdateId", "s"."UpdateName", "s"."UpdateTime"
FROM "SysRole" AS "s"
2022-11-11 09:39:07.619 +08:00 [INF] Executing ObjectResult, writing value of type 'Dragon.Core.ViewModel.MessageModel`1[[Dragon.Core.ViewModel.TokenInfoViewModel, Dragon.Core.ViewModel, Version=1.0.0.0, Culture=neutral, PublicKeyToken=null]]'.
2022-11-11 09:39:07.672 +08:00 [INF] Executed action Dragon.Core.WebApi.Controllers.AuthController.Login (Dragon.Core.WebApi) in 677.455ms
2022-11-11 09:39:07.674 +08:00 [INF] Request starting HTTP/1.1 GET http://localhost:5135/getUserInfo - -
2022-11-11 09:39:07.675 +08:00 [INF] Executed endpoint 'Dragon.Core.WebApi.Controllers.AuthController.Login (Dragon.Core.WebApi)'
2022-11-11 09:39:07.684 +08:00 [INF] Request finished HTTP/1.1 POST http://localhost:5135/login application/json;charset=UTF-8 41 - 200 694 application/json;+charset=utf-8 883.5033ms
2022-11-11 09:39:07.749 +08:00 [INF] Executing endpoint 'Dragon.Core.WebApi.Controllers.AuthController.GetUserInfo (Dragon.Core.WebApi)'
2022-11-11 09:39:07.752 +08:00 [INF] Route matched with {action = "GetUserInfo", controller = "Auth"}. Executing controller action with signature System.Threading.Tasks.Task`1[Dragon.Core.ViewModel.MessageModel`1[Dragon.Core.ViewModel.UserInfoModel]] GetUserInfo() on controller Dragon.Core.WebApi.Controllers.AuthController (Dragon.Core.WebApi).
2022-11-11 09:39:07.794 +08:00 [INF] Entity Framework Core 6.0.10 initialized 'EfDbContext' using provider 'Microsoft.EntityFrameworkCore.Sqlite:6.0.9' with options: MigrationsAssembly=DragonSea.Core.Data 
2022-11-11 09:39:07.801 +08:00 [INF] Executed DbCommand (0ms) [Parameters=[@__id_0='?' (DbType = Int32)], CommandType='"Text"', CommandTimeout='30']
SELECT "s"."Id", "s"."Account", "s"."Avater", "s"."CreatedId", "s"."CreatedName", "s"."CreatedTime", "s"."DepartmentId", "s"."Email", "s"."EmpliyeeType", "s"."ErrorCount", "s"."HistroyPsw", "s"."IsDrop", "s"."JobName", "s"."JobStatus", "s"."LastErrTime", "s"."Mobile", "s"."Name", "s"."Order", "s"."Password", "s"."PosId", "s"."Remark", "s"."Sex", "s"."Status", "s"."UpdateId", "s"."UpdateName", "s"."UpdateTime", "s"."UserType", "s"."WeChat"
FROM "SysUser" AS "s"
WHERE "s"."Id" = @__id_0
LIMIT 2
2022-11-11 09:39:07.809 +08:00 [INF] Executed DbCommand (0ms) [Parameters=[@__userId_0='?' (DbType = Int32)], CommandType='"Text"', CommandTimeout='30']
SELECT "s"."Id", "s"."CreatedId", "s"."CreatedName", "s"."CreatedTime", "s"."IsDrop", "s"."Order", "s"."Remark", "s"."RoleId", "s"."Status", "s"."UpdateId", "s"."UpdateName", "s"."UpdateTime", "s"."UserId"
FROM "SysUserRole" AS "s"
WHERE "s"."UserId" = @__userId_0
2022-11-11 09:39:07.812 +08:00 [INF] Executed DbCommand (0ms) [Parameters=[], CommandType='"Text"', CommandTimeout='30']
SELECT "s"."Id", "s"."Code", "s"."CreatedId", "s"."CreatedName", "s"."CreatedTime", "s"."DataScope", "s"."IsDrop", "s"."Name", "s"."Order", "s"."Remark", "s"."Status", "s"."UpdateId", "s"."UpdateName", "s"."UpdateTime"
FROM "SysRole" AS "s"
2022-11-11 09:39:07.831 +08:00 [INF] Executed DbCommand (0ms) [Parameters=[], CommandType='"Text"', CommandTimeout='30']
SELECT "s"."Id", "s"."Component", "s"."CreatedId", "s"."CreatedName", "s"."CreatedTime", "s"."CurrentActiveMenu", "s"."FrameSrc", "s"."HideMenu", "s"."Icon", "s"."IgnoreKeepAlive", "s"."IsDrop", "s"."MenuType", "s"."Mid", "s"."Name", "s"."Order", "s"."ParId", "s"."Permission", "s"."Redirect", "s"."Remark", "s"."Status", "s"."Title", "s"."UpdateId", "s"."UpdateName", "s"."UpdateTime", "s"."path"
FROM "SysMenu" AS "s"
WHERE ("s"."IsDrop" = 0) AND ("s"."MenuType" <> 3)
2022-11-11 09:39:07.903 +08:00 [INF] Executed DbCommand (0ms) [Parameters=[], CommandType='"Text"', CommandTimeout='30']
SELECT "s"."Id", "s"."CreatedId", "s"."CreatedName", "s"."CreatedTime", "s"."IsDrop", "s"."MenuId", "s"."Mid", "s"."Order", "s"."Remark", "s"."RoleId", "s"."Status", "s"."UpdateId", "s"."UpdateName", "s"."UpdateTime"
FROM "SysRoleMenuModule" AS "s"
WHERE "s"."RoleId" = 2
2022-11-11 09:39:07.958 +08:00 [INF] Executing ObjectResult, writing value of type 'Dragon.Core.ViewModel.MessageModel`1[[Dragon.Core.ViewModel.UserInfoModel, Dragon.Core.ViewModel, Version=1.0.0.0, Culture=neutral, PublicKeyToken=null]]'.
2022-11-11 09:39:07.972 +08:00 [INF] Executed action Dragon.Core.WebApi.Controllers.AuthController.GetUserInfo (Dragon.Core.WebApi) in 217.5874ms
2022-11-11 09:39:07.974 +08:00 [INF] Executed endpoint 'Dragon.Core.WebApi.Controllers.AuthController.GetUserInfo (Dragon.Core.WebApi)'
2022-11-11 09:39:07.975 +08:00 [INF] Request finished HTTP/1.1 GET http://localhost:5135/getUserInfo - - - 200 201 application/json;+charset=utf-8 301.0114ms
2022-11-11 09:39:07.984 +08:00 [INF] Request starting HTTP/1.1 GET http://localhost:5135/getPermCode - -
2022-11-11 09:39:07.986 +08:00 [INF] Executing endpoint 'Dragon.Core.WebApi.Controllers.SysMenuController.GetPermCode (Dragon.Core.WebApi)'
2022-11-11 09:39:07.989 +08:00 [INF] Route matched with {action = "GetPermCode", controller = "SysMenu"}. Executing controller action with signature System.Threading.Tasks.Task`1[Dragon.Core.ViewModel.MessageModel`1[System.Collections.Generic.List`1[System.String]]] GetPermCode() on controller Dragon.Core.WebApi.Controllers.SysMenuController (Dragon.Core.WebApi).
2022-11-11 09:39:07.993 +08:00 [INF] Entity Framework Core 6.0.10 initialized 'EfDbContext' using provider 'Microsoft.EntityFrameworkCore.Sqlite:6.0.9' with options: MigrationsAssembly=DragonSea.Core.Data 
2022-11-11 09:39:07.996 +08:00 [INF] Executed DbCommand (0ms) [Parameters=[@__userId_0='?' (DbType = Int32)], CommandType='"Text"', CommandTimeout='30']
SELECT "s"."Id", "s"."CreatedId", "s"."CreatedName", "s"."CreatedTime", "s"."IsDrop", "s"."Order", "s"."Remark", "s"."RoleId", "s"."Status", "s"."UpdateId", "s"."UpdateName", "s"."UpdateTime", "s"."UserId"
FROM "SysUserRole" AS "s"
WHERE "s"."UserId" = @__userId_0
2022-11-11 09:39:07.999 +08:00 [INF] Executed DbCommand (0ms) [Parameters=[], CommandType='"Text"', CommandTimeout='30']
SELECT "s"."Id", "s"."CreatedId", "s"."CreatedName", "s"."CreatedTime", "s"."IsDrop", "s"."MenuId", "s"."Mid", "s"."Order", "s"."Remark", "s"."RoleId", "s"."Status", "s"."UpdateId", "s"."UpdateName", "s"."UpdateTime"
FROM "SysRoleMenuModule" AS "s"
WHERE "s"."RoleId" = 2
2022-11-11 09:39:08.005 +08:00 [INF] Executed DbCommand (0ms) [Parameters=[], CommandType='"Text"', CommandTimeout='30']
SELECT "s"."Id", "s"."Component", "s"."CreatedId", "s"."CreatedName", "s"."CreatedTime", "s"."CurrentActiveMenu", "s"."FrameSrc", "s"."HideMenu", "s"."Icon", "s"."IgnoreKeepAlive", "s"."IsDrop", "s"."MenuType", "s"."Mid", "s"."Name", "s"."Order", "s"."ParId", "s"."Permission", "s"."Redirect", "s"."Remark", "s"."Status", "s"."Title", "s"."UpdateId", "s"."UpdateName", "s"."UpdateTime", "s"."path"
FROM "SysMenu" AS "s"
WHERE ("s"."IsDrop" = 0) AND ("s"."MenuType" = 3)
2022-11-11 09:39:08.009 +08:00 [INF] Executing ObjectResult, writing value of type 'Dragon.Core.ViewModel.MessageModel`1[[System.Collections.Generic.List`1[[System.String, System.Private.CoreLib, Version=6.0.0.0, Culture=neutral, PublicKeyToken=7cec85d7bea7798e]], System.Private.CoreLib, Version=6.0.0.0, Culture=neutral, PublicKeyToken=7cec85d7bea7798e]]'.
2022-11-11 09:39:08.012 +08:00 [INF] Executed action Dragon.Core.WebApi.Controllers.SysMenuController.GetPermCode (Dragon.Core.WebApi) in 20.6086ms
2022-11-11 09:39:08.013 +08:00 [INF] Executed endpoint 'Dragon.Core.WebApi.Controllers.SysMenuController.GetPermCode (Dragon.Core.WebApi)'
2022-11-11 09:39:08.015 +08:00 [INF] Request finished HTTP/1.1 GET http://localhost:5135/getPermCode - - - 200 503 application/json;+charset=utf-8 30.9668ms
2022-11-11 09:39:08.017 +08:00 [INF] Request starting HTTP/1.1 GET http://localhost:5135/getMenuList - -
2022-11-11 09:39:08.018 +08:00 [INF] Executing endpoint 'Dragon.Core.WebApi.Controllers.SysMenuController.GetLoginMenuTree (Dragon.Core.WebApi)'
2022-11-11 09:39:08.021 +08:00 [INF] Route matched with {action = "GetLoginMenuTree", controller = "SysMenu"}. Executing controller action with signature System.Threading.Tasks.Task`1[Dragon.Core.ViewModel.MessageModel`1[System.Collections.Generic.List`1[Dragon.Core.ViewModel.MenuTreeViewModel]]] GetLoginMenuTree() on controller Dragon.Core.WebApi.Controllers.SysMenuController (Dragon.Core.WebApi).
2022-11-11 09:39:08.028 +08:00 [INF] Entity Framework Core 6.0.10 initialized 'EfDbContext' using provider 'Microsoft.EntityFrameworkCore.Sqlite:6.0.9' with options: MigrationsAssembly=DragonSea.Core.Data 
2022-11-11 09:39:08.035 +08:00 [INF] Executed DbCommand (0ms) [Parameters=[@__userId_0='?' (DbType = Int32)], CommandType='"Text"', CommandTimeout='30']
SELECT "s"."Id", "s"."CreatedId", "s"."CreatedName", "s"."CreatedTime", "s"."IsDrop", "s"."Order", "s"."Remark", "s"."RoleId", "s"."Status", "s"."UpdateId", "s"."UpdateName", "s"."UpdateTime", "s"."UserId"
FROM "SysUserRole" AS "s"
WHERE "s"."UserId" = @__userId_0
2022-11-11 09:39:08.045 +08:00 [INF] Executed DbCommand (0ms) [Parameters=[], CommandType='"Text"', CommandTimeout='30']
SELECT "s"."Id", "s"."Component", "s"."CreatedId", "s"."CreatedName", "s"."CreatedTime", "s"."CurrentActiveMenu", "s"."FrameSrc", "s"."HideMenu", "s"."Icon", "s"."IgnoreKeepAlive", "s"."IsDrop", "s"."MenuType", "s"."Mid", "s"."Name", "s"."Order", "s"."ParId", "s"."Permission", "s"."Redirect", "s"."Remark", "s"."Status", "s"."Title", "s"."UpdateId", "s"."UpdateName", "s"."UpdateTime", "s"."path"
FROM "SysMenu" AS "s"
WHERE ("s"."IsDrop" = 0) AND ("s"."MenuType" <> 3)
2022-11-11 09:39:08.053 +08:00 [INF] Executed DbCommand (0ms) [Parameters=[], CommandType='"Text"', CommandTimeout='30']
SELECT "s"."Id", "s"."CreatedId", "s"."CreatedName", "s"."CreatedTime", "s"."IsDrop", "s"."MenuId", "s"."Mid", "s"."Order", "s"."Remark", "s"."RoleId", "s"."Status", "s"."UpdateId", "s"."UpdateName", "s"."UpdateTime"
FROM "SysRoleMenuModule" AS "s"
WHERE "s"."RoleId" = 2
2022-11-11 09:39:08.062 +08:00 [INF] Executing ObjectResult, writing value of type 'Dragon.Core.ViewModel.MessageModel`1[[System.Collections.Generic.List`1[[Dragon.Core.ViewModel.MenuTreeViewModel, Dragon.Core.ViewModel, Version=1.0.0.0, Culture=neutral, PublicKeyToken=null]], System.Private.CoreLib, Version=6.0.0.0, Culture=neutral, PublicKeyToken=7cec85d7bea7798e]]'.
2022-11-11 09:39:08.085 +08:00 [INF] Executed action Dragon.Core.WebApi.Controllers.SysMenuController.GetLoginMenuTree (Dragon.Core.WebApi) in 59.4609ms
2022-11-11 09:39:08.094 +08:00 [INF] Executed endpoint 'Dragon.Core.WebApi.Controllers.SysMenuController.GetLoginMenuTree (Dragon.Core.WebApi)'
2022-11-11 09:39:08.097 +08:00 [INF] Request finished HTTP/1.1 GET http://localhost:5135/getMenuList - - - 200 5136 application/json;+charset=utf-8 80.1025ms
2022-11-11 09:39:21.940 +08:00 [INF] Request starting HTTP/1.1 GET http://localhost:5135/sysfile/page - -
2022-11-11 09:39:21.942 +08:00 [INF] Request finished HTTP/1.1 GET http://localhost:5135/sysfile/page - - - 404 - text/plain 2.0950ms
2022-11-11 09:39:22.062 +08:00 [INF] Request starting HTTP/1.1 GET http://localhost:5135/sysfile/page - -
2022-11-11 09:39:22.068 +08:00 [INF] Request finished HTTP/1.1 GET http://localhost:5135/sysfile/page - - - 404 - text/plain 5.8363ms
2022-11-11 09:39:22.184 +08:00 [INF] Request starting HTTP/1.1 GET http://localhost:5135/sysfile/page - -
2022-11-11 09:39:22.193 +08:00 [INF] Request finished HTTP/1.1 GET http://localhost:5135/sysfile/page - - - 404 - text/plain 9.0073ms
2022-11-11 09:39:22.312 +08:00 [INF] Request starting HTTP/1.1 GET http://localhost:5135/sysfile/page - -
2022-11-11 09:39:22.320 +08:00 [INF] Request finished HTTP/1.1 GET http://localhost:5135/sysfile/page - - - 404 - text/plain 7.8992ms
2022-11-11 09:39:22.445 +08:00 [INF] Request starting HTTP/1.1 GET http://localhost:5135/sysfile/page - -
2022-11-11 09:39:22.450 +08:00 [INF] Request finished HTTP/1.1 GET http://localhost:5135/sysfile/page - - - 404 - text/plain 4.9225ms
2022-11-11 09:39:22.580 +08:00 [INF] Request starting HTTP/1.1 GET http://localhost:5135/sysfile/page - -
2022-11-11 09:39:22.582 +08:00 [INF] Request finished HTTP/1.1 GET http://localhost:5135/sysfile/page - - - 404 - text/plain 2.5165ms
2022-11-11 09:44:26.557 +08:00 [INF] Request starting HTTP/1.1 GET http://localhost:5135/sysfile/page - -
2022-11-11 09:44:26.568 +08:00 [INF] Request finished HTTP/1.1 GET http://localhost:5135/sysfile/page - - - 404 - text/plain 9.8845ms
2022-11-11 09:44:26.689 +08:00 [INF] Request starting HTTP/1.1 GET http://localhost:5135/sysfile/page - -
2022-11-11 09:44:26.692 +08:00 [INF] Request finished HTTP/1.1 GET http://localhost:5135/sysfile/page - - - 404 - text/plain 2.4113ms
2022-11-11 09:44:26.806 +08:00 [INF] Request starting HTTP/1.1 GET http://localhost:5135/sysfile/page - -
2022-11-11 09:44:26.808 +08:00 [INF] Request finished HTTP/1.1 GET http://localhost:5135/sysfile/page - - - 404 - text/plain 1.4745ms
2022-11-11 09:44:26.922 +08:00 [INF] Request starting HTTP/1.1 GET http://localhost:5135/sysfile/page - -
2022-11-11 09:44:26.924 +08:00 [INF] Request finished HTTP/1.1 GET http://localhost:5135/sysfile/page - - - 404 - text/plain 1.9312ms
2022-11-11 09:44:27.054 +08:00 [INF] Request starting HTTP/1.1 GET http://localhost:5135/sysfile/page - -
2022-11-11 09:44:27.061 +08:00 [INF] Request finished HTTP/1.1 GET http://localhost:5135/sysfile/page - - - 404 - text/plain 6.6393ms
2022-11-11 09:44:27.175 +08:00 [INF] Request starting HTTP/1.1 GET http://localhost:5135/sysfile/page - -
2022-11-11 09:44:27.178 +08:00 [INF] Request finished HTTP/1.1 GET http://localhost:5135/sysfile/page - - - 404 - text/plain 2.3985ms
2022-11-11 11:07:25.561 +08:00 [INF] Request starting HTTP/1.1 POST http://localhost:5135/login application/json;charset=UTF-8 41
2022-11-11 11:07:25.566 +08:00 [INF] CORS policy execution successful.
2022-11-11 11:07:25.567 +08:00 [INF] Executing endpoint 'Dragon.Core.WebApi.Controllers.AuthController.Login (Dragon.Core.WebApi)'
2022-11-11 11:07:25.569 +08:00 [INF] Route matched with {action = "Login", controller = "Auth"}. Executing controller action with signature System.Threading.Tasks.Task`1[Dragon.Core.ViewModel.MessageModel`1[Dragon.Core.ViewModel.TokenInfoViewModel]] Login(Dragon.Core.ViewModel.LoginInput) on controller Dragon.Core.WebApi.Controllers.AuthController (Dragon.Core.WebApi).
2022-11-11 11:07:25.573 +08:00 [INF] Entity Framework Core 6.0.10 initialized 'EfDbContext' using provider 'Microsoft.EntityFrameworkCore.Sqlite:6.0.9' with options: MigrationsAssembly=DragonSea.Core.Data 
2022-11-11 11:07:25.588 +08:00 [INF] Executed DbCommand (12ms) [Parameters=[@__userName_0='?' (Size = 4), @__password_1='?' (Size = 32)], CommandType='"Text"', CommandTimeout='30']
SELECT "s"."Id", "s"."Account", "s"."Avater", "s"."CreatedId", "s"."CreatedName", "s"."CreatedTime", "s"."DepartmentId", "s"."Email", "s"."EmpliyeeType", "s"."ErrorCount", "s"."HistroyPsw", "s"."IsDrop", "s"."JobName", "s"."JobStatus", "s"."LastErrTime", "s"."Mobile", "s"."Name", "s"."Order", "s"."Password", "s"."PosId", "s"."Remark", "s"."Sex", "s"."Status", "s"."UpdateId", "s"."UpdateName", "s"."UpdateTime", "s"."UserType", "s"."WeChat"
FROM "SysUser" AS "s"
WHERE ("s"."Name" = @__userName_0) AND ("s"."Password" = @__password_1)
LIMIT 2
2022-11-11 11:07:25.592 +08:00 [INF] Executed DbCommand (0ms) [Parameters=[@__userId_0='?' (DbType = Int32)], CommandType='"Text"', CommandTimeout='30']
SELECT "s"."Id", "s"."CreatedId", "s"."CreatedName", "s"."CreatedTime", "s"."IsDrop", "s"."Order", "s"."Remark", "s"."RoleId", "s"."Status", "s"."UpdateId", "s"."UpdateName", "s"."UpdateTime", "s"."UserId"
FROM "SysUserRole" AS "s"
WHERE "s"."UserId" = @__userId_0
2022-11-11 11:07:25.595 +08:00 [INF] Executed DbCommand (0ms) [Parameters=[], CommandType='"Text"', CommandTimeout='30']
SELECT "s"."Id", "s"."Code", "s"."CreatedId", "s"."CreatedName", "s"."CreatedTime", "s"."DataScope", "s"."IsDrop", "s"."Name", "s"."Order", "s"."Remark", "s"."Status", "s"."UpdateId", "s"."UpdateName", "s"."UpdateTime"
FROM "SysRole" AS "s"
2022-11-11 11:07:25.598 +08:00 [INF] Executing ObjectResult, writing value of type 'Dragon.Core.ViewModel.MessageModel`1[[Dragon.Core.ViewModel.TokenInfoViewModel, Dragon.Core.ViewModel, Version=1.0.0.0, Culture=neutral, PublicKeyToken=null]]'.
2022-11-11 11:07:25.600 +08:00 [INF] Executed action Dragon.Core.WebApi.Controllers.AuthController.Login (Dragon.Core.WebApi) in 29.4511ms
2022-11-11 11:07:25.601 +08:00 [INF] Executed endpoint 'Dragon.Core.WebApi.Controllers.AuthController.Login (Dragon.Core.WebApi)'
2022-11-11 11:07:25.607 +08:00 [INF] Request finished HTTP/1.1 POST http://localhost:5135/login application/json;charset=UTF-8 41 - 200 696 application/json;+charset=utf-8 46.6960ms
2022-11-11 11:07:25.608 +08:00 [INF] Request starting HTTP/1.1 GET http://localhost:5135/getUserInfo - -
2022-11-11 11:07:25.610 +08:00 [INF] Executing endpoint 'Dragon.Core.WebApi.Controllers.AuthController.GetUserInfo (Dragon.Core.WebApi)'
2022-11-11 11:07:25.611 +08:00 [INF] Route matched with {action = "GetUserInfo", controller = "Auth"}. Executing controller action with signature System.Threading.Tasks.Task`1[Dragon.Core.ViewModel.MessageModel`1[Dragon.Core.ViewModel.UserInfoModel]] GetUserInfo() on controller Dragon.Core.WebApi.Controllers.AuthController (Dragon.Core.WebApi).
2022-11-11 11:07:25.614 +08:00 [INF] Entity Framework Core 6.0.10 initialized 'EfDbContext' using provider 'Microsoft.EntityFrameworkCore.Sqlite:6.0.9' with options: MigrationsAssembly=DragonSea.Core.Data 
2022-11-11 11:07:25.616 +08:00 [INF] Executed DbCommand (0ms) [Parameters=[@__id_0='?' (DbType = Int32)], CommandType='"Text"', CommandTimeout='30']
SELECT "s"."Id", "s"."Account", "s"."Avater", "s"."CreatedId", "s"."CreatedName", "s"."CreatedTime", "s"."DepartmentId", "s"."Email", "s"."EmpliyeeType", "s"."ErrorCount", "s"."HistroyPsw", "s"."IsDrop", "s"."JobName", "s"."JobStatus", "s"."LastErrTime", "s"."Mobile", "s"."Name", "s"."Order", "s"."Password", "s"."PosId", "s"."Remark", "s"."Sex", "s"."Status", "s"."UpdateId", "s"."UpdateName", "s"."UpdateTime", "s"."UserType", "s"."WeChat"
FROM "SysUser" AS "s"
WHERE "s"."Id" = @__id_0
LIMIT 2
2022-11-11 11:07:25.619 +08:00 [INF] Executed DbCommand (0ms) [Parameters=[@__userId_0='?' (DbType = Int32)], CommandType='"Text"', CommandTimeout='30']
SELECT "s"."Id", "s"."CreatedId", "s"."CreatedName", "s"."CreatedTime", "s"."IsDrop", "s"."Order", "s"."Remark", "s"."RoleId", "s"."Status", "s"."UpdateId", "s"."UpdateName", "s"."UpdateTime", "s"."UserId"
FROM "SysUserRole" AS "s"
WHERE "s"."UserId" = @__userId_0
2022-11-11 11:07:25.622 +08:00 [INF] Executed DbCommand (0ms) [Parameters=[], CommandType='"Text"', CommandTimeout='30']
SELECT "s"."Id", "s"."Code", "s"."CreatedId", "s"."CreatedName", "s"."CreatedTime", "s"."DataScope", "s"."IsDrop", "s"."Name", "s"."Order", "s"."Remark", "s"."Status", "s"."UpdateId", "s"."UpdateName", "s"."UpdateTime"
FROM "SysRole" AS "s"
2022-11-11 11:07:25.625 +08:00 [INF] Executed DbCommand (0ms) [Parameters=[], CommandType='"Text"', CommandTimeout='30']
SELECT "s"."Id", "s"."Component", "s"."CreatedId", "s"."CreatedName", "s"."CreatedTime", "s"."CurrentActiveMenu", "s"."FrameSrc", "s"."HideMenu", "s"."Icon", "s"."IgnoreKeepAlive", "s"."IsDrop", "s"."MenuType", "s"."Mid", "s"."Name", "s"."Order", "s"."ParId", "s"."Permission", "s"."Redirect", "s"."Remark", "s"."Status", "s"."Title", "s"."UpdateId", "s"."UpdateName", "s"."UpdateTime", "s"."path"
FROM "SysMenu" AS "s"
WHERE ("s"."IsDrop" = 0) AND ("s"."MenuType" <> 3)
2022-11-11 11:07:25.628 +08:00 [INF] Executed DbCommand (0ms) [Parameters=[], CommandType='"Text"', CommandTimeout='30']
SELECT "s"."Id", "s"."CreatedId", "s"."CreatedName", "s"."CreatedTime", "s"."IsDrop", "s"."MenuId", "s"."Mid", "s"."Order", "s"."Remark", "s"."RoleId", "s"."Status", "s"."UpdateId", "s"."UpdateName", "s"."UpdateTime"
FROM "SysRoleMenuModule" AS "s"
WHERE "s"."RoleId" = 2
2022-11-11 11:07:25.630 +08:00 [INF] Executing ObjectResult, writing value of type 'Dragon.Core.ViewModel.MessageModel`1[[Dragon.Core.ViewModel.UserInfoModel, Dragon.Core.ViewModel, Version=1.0.0.0, Culture=neutral, PublicKeyToken=null]]'.
2022-11-11 11:07:25.634 +08:00 [INF] Executed action Dragon.Core.WebApi.Controllers.AuthController.GetUserInfo (Dragon.Core.WebApi) in 20.4583ms
2022-11-11 11:07:25.636 +08:00 [INF] Executed endpoint 'Dragon.Core.WebApi.Controllers.AuthController.GetUserInfo (Dragon.Core.WebApi)'
2022-11-11 11:07:25.637 +08:00 [INF] Request finished HTTP/1.1 GET http://localhost:5135/getUserInfo - - - 200 201 application/json;+charset=utf-8 28.8199ms
2022-11-11 11:07:25.644 +08:00 [INF] Request starting HTTP/1.1 GET http://localhost:5135/getPermCode - -
2022-11-11 11:07:25.646 +08:00 [INF] Executing endpoint 'Dragon.Core.WebApi.Controllers.SysMenuController.GetPermCode (Dragon.Core.WebApi)'
2022-11-11 11:07:25.647 +08:00 [INF] Route matched with {action = "GetPermCode", controller = "SysMenu"}. Executing controller action with signature System.Threading.Tasks.Task`1[Dragon.Core.ViewModel.MessageModel`1[System.Collections.Generic.List`1[System.String]]] GetPermCode() on controller Dragon.Core.WebApi.Controllers.SysMenuController (Dragon.Core.WebApi).
2022-11-11 11:07:25.650 +08:00 [INF] Entity Framework Core 6.0.10 initialized 'EfDbContext' using provider 'Microsoft.EntityFrameworkCore.Sqlite:6.0.9' with options: MigrationsAssembly=DragonSea.Core.Data 
2022-11-11 11:07:25.652 +08:00 [INF] Executed DbCommand (0ms) [Parameters=[@__userId_0='?' (DbType = Int32)], CommandType='"Text"', CommandTimeout='30']
SELECT "s"."Id", "s"."CreatedId", "s"."CreatedName", "s"."CreatedTime", "s"."IsDrop", "s"."Order", "s"."Remark", "s"."RoleId", "s"."Status", "s"."UpdateId", "s"."UpdateName", "s"."UpdateTime", "s"."UserId"
FROM "SysUserRole" AS "s"
WHERE "s"."UserId" = @__userId_0
2022-11-11 11:07:25.655 +08:00 [INF] Executed DbCommand (0ms) [Parameters=[], CommandType='"Text"', CommandTimeout='30']
SELECT "s"."Id", "s"."CreatedId", "s"."CreatedName", "s"."CreatedTime", "s"."IsDrop", "s"."MenuId", "s"."Mid", "s"."Order", "s"."Remark", "s"."RoleId", "s"."Status", "s"."UpdateId", "s"."UpdateName", "s"."UpdateTime"
FROM "SysRoleMenuModule" AS "s"
WHERE "s"."RoleId" = 2
2022-11-11 11:07:25.658 +08:00 [INF] Executed DbCommand (0ms) [Parameters=[], CommandType='"Text"', CommandTimeout='30']
SELECT "s"."Id", "s"."Component", "s"."CreatedId", "s"."CreatedName", "s"."CreatedTime", "s"."CurrentActiveMenu", "s"."FrameSrc", "s"."HideMenu", "s"."Icon", "s"."IgnoreKeepAlive", "s"."IsDrop", "s"."MenuType", "s"."Mid", "s"."Name", "s"."Order", "s"."ParId", "s"."Permission", "s"."Redirect", "s"."Remark", "s"."Status", "s"."Title", "s"."UpdateId", "s"."UpdateName", "s"."UpdateTime", "s"."path"
FROM "SysMenu" AS "s"
WHERE ("s"."IsDrop" = 0) AND ("s"."MenuType" = 3)
2022-11-11 11:07:25.661 +08:00 [INF] Executing ObjectResult, writing value of type 'Dragon.Core.ViewModel.MessageModel`1[[System.Collections.Generic.List`1[[System.String, System.Private.CoreLib, Version=6.0.0.0, Culture=neutral, PublicKeyToken=7cec85d7bea7798e]], System.Private.CoreLib, Version=6.0.0.0, Culture=neutral, PublicKeyToken=7cec85d7bea7798e]]'.
2022-11-11 11:07:25.662 +08:00 [INF] Executed action Dragon.Core.WebApi.Controllers.SysMenuController.GetPermCode (Dragon.Core.WebApi) in 12.9667ms
2022-11-11 11:07:25.664 +08:00 [INF] Executed endpoint 'Dragon.Core.WebApi.Controllers.SysMenuController.GetPermCode (Dragon.Core.WebApi)'
2022-11-11 11:07:25.666 +08:00 [INF] Request finished HTTP/1.1 GET http://localhost:5135/getPermCode - - - 200 503 application/json;+charset=utf-8 21.3171ms
2022-11-11 11:07:25.667 +08:00 [INF] Request starting HTTP/1.1 GET http://localhost:5135/getMenuList - -
2022-11-11 11:07:25.668 +08:00 [INF] Executing endpoint 'Dragon.Core.WebApi.Controllers.SysMenuController.GetLoginMenuTree (Dragon.Core.WebApi)'
2022-11-11 11:07:25.670 +08:00 [INF] Route matched with {action = "GetLoginMenuTree", controller = "SysMenu"}. Executing controller action with signature System.Threading.Tasks.Task`1[Dragon.Core.ViewModel.MessageModel`1[System.Collections.Generic.List`1[Dragon.Core.ViewModel.MenuTreeViewModel]]] GetLoginMenuTree() on controller Dragon.Core.WebApi.Controllers.SysMenuController (Dragon.Core.WebApi).
2022-11-11 11:07:25.672 +08:00 [INF] Entity Framework Core 6.0.10 initialized 'EfDbContext' using provider 'Microsoft.EntityFrameworkCore.Sqlite:6.0.9' with options: MigrationsAssembly=DragonSea.Core.Data 
2022-11-11 11:07:25.675 +08:00 [INF] Executed DbCommand (0ms) [Parameters=[@__userId_0='?' (DbType = Int32)], CommandType='"Text"', CommandTimeout='30']
SELECT "s"."Id", "s"."CreatedId", "s"."CreatedName", "s"."CreatedTime", "s"."IsDrop", "s"."Order", "s"."Remark", "s"."RoleId", "s"."Status", "s"."UpdateId", "s"."UpdateName", "s"."UpdateTime", "s"."UserId"
FROM "SysUserRole" AS "s"
WHERE "s"."UserId" = @__userId_0
2022-11-11 11:07:25.678 +08:00 [INF] Executed DbCommand (0ms) [Parameters=[], CommandType='"Text"', CommandTimeout='30']
SELECT "s"."Id", "s"."Component", "s"."CreatedId", "s"."CreatedName", "s"."CreatedTime", "s"."CurrentActiveMenu", "s"."FrameSrc", "s"."HideMenu", "s"."Icon", "s"."IgnoreKeepAlive", "s"."IsDrop", "s"."MenuType", "s"."Mid", "s"."Name", "s"."Order", "s"."ParId", "s"."Permission", "s"."Redirect", "s"."Remark", "s"."Status", "s"."Title", "s"."UpdateId", "s"."UpdateName", "s"."UpdateTime", "s"."path"
FROM "SysMenu" AS "s"
WHERE ("s"."IsDrop" = 0) AND ("s"."MenuType" <> 3)
2022-11-11 11:07:25.681 +08:00 [INF] Executed DbCommand (0ms) [Parameters=[], CommandType='"Text"', CommandTimeout='30']
SELECT "s"."Id", "s"."CreatedId", "s"."CreatedName", "s"."CreatedTime", "s"."IsDrop", "s"."MenuId", "s"."Mid", "s"."Order", "s"."Remark", "s"."RoleId", "s"."Status", "s"."UpdateId", "s"."UpdateName", "s"."UpdateTime"
FROM "SysRoleMenuModule" AS "s"
WHERE "s"."RoleId" = 2
2022-11-11 11:07:25.684 +08:00 [INF] Executing ObjectResult, writing value of type 'Dragon.Core.ViewModel.MessageModel`1[[System.Collections.Generic.List`1[[Dragon.Core.ViewModel.MenuTreeViewModel, Dragon.Core.ViewModel, Version=1.0.0.0, Culture=neutral, PublicKeyToken=null]], System.Private.CoreLib, Version=6.0.0.0, Culture=neutral, PublicKeyToken=7cec85d7bea7798e]]'.
2022-11-11 11:07:25.685 +08:00 [INF] Executed action Dragon.Core.WebApi.Controllers.SysMenuController.GetLoginMenuTree (Dragon.Core.WebApi) in 13.3492ms
2022-11-11 11:07:25.687 +08:00 [INF] Executed endpoint 'Dragon.Core.WebApi.Controllers.SysMenuController.GetLoginMenuTree (Dragon.Core.WebApi)'
2022-11-11 11:07:25.689 +08:00 [INF] Request finished HTTP/1.1 GET http://localhost:5135/getMenuList - - - 200 5136 application/json;+charset=utf-8 21.3646ms
2022-11-11 11:07:30.615 +08:00 [INF] Request starting HTTP/1.1 GET http://localhost:5135/sysfile/page - -
2022-11-11 11:07:30.617 +08:00 [INF] Request finished HTTP/1.1 GET http://localhost:5135/sysfile/page - - - 404 - text/plain 2.0419ms
2022-11-11 11:07:30.742 +08:00 [INF] Request starting HTTP/1.1 GET http://localhost:5135/sysfile/page - -
2022-11-11 11:07:30.743 +08:00 [INF] Request finished HTTP/1.1 GET http://localhost:5135/sysfile/page - - - 404 - text/plain 1.8443ms
2022-11-11 11:07:30.851 +08:00 [INF] Request starting HTTP/1.1 GET http://localhost:5135/sysfile/page - -
2022-11-11 11:07:30.853 +08:00 [INF] Request finished HTTP/1.1 GET http://localhost:5135/sysfile/page - - - 404 - text/plain 1.8142ms
2022-11-11 11:07:30.958 +08:00 [INF] Request starting HTTP/1.1 GET http://localhost:5135/sysfile/page - -
2022-11-11 11:07:30.960 +08:00 [INF] Request finished HTTP/1.1 GET http://localhost:5135/sysfile/page - - - 404 - text/plain 1.8729ms
2022-11-11 11:07:31.069 +08:00 [INF] Request starting HTTP/1.1 GET http://localhost:5135/sysfile/page - -
2022-11-11 11:07:31.072 +08:00 [INF] Request finished HTTP/1.1 GET http://localhost:5135/sysfile/page - - - 404 - text/plain 3.3543ms
2022-11-11 11:07:31.182 +08:00 [INF] Request starting HTTP/1.1 GET http://localhost:5135/sysfile/page - -
2022-11-11 11:07:31.185 +08:00 [INF] Request finished HTTP/1.1 GET http://localhost:5135/sysfile/page - - - 404 - text/plain 3.2269ms
2022-11-11 11:53:04.731 +08:00 [INF] Request starting HTTP/1.1 GET http://localhost:5135/getapilist - -
2022-11-11 11:53:04.750 +08:00 [INF] {"Ip":"::ffff:127.0.0.1","Url":"/getapilist","Datetime":"2022-11-11 11:53:04","Date":"2022-11-11","Week":"周五"}
2022-11-11 11:53:04.761 +08:00 [INF] Executing endpoint 'Dragon.Core.WebApi.Controllers.ApiModuleController.GetApiList (Dragon.Core.WebApi)'
2022-11-11 11:53:04.776 +08:00 [INF] Route matched with {action = "GetApiList", controller = "ApiModule"}. Executing controller action with signature System.Threading.Tasks.Task`1[Dragon.Core.ViewModel.MessageModel`1[System.Collections.Generic.List`1[Dragon.Core.ViewModel.ApiModuleViewModel]]] GetApiList(System.String, Int32) on controller Dragon.Core.WebApi.Controllers.ApiModuleController (Dragon.Core.WebApi).
2022-11-11 11:53:04.789 +08:00 [INF] Entity Framework Core 6.0.10 initialized 'EfDbContext' using provider 'Microsoft.EntityFrameworkCore.Sqlite:6.0.9' with options: MigrationsAssembly=DragonSea.Core.Data 
2022-11-11 11:53:04.803 +08:00 [INF] Executed DbCommand (1ms) [Parameters=[], CommandType='"Text"', CommandTimeout='30']
SELECT "a"."Id", "a"."ApiName", "a"."ApiUrl", "a"."CreatedId", "a"."CreatedName", "a"."CreatedTime", "a"."IsDrop", "a"."Order", "a"."Remark", "a"."Status", "a"."UpdateId", "a"."UpdateName", "a"."UpdateTime"
FROM "ApiModule" AS "a"
WHERE "a"."IsDrop" = 0
2022-11-11 11:53:04.832 +08:00 [INF] Executing ObjectResult, writing value of type 'Dragon.Core.ViewModel.MessageModel`1[[System.Collections.Generic.List`1[[Dragon.Core.ViewModel.ApiModuleViewModel, Dragon.Core.ViewModel, Version=1.0.0.0, Culture=neutral, PublicKeyToken=null]], System.Private.CoreLib, Version=6.0.0.0, Culture=neutral, PublicKeyToken=7cec85d7bea7798e]]'.
2022-11-11 11:53:04.841 +08:00 [INF] Executed action Dragon.Core.WebApi.Controllers.ApiModuleController.GetApiList (Dragon.Core.WebApi) in 59.2643ms
2022-11-11 11:53:04.843 +08:00 [INF] Executed endpoint 'Dragon.Core.WebApi.Controllers.ApiModuleController.GetApiList (Dragon.Core.WebApi)'
2022-11-11 11:53:04.869 +08:00 [INF] Request finished HTTP/1.1 GET http://localhost:5135/getapilist - - - 200 5020 application/json;+charset=utf-8 173.1092ms
2022-11-11 11:54:33.529 +08:00 [INF] Request starting HTTP/1.1 GET http://localhost:5135/sysfile/page - -
2022-11-11 11:54:33.540 +08:00 [INF] Request finished HTTP/1.1 GET http://localhost:5135/sysfile/page - - - 404 - text/plain 10.2817ms
2022-11-11 11:54:33.654 +08:00 [INF] Request starting HTTP/1.1 GET http://localhost:5135/sysfile/page - -
2022-11-11 11:54:33.656 +08:00 [INF] Request finished HTTP/1.1 GET http://localhost:5135/sysfile/page - - - 404 - text/plain 2.3465ms
2022-11-11 11:54:33.779 +08:00 [INF] Request starting HTTP/1.1 GET http://localhost:5135/sysfile/page - -
2022-11-11 11:54:33.782 +08:00 [INF] Request finished HTTP/1.1 GET http://localhost:5135/sysfile/page - - - 404 - text/plain 3.1726ms
2022-11-11 11:54:33.896 +08:00 [INF] Request starting HTTP/1.1 GET http://localhost:5135/sysfile/page - -
2022-11-11 11:54:33.900 +08:00 [INF] Request finished HTTP/1.1 GET http://localhost:5135/sysfile/page - - - 404 - text/plain 3.6943ms
2022-11-11 11:54:34.028 +08:00 [INF] Request starting HTTP/1.1 GET http://localhost:5135/sysfile/page - -
2022-11-11 11:54:34.031 +08:00 [INF] Request finished HTTP/1.1 GET http://localhost:5135/sysfile/page - - - 404 - text/plain 3.2097ms
2022-11-11 11:54:34.156 +08:00 [INF] Request starting HTTP/1.1 GET http://localhost:5135/sysfile/page - -
2022-11-11 11:54:34.159 +08:00 [INF] Request finished HTTP/1.1 GET http://localhost:5135/sysfile/page - - - 404 - text/plain 3.4730ms
2022-11-11 11:57:04.507 +08:00 [INF] Request starting HTTP/1.1 GET http://localhost:5135/sysfile/page - -
2022-11-11 11:57:04.515 +08:00 [INF] Request finished HTTP/1.1 GET http://localhost:5135/sysfile/page - - - 404 - text/plain 7.8204ms
2022-11-11 11:57:04.623 +08:00 [INF] Request starting HTTP/1.1 GET http://localhost:5135/sysfile/page - -
2022-11-11 11:57:04.626 +08:00 [INF] Request finished HTTP/1.1 GET http://localhost:5135/sysfile/page - - - 404 - text/plain 3.0153ms
2022-11-11 11:57:04.739 +08:00 [INF] Request starting HTTP/1.1 GET http://localhost:5135/sysfile/page - -
2022-11-11 11:57:04.741 +08:00 [INF] Request finished HTTP/1.1 GET http://localhost:5135/sysfile/page - - - 404 - text/plain 1.8405ms
2022-11-11 11:57:04.857 +08:00 [INF] Request starting HTTP/1.1 GET http://localhost:5135/sysfile/page - -
2022-11-11 11:57:04.858 +08:00 [INF] Request finished HTTP/1.1 GET http://localhost:5135/sysfile/page - - - 404 - text/plain 1.6416ms
2022-11-11 11:57:04.970 +08:00 [INF] Request starting HTTP/1.1 GET http://localhost:5135/sysfile/page - -
2022-11-11 11:57:04.971 +08:00 [INF] Request finished HTTP/1.1 GET http://localhost:5135/sysfile/page - - - 404 - text/plain 1.5143ms
2022-11-11 11:57:05.077 +08:00 [INF] Request starting HTTP/1.1 GET http://localhost:5135/sysfile/page - -
2022-11-11 11:57:05.079 +08:00 [INF] Request finished HTTP/1.1 GET http://localhost:5135/sysfile/page - - - 404 - text/plain 1.4930ms
2022-11-11 11:57:27.138 +08:00 [INF] Request starting HTTP/1.1 GET http://localhost:5135/getapilist - -
2022-11-11 11:57:27.143 +08:00 [INF] {"Ip":"::ffff:127.0.0.1","Url":"/getapilist","Datetime":"2022-11-11 11:57:27","Date":"2022-11-11","Week":"周五"}
2022-11-11 11:57:27.145 +08:00 [INF] Executing endpoint 'Dragon.Core.WebApi.Controllers.ApiModuleController.GetApiList (Dragon.Core.WebApi)'
2022-11-11 11:57:27.146 +08:00 [INF] Route matched with {action = "GetApiList", controller = "ApiModule"}. Executing controller action with signature System.Threading.Tasks.Task`1[Dragon.Core.ViewModel.MessageModel`1[System.Collections.Generic.List`1[Dragon.Core.ViewModel.ApiModuleViewModel]]] GetApiList(System.String, Int32) on controller Dragon.Core.WebApi.Controllers.ApiModuleController (Dragon.Core.WebApi).
2022-11-11 11:57:27.154 +08:00 [INF] Executing ObjectResult, writing value of type 'Dragon.Core.ViewModel.MessageModel`1[[System.Collections.Generic.List`1[[Dragon.Core.ViewModel.ApiModuleViewModel, Dragon.Core.ViewModel, Version=1.0.0.0, Culture=neutral, PublicKeyToken=null]], System.Private.CoreLib, Version=6.0.0.0, Culture=neutral, PublicKeyToken=7cec85d7bea7798e]]'.
2022-11-11 11:57:27.156 +08:00 [INF] Executed action Dragon.Core.WebApi.Controllers.ApiModuleController.GetApiList (Dragon.Core.WebApi) in 7.9338ms
2022-11-11 11:57:27.157 +08:00 [INF] Executed endpoint 'Dragon.Core.WebApi.Controllers.ApiModuleController.GetApiList (Dragon.Core.WebApi)'
2022-11-11 11:57:27.171 +08:00 [INF] Request finished HTTP/1.1 GET http://localhost:5135/getapilist - - - 200 5020 application/json;+charset=utf-8 32.1579ms
2022-11-11 11:57:29.131 +08:00 [INF] Request starting HTTP/1.1 GET http://localhost:5135/sysfile/page - -
2022-11-11 11:57:29.133 +08:00 [INF] Request finished HTTP/1.1 GET http://localhost:5135/sysfile/page - - - 404 - text/plain 2.0469ms
2022-11-11 11:57:29.240 +08:00 [INF] Request starting HTTP/1.1 GET http://localhost:5135/sysfile/page - -
2022-11-11 11:57:29.242 +08:00 [INF] Request finished HTTP/1.1 GET http://localhost:5135/sysfile/page - - - 404 - text/plain 1.7758ms
2022-11-11 11:57:29.352 +08:00 [INF] Request starting HTTP/1.1 GET http://localhost:5135/sysfile/page - -
2022-11-11 11:57:29.354 +08:00 [INF] Request finished HTTP/1.1 GET http://localhost:5135/sysfile/page - - - 404 - text/plain 2.1145ms
2022-11-11 11:57:29.473 +08:00 [INF] Request starting HTTP/1.1 GET http://localhost:5135/sysfile/page - -
2022-11-11 11:57:29.475 +08:00 [INF] Request finished HTTP/1.1 GET http://localhost:5135/sysfile/page - - - 404 - text/plain 1.7495ms
2022-11-11 11:57:29.586 +08:00 [INF] Request starting HTTP/1.1 GET http://localhost:5135/sysfile/page - -
2022-11-11 11:57:29.588 +08:00 [INF] Request finished HTTP/1.1 GET http://localhost:5135/sysfile/page - - - 404 - text/plain 1.7050ms
2022-11-11 11:57:29.697 +08:00 [INF] Request starting HTTP/1.1 GET http://localhost:5135/sysfile/page - -
2022-11-11 11:57:29.698 +08:00 [INF] Request finished HTTP/1.1 GET http://localhost:5135/sysfile/page - - - 404 - text/plain 1.5722ms
2022-11-11 12:06:13.033 +08:00 [INF] Request starting HTTP/1.1 GET http://localhost:5135/getUserInfo - -
2022-11-11 12:06:13.036 +08:00 [INF] Executing endpoint 'Dragon.Core.WebApi.Controllers.AuthController.GetUserInfo (Dragon.Core.WebApi)'
2022-11-11 12:06:13.040 +08:00 [INF] Route matched with {action = "GetUserInfo", controller = "Auth"}. Executing controller action with signature System.Threading.Tasks.Task`1[Dragon.Core.ViewModel.MessageModel`1[Dragon.Core.ViewModel.UserInfoModel]] GetUserInfo() on controller Dragon.Core.WebApi.Controllers.AuthController (Dragon.Core.WebApi).
2022-11-11 12:06:13.047 +08:00 [INF] Executing ObjectResult, writing value of type 'Dragon.Core.ViewModel.MessageModel`1[[Dragon.Core.ViewModel.UserInfoModel, Dragon.Core.ViewModel, Version=1.0.0.0, Culture=neutral, PublicKeyToken=null]]'.
2022-11-11 12:06:13.049 +08:00 [INF] Executed action Dragon.Core.WebApi.Controllers.AuthController.GetUserInfo (Dragon.Core.WebApi) in 6.2438ms
2022-11-11 12:06:13.050 +08:00 [INF] Executed endpoint 'Dragon.Core.WebApi.Controllers.AuthController.GetUserInfo (Dragon.Core.WebApi)'
2022-11-11 12:06:13.052 +08:00 [INF] Request finished HTTP/1.1 GET http://localhost:5135/getUserInfo - - - 200 201 application/json;+charset=utf-8 18.5697ms
2022-11-11 12:06:13.070 +08:00 [INF] Request starting HTTP/1.1 GET http://localhost:5135/getPermCode - -
2022-11-11 12:06:13.072 +08:00 [INF] Executing endpoint 'Dragon.Core.WebApi.Controllers.SysMenuController.GetPermCode (Dragon.Core.WebApi)'
2022-11-11 12:06:13.074 +08:00 [INF] Route matched with {action = "GetPermCode", controller = "SysMenu"}. Executing controller action with signature System.Threading.Tasks.Task`1[Dragon.Core.ViewModel.MessageModel`1[System.Collections.Generic.List`1[System.String]]] GetPermCode() on controller Dragon.Core.WebApi.Controllers.SysMenuController (Dragon.Core.WebApi).
2022-11-11 12:06:13.078 +08:00 [INF] Executing ObjectResult, writing value of type 'Dragon.Core.ViewModel.MessageModel`1[[System.Collections.Generic.List`1[[System.String, System.Private.CoreLib, Version=6.0.0.0, Culture=neutral, PublicKeyToken=7cec85d7bea7798e]], System.Private.CoreLib, Version=6.0.0.0, Culture=neutral, PublicKeyToken=7cec85d7bea7798e]]'.
2022-11-11 12:06:13.080 +08:00 [INF] Executed action Dragon.Core.WebApi.Controllers.SysMenuController.GetPermCode (Dragon.Core.WebApi) in 3.2813ms
2022-11-11 12:06:13.081 +08:00 [INF] Executed endpoint 'Dragon.Core.WebApi.Controllers.SysMenuController.GetPermCode (Dragon.Core.WebApi)'
2022-11-11 12:06:13.083 +08:00 [INF] Request finished HTTP/1.1 GET http://localhost:5135/getPermCode - - - 200 503 application/json;+charset=utf-8 12.3125ms
2022-11-11 12:06:13.084 +08:00 [INF] Request starting HTTP/1.1 GET http://localhost:5135/getMenuList - -
2022-11-11 12:06:13.086 +08:00 [INF] Executing endpoint 'Dragon.Core.WebApi.Controllers.SysMenuController.GetLoginMenuTree (Dragon.Core.WebApi)'
2022-11-11 12:06:13.087 +08:00 [INF] Route matched with {action = "GetLoginMenuTree", controller = "SysMenu"}. Executing controller action with signature System.Threading.Tasks.Task`1[Dragon.Core.ViewModel.MessageModel`1[System.Collections.Generic.List`1[Dragon.Core.ViewModel.MenuTreeViewModel]]] GetLoginMenuTree() on controller Dragon.Core.WebApi.Controllers.SysMenuController (Dragon.Core.WebApi).
2022-11-11 12:06:13.091 +08:00 [INF] Executing ObjectResult, writing value of type 'Dragon.Core.ViewModel.MessageModel`1[[System.Collections.Generic.List`1[[Dragon.Core.ViewModel.MenuTreeViewModel, Dragon.Core.ViewModel, Version=1.0.0.0, Culture=neutral, PublicKeyToken=null]], System.Private.CoreLib, Version=6.0.0.0, Culture=neutral, PublicKeyToken=7cec85d7bea7798e]]'.
2022-11-11 12:06:13.093 +08:00 [INF] Executed action Dragon.Core.WebApi.Controllers.SysMenuController.GetLoginMenuTree (Dragon.Core.WebApi) in 3.1327ms
2022-11-11 12:06:13.094 +08:00 [INF] Executed endpoint 'Dragon.Core.WebApi.Controllers.SysMenuController.GetLoginMenuTree (Dragon.Core.WebApi)'
2022-11-11 12:06:13.096 +08:00 [INF] Request finished HTTP/1.1 GET http://localhost:5135/getMenuList - - - 200 5136 application/json;+charset=utf-8 11.5795ms
2022-11-11 12:07:47.684 +08:00 [INF] Request starting HTTP/1.1 GET http://localhost:5135/sysfile/page - -
2022-11-11 12:07:47.695 +08:00 [INF] Request finished HTTP/1.1 GET http://localhost:5135/sysfile/page - - - 404 - text/plain 11.0402ms
2022-11-11 12:07:47.814 +08:00 [INF] Request starting HTTP/1.1 GET http://localhost:5135/sysfile/page - -
2022-11-11 12:07:47.815 +08:00 [INF] Request finished HTTP/1.1 GET http://localhost:5135/sysfile/page - - - 404 - text/plain 1.4356ms
2022-11-11 12:07:47.932 +08:00 [INF] Request starting HTTP/1.1 GET http://localhost:5135/sysfile/page - -
2022-11-11 12:07:47.936 +08:00 [INF] Request finished HTTP/1.1 GET http://localhost:5135/sysfile/page - - - 404 - text/plain 3.9794ms
2022-11-11 12:07:48.051 +08:00 [INF] Request starting HTTP/1.1 GET http://localhost:5135/sysfile/page - -
2022-11-11 12:07:48.054 +08:00 [INF] Request finished HTTP/1.1 GET http://localhost:5135/sysfile/page - - - 404 - text/plain 3.1385ms
2022-11-11 12:07:48.164 +08:00 [INF] Request starting HTTP/1.1 GET http://localhost:5135/sysfile/page - -
2022-11-11 12:07:48.168 +08:00 [INF] Request finished HTTP/1.1 GET http://localhost:5135/sysfile/page - - - 404 - text/plain 3.4303ms
2022-11-11 12:07:48.288 +08:00 [INF] Request starting HTTP/1.1 GET http://localhost:5135/sysfile/page - -
2022-11-11 12:07:48.292 +08:00 [INF] Request finished HTTP/1.1 GET http://localhost:5135/sysfile/page - - - 404 - text/plain 3.6736ms
2022-11-11 12:09:32.618 +08:00 [INF] Request starting HTTP/1.1 GET http://localhost:5135/sysfile/page - -
2022-11-11 12:09:32.632 +08:00 [INF] Request finished HTTP/1.1 GET http://localhost:5135/sysfile/page - - - 404 - text/plain 13.2437ms
2022-11-11 12:09:33.606 +08:00 [INF] Request starting HTTP/1.1 GET http://localhost:5135/sysfile/page - -
2022-11-11 12:09:33.607 +08:00 [INF] Request finished HTTP/1.1 GET http://localhost:5135/sysfile/page - - - 404 - text/plain 1.5631ms
2022-11-11 12:09:34.600 +08:00 [INF] Request starting HTTP/1.1 GET http://localhost:5135/sysfile/page - -
2022-11-11 12:09:34.603 +08:00 [INF] Request finished HTTP/1.1 GET http://localhost:5135/sysfile/page - - - 404 - text/plain 3.3462ms
2022-11-11 12:09:35.615 +08:00 [INF] Request starting HTTP/1.1 GET http://localhost:5135/sysfile/page - -
2022-11-11 12:09:35.620 +08:00 [INF] Request finished HTTP/1.1 GET http://localhost:5135/sysfile/page - - - 404 - text/plain 4.9075ms
2022-11-11 12:09:36.604 +08:00 [INF] Request starting HTTP/1.1 GET http://localhost:5135/sysfile/page - -
2022-11-11 12:09:36.606 +08:00 [INF] Request finished HTTP/1.1 GET http://localhost:5135/sysfile/page - - - 404 - text/plain 1.6447ms
2022-11-11 12:09:37.610 +08:00 [INF] Request starting HTTP/1.1 GET http://localhost:5135/sysfile/page - -
2022-11-11 12:09:37.612 +08:00 [INF] Request finished HTTP/1.1 GET http://localhost:5135/sysfile/page - - - 404 - text/plain 2.0323ms
2022-11-11 12:11:37.638 +08:00 [INF] Request starting HTTP/1.1 GET http://localhost:5135/sysfile/page - -
2022-11-11 12:11:37.644 +08:00 [INF] Request finished HTTP/1.1 GET http://localhost:5135/sysfile/page - - - 404 - text/plain 5.9653ms
2022-11-11 12:11:38.609 +08:00 [INF] Request starting HTTP/1.1 GET http://localhost:5135/sysfile/page - -
2022-11-11 12:11:38.611 +08:00 [INF] Request finished HTTP/1.1 GET http://localhost:5135/sysfile/page - - - 404 - text/plain 1.7884ms
2022-11-11 12:11:39.606 +08:00 [INF] Request starting HTTP/1.1 GET http://localhost:5135/sysfile/page - -
2022-11-11 12:11:39.610 +08:00 [INF] Request finished HTTP/1.1 GET http://localhost:5135/sysfile/page - - - 404 - text/plain 3.7546ms
2022-11-11 12:11:40.602 +08:00 [INF] Request starting HTTP/1.1 GET http://localhost:5135/sysfile/page - -
2022-11-11 12:11:40.607 +08:00 [INF] Request finished HTTP/1.1 GET http://localhost:5135/sysfile/page - - - 404 - text/plain 5.1516ms
2022-11-11 12:11:41.612 +08:00 [INF] Request starting HTTP/1.1 GET http://localhost:5135/sysfile/page - -
2022-11-11 12:11:41.616 +08:00 [INF] Request finished HTTP/1.1 GET http://localhost:5135/sysfile/page - - - 404 - text/plain 4.0261ms
2022-11-11 12:11:42.602 +08:00 [INF] Request starting HTTP/1.1 GET http://localhost:5135/sysfile/page - -
2022-11-11 12:11:42.604 +08:00 [INF] Request finished HTTP/1.1 GET http://localhost:5135/sysfile/page - - - 404 - text/plain 1.9567ms
2022-11-11 12:11:56.935 +08:00 [INF] Request starting HTTP/1.1 GET http://localhost:5135/sysfile/page - -
2022-11-11 12:11:56.936 +08:00 [INF] Request finished HTTP/1.1 GET http://localhost:5135/sysfile/page - - - 404 - text/plain 1.4724ms
2022-11-11 12:11:57.053 +08:00 [INF] Request starting HTTP/1.1 GET http://localhost:5135/sysfile/page - -
2022-11-11 12:11:57.057 +08:00 [INF] Request finished HTTP/1.1 GET http://localhost:5135/sysfile/page - - - 404 - text/plain 3.5005ms
2022-11-11 12:11:57.170 +08:00 [INF] Request starting HTTP/1.1 GET http://localhost:5135/sysfile/page - -
2022-11-11 12:11:57.171 +08:00 [INF] Request finished HTTP/1.1 GET http://localhost:5135/sysfile/page - - - 404 - text/plain 1.4683ms
2022-11-11 12:11:57.278 +08:00 [INF] Request starting HTTP/1.1 GET http://localhost:5135/sysfile/page - -
2022-11-11 12:11:57.280 +08:00 [INF] Request finished HTTP/1.1 GET http://localhost:5135/sysfile/page - - - 404 - text/plain 1.6535ms
2022-11-11 12:11:57.394 +08:00 [INF] Request starting HTTP/1.1 GET http://localhost:5135/sysfile/page - -
2022-11-11 12:11:57.401 +08:00 [INF] Request finished HTTP/1.1 GET http://localhost:5135/sysfile/page - - - 404 - text/plain 7.4972ms
2022-11-11 12:11:57.512 +08:00 [INF] Request starting HTTP/1.1 GET http://localhost:5135/sysfile/page - -
2022-11-11 12:11:57.513 +08:00 [INF] Request finished HTTP/1.1 GET http://localhost:5135/sysfile/page - - - 404 - text/plain 1.6415ms
2022-11-11 12:15:14.021 +08:00 [INF] Request starting HTTP/1.1 GET http://localhost:5135/dept/list - -
2022-11-11 12:15:14.063 +08:00 [INF] Authorization failed. Fail() was explicitly called.
2022-11-11 12:15:14.072 +08:00 [INF] Request finished HTTP/1.1 GET http://localhost:5135/dept/list - - - 401 - text/plain 51.1223ms
2022-11-11 12:15:14.186 +08:00 [INF] Request starting HTTP/1.1 GET http://localhost:5135/dept/list - -
2022-11-11 12:15:14.188 +08:00 [INF] Authorization failed. Fail() was explicitly called.
2022-11-11 12:15:14.189 +08:00 [INF] Request finished HTTP/1.1 GET http://localhost:5135/dept/list - - - 401 - text/plain 3.7562ms
2022-11-11 12:15:14.294 +08:00 [INF] Request starting HTTP/1.1 GET http://localhost:5135/dept/list - -
2022-11-11 12:15:14.296 +08:00 [INF] Authorization failed. Fail() was explicitly called.
2022-11-11 12:15:14.297 +08:00 [INF] Request finished HTTP/1.1 GET http://localhost:5135/dept/list - - - 401 - text/plain 2.8511ms
2022-11-11 12:15:14.404 +08:00 [INF] Request starting HTTP/1.1 GET http://localhost:5135/dept/list - -
2022-11-11 12:15:14.406 +08:00 [INF] Authorization failed. Fail() was explicitly called.
2022-11-11 12:15:14.408 +08:00 [INF] Request finished HTTP/1.1 GET http://localhost:5135/dept/list - - - 401 - text/plain 3.5415ms
2022-11-11 12:15:14.529 +08:00 [INF] Request starting HTTP/1.1 GET http://localhost:5135/dept/list - -
2022-11-11 12:15:14.531 +08:00 [INF] Authorization failed. Fail() was explicitly called.
2022-11-11 12:15:14.532 +08:00 [INF] Request finished HTTP/1.1 GET http://localhost:5135/dept/list - - - 401 - text/plain 2.9365ms
2022-11-11 12:15:14.637 +08:00 [INF] Request starting HTTP/1.1 GET http://localhost:5135/dept/list - -
2022-11-11 12:15:14.639 +08:00 [INF] Authorization failed. Fail() was explicitly called.
2022-11-11 12:15:14.640 +08:00 [INF] Request finished HTTP/1.1 GET http://localhost:5135/dept/list - - - 401 - text/plain 2.4583ms
2022-11-11 12:15:52.089 +08:00 [INF] Request starting HTTP/1.1 POST http://localhost:5135/login application/json;charset=UTF-8 41
2022-11-11 12:15:52.091 +08:00 [INF] CORS policy execution successful.
2022-11-11 12:15:52.093 +08:00 [INF] Executing endpoint 'Dragon.Core.WebApi.Controllers.AuthController.Login (Dragon.Core.WebApi)'
2022-11-11 12:15:52.095 +08:00 [INF] Route matched with {action = "Login", controller = "Auth"}. Executing controller action with signature System.Threading.Tasks.Task`1[Dragon.Core.ViewModel.MessageModel`1[Dragon.Core.ViewModel.TokenInfoViewModel]] Login(Dragon.Core.ViewModel.LoginInput) on controller Dragon.Core.WebApi.Controllers.AuthController (Dragon.Core.WebApi).
2022-11-11 12:15:52.118 +08:00 [INF] Executing ObjectResult, writing value of type 'Dragon.Core.ViewModel.MessageModel`1[[Dragon.Core.ViewModel.TokenInfoViewModel, Dragon.Core.ViewModel, Version=1.0.0.0, Culture=neutral, PublicKeyToken=null]]'.
2022-11-11 12:15:52.121 +08:00 [INF] Executed action Dragon.Core.WebApi.Controllers.AuthController.Login (Dragon.Core.WebApi) in 22.426ms
2022-11-11 12:15:52.126 +08:00 [INF] Executed endpoint 'Dragon.Core.WebApi.Controllers.AuthController.Login (Dragon.Core.WebApi)'
2022-11-11 12:15:52.132 +08:00 [INF] Request starting HTTP/1.1 GET http://localhost:5135/getUserInfo - -
2022-11-11 12:15:52.133 +08:00 [INF] Request finished HTTP/1.1 POST http://localhost:5135/login application/json;charset=UTF-8 41 - 200 696 application/json;+charset=utf-8 43.8936ms
2022-11-11 12:15:52.135 +08:00 [INF] Executing endpoint 'Dragon.Core.WebApi.Controllers.AuthController.GetUserInfo (Dragon.Core.WebApi)'
2022-11-11 12:15:52.137 +08:00 [INF] Route matched with {action = "GetUserInfo", controller = "Auth"}. Executing controller action with signature System.Threading.Tasks.Task`1[Dragon.Core.ViewModel.MessageModel`1[Dragon.Core.ViewModel.UserInfoModel]] GetUserInfo() on controller Dragon.Core.WebApi.Controllers.AuthController (Dragon.Core.WebApi).
2022-11-11 12:15:52.142 +08:00 [INF] Executing ObjectResult, writing value of type 'Dragon.Core.ViewModel.MessageModel`1[[Dragon.Core.ViewModel.UserInfoModel, Dragon.Core.ViewModel, Version=1.0.0.0, Culture=neutral, PublicKeyToken=null]]'.
2022-11-11 12:15:52.145 +08:00 [INF] Executed action Dragon.Core.WebApi.Controllers.AuthController.GetUserInfo (Dragon.Core.WebApi) in 4.9536ms
2022-11-11 12:15:52.147 +08:00 [INF] Executed endpoint 'Dragon.Core.WebApi.Controllers.AuthController.GetUserInfo (Dragon.Core.WebApi)'
2022-11-11 12:15:52.148 +08:00 [INF] Request finished HTTP/1.1 GET http://localhost:5135/getUserInfo - - - 200 201 application/json;+charset=utf-8 16.1737ms
2022-11-11 12:15:52.153 +08:00 [INF] Request starting HTTP/1.1 GET http://localhost:5135/getPermCode - -
2022-11-11 12:15:52.155 +08:00 [INF] Executing endpoint 'Dragon.Core.WebApi.Controllers.SysMenuController.GetPermCode (Dragon.Core.WebApi)'
2022-11-11 12:15:52.157 +08:00 [INF] Route matched with {action = "GetPermCode", controller = "SysMenu"}. Executing controller action with signature System.Threading.Tasks.Task`1[Dragon.Core.ViewModel.MessageModel`1[System.Collections.Generic.List`1[System.String]]] GetPermCode() on controller Dragon.Core.WebApi.Controllers.SysMenuController (Dragon.Core.WebApi).
2022-11-11 12:15:52.162 +08:00 [INF] Executing ObjectResult, writing value of type 'Dragon.Core.ViewModel.MessageModel`1[[System.Collections.Generic.List`1[[System.String, System.Private.CoreLib, Version=6.0.0.0, Culture=neutral, PublicKeyToken=7cec85d7bea7798e]], System.Private.CoreLib, Version=6.0.0.0, Culture=neutral, PublicKeyToken=7cec85d7bea7798e]]'.
2022-11-11 12:15:52.164 +08:00 [INF] Executed action Dragon.Core.WebApi.Controllers.SysMenuController.GetPermCode (Dragon.Core.WebApi) in 4.4192ms
2022-11-11 12:15:52.166 +08:00 [INF] Executed endpoint 'Dragon.Core.WebApi.Controllers.SysMenuController.GetPermCode (Dragon.Core.WebApi)'
2022-11-11 12:15:52.168 +08:00 [INF] Request finished HTTP/1.1 GET http://localhost:5135/getPermCode - - - 200 503 application/json;+charset=utf-8 15.5515ms
2022-11-11 12:15:52.170 +08:00 [INF] Request starting HTTP/1.1 GET http://localhost:5135/getMenuList - -
2022-11-11 12:15:52.172 +08:00 [INF] Executing endpoint 'Dragon.Core.WebApi.Controllers.SysMenuController.GetLoginMenuTree (Dragon.Core.WebApi)'
2022-11-11 12:15:52.174 +08:00 [INF] Route matched with {action = "GetLoginMenuTree", controller = "SysMenu"}. Executing controller action with signature System.Threading.Tasks.Task`1[Dragon.Core.ViewModel.MessageModel`1[System.Collections.Generic.List`1[Dragon.Core.ViewModel.MenuTreeViewModel]]] GetLoginMenuTree() on controller Dragon.Core.WebApi.Controllers.SysMenuController (Dragon.Core.WebApi).
2022-11-11 12:15:52.180 +08:00 [INF] Executing ObjectResult, writing value of type 'Dragon.Core.ViewModel.MessageModel`1[[System.Collections.Generic.List`1[[Dragon.Core.ViewModel.MenuTreeViewModel, Dragon.Core.ViewModel, Version=1.0.0.0, Culture=neutral, PublicKeyToken=null]], System.Private.CoreLib, Version=6.0.0.0, Culture=neutral, PublicKeyToken=7cec85d7bea7798e]]'.
2022-11-11 12:15:52.182 +08:00 [INF] Executed action Dragon.Core.WebApi.Controllers.SysMenuController.GetLoginMenuTree (Dragon.Core.WebApi) in 4.895ms
2022-11-11 12:15:52.185 +08:00 [INF] Executed endpoint 'Dragon.Core.WebApi.Controllers.SysMenuController.GetLoginMenuTree (Dragon.Core.WebApi)'
2022-11-11 12:15:52.187 +08:00 [INF] Request finished HTTP/1.1 GET http://localhost:5135/getMenuList - - - 200 5136 application/json;+charset=utf-8 16.7997ms
2022-11-11 12:15:57.443 +08:00 [INF] Request starting HTTP/1.1 GET http://localhost:5135/sysMenu/list - -
2022-11-11 12:15:57.447 +08:00 [INF] Executing endpoint 'Dragon.Core.WebApi.Controllers.SysMenuController.MenuListAsync (Dragon.Core.WebApi)'
2022-11-11 12:15:57.452 +08:00 [INF] Route matched with {action = "MenuList", controller = "SysMenu"}. Executing controller action with signature System.Threading.Tasks.Task`1[Dragon.Core.ViewModel.MessageModel`1[System.Collections.Generic.List`1[Dragon.Core.ViewModel.MenuListItem]]] MenuListAsync(Dragon.Core.ViewModel.MenuParams) on controller Dragon.Core.WebApi.Controllers.SysMenuController (Dragon.Core.WebApi).
2022-11-11 12:15:57.483 +08:00 [INF] Executing ObjectResult, writing value of type 'Dragon.Core.ViewModel.MessageModel`1[[System.Collections.Generic.List`1[[Dragon.Core.ViewModel.MenuListItem, Dragon.Core.ViewModel, Version=1.0.0.0, Culture=neutral, PublicKeyToken=null]], System.Private.CoreLib, Version=6.0.0.0, Culture=neutral, PublicKeyToken=7cec85d7bea7798e]]'.
2022-11-11 12:15:57.495 +08:00 [INF] Executed action Dragon.Core.WebApi.Controllers.SysMenuController.MenuListAsync (Dragon.Core.WebApi) in 40.966ms
2022-11-11 12:15:57.497 +08:00 [INF] Executed endpoint 'Dragon.Core.WebApi.Controllers.SysMenuController.MenuListAsync (Dragon.Core.WebApi)'
2022-11-11 12:15:57.498 +08:00 [INF] Request finished HTTP/1.1 GET http://localhost:5135/sysMenu/list - - - 200 13241 application/json;+charset=utf-8 54.5067ms
2022-11-11 12:16:18.224 +08:00 [INF] Request starting HTTP/1.1 GET http://localhost:5135/sysrole/pagerolelist?page=1&pageSize=10 - -
2022-11-11 12:16:18.236 +08:00 [INF] Executing endpoint 'Dragon.Core.WebApi.Controllers.RoleController.GetPageRoleListAsync (Dragon.Core.WebApi)'
2022-11-11 12:16:18.246 +08:00 [INF] Route matched with {action = "GetPageRoleList", controller = "Role"}. Executing controller action with signature System.Threading.Tasks.Task`1[Dragon.Core.ViewModel.MessageModel`1[Dragon.Core.Common.PageModel`1[Dragon.Core.Entity.SysRole]]] GetPageRoleListAsync(Dragon.Core.ViewModel.RolePageInput) on controller Dragon.Core.WebApi.Controllers.RoleController (Dragon.Core.WebApi).
2022-11-11 12:16:18.297 +08:00 [INF] Executing ObjectResult, writing value of type 'Dragon.Core.ViewModel.MessageModel`1[[Dragon.Core.Common.PageModel`1[[Dragon.Core.Entity.SysRole, Dragon.Core.Entity, Version=1.0.0.0, Culture=neutral, PublicKeyToken=null]], Dragon.Core.Common, Version=1.0.0.0, Culture=neutral, PublicKeyToken=null]]'.
2022-11-11 12:16:18.309 +08:00 [INF] Executed action Dragon.Core.WebApi.Controllers.RoleController.GetPageRoleListAsync (Dragon.Core.WebApi) in 60.6976ms
2022-11-11 12:16:18.311 +08:00 [INF] Executed endpoint 'Dragon.Core.WebApi.Controllers.RoleController.GetPageRoleListAsync (Dragon.Core.WebApi)'
2022-11-11 12:16:18.313 +08:00 [INF] Request finished HTTP/1.1 GET http://localhost:5135/sysrole/pagerolelist?page=1&pageSize=10 - - - 200 1131 application/json;+charset=utf-8 88.6958ms
2022-11-11 12:16:28.358 +08:00 [INF] Request starting HTTP/1.1 GET http://localhost:5135/sysMenu/list - -
2022-11-11 12:16:28.361 +08:00 [INF] Executing endpoint 'Dragon.Core.WebApi.Controllers.SysMenuController.MenuListAsync (Dragon.Core.WebApi)'
2022-11-11 12:16:28.362 +08:00 [INF] Route matched with {action = "MenuList", controller = "SysMenu"}. Executing controller action with signature System.Threading.Tasks.Task`1[Dragon.Core.ViewModel.MessageModel`1[System.Collections.Generic.List`1[Dragon.Core.ViewModel.MenuListItem]]] MenuListAsync(Dragon.Core.ViewModel.MenuParams) on controller Dragon.Core.WebApi.Controllers.SysMenuController (Dragon.Core.WebApi).
2022-11-11 12:16:28.367 +08:00 [INF] Executing ObjectResult, writing value of type 'Dragon.Core.ViewModel.MessageModel`1[[System.Collections.Generic.List`1[[Dragon.Core.ViewModel.MenuListItem, Dragon.Core.ViewModel, Version=1.0.0.0, Culture=neutral, PublicKeyToken=null]], System.Private.CoreLib, Version=6.0.0.0, Culture=neutral, PublicKeyToken=7cec85d7bea7798e]]'.
2022-11-11 12:16:28.370 +08:00 [INF] Executed action Dragon.Core.WebApi.Controllers.SysMenuController.MenuListAsync (Dragon.Core.WebApi) in 5.0264ms
2022-11-11 12:16:28.372 +08:00 [INF] Executed endpoint 'Dragon.Core.WebApi.Controllers.SysMenuController.MenuListAsync (Dragon.Core.WebApi)'
2022-11-11 12:16:28.374 +08:00 [INF] Request finished HTTP/1.1 GET http://localhost:5135/sysMenu/list - - - 200 13241 application/json;+charset=utf-8 15.6667ms
2022-11-11 12:16:28.394 +08:00 [INF] Request starting HTTP/1.1 GET http://localhost:5135/sysRole/ownmenu?id=1 - -
2022-11-11 12:16:28.397 +08:00 [INF] Executing endpoint 'Dragon.Core.WebApi.Controllers.RoleController.GetRoleOwnMenuListAsync (Dragon.Core.WebApi)'
2022-11-11 12:16:28.402 +08:00 [INF] Route matched with {action = "GetRoleOwnMenuList", controller = "Role"}. Executing controller action with signature System.Threading.Tasks.Task`1[Dragon.Core.ViewModel.MessageModel`1[System.Collections.Generic.List`1[Dragon.Core.ViewModel.MenuListItem]]] GetRoleOwnMenuListAsync(Int32) on controller Dragon.Core.WebApi.Controllers.RoleController (Dragon.Core.WebApi).
2022-11-11 12:16:28.420 +08:00 [INF] Executing ObjectResult, writing value of type 'Dragon.Core.ViewModel.MessageModel`1[[System.Collections.Generic.List`1[[Dragon.Core.ViewModel.MenuListItem, Dragon.Core.ViewModel, Version=1.0.0.0, Culture=neutral, PublicKeyToken=null]], System.Private.CoreLib, Version=6.0.0.0, Culture=neutral, PublicKeyToken=7cec85d7bea7798e]]'.
2022-11-11 12:16:28.423 +08:00 [INF] Executed action Dragon.Core.WebApi.Controllers.RoleController.GetRoleOwnMenuListAsync (Dragon.Core.WebApi) in 18.3749ms
2022-11-11 12:16:28.424 +08:00 [INF] Executed endpoint 'Dragon.Core.WebApi.Controllers.RoleController.GetRoleOwnMenuListAsync (Dragon.Core.WebApi)'
2022-11-11 12:16:28.426 +08:00 [INF] Request finished HTTP/1.1 GET http://localhost:5135/sysRole/ownmenu?id=1 - - - 200 12112 application/json;+charset=utf-8 31.5658ms
2022-11-11 12:16:39.291 +08:00 [INF] Request starting HTTP/1.1 GET http://localhost:5135/getapilist - -
2022-11-11 12:16:39.295 +08:00 [INF] {"Ip":"::ffff:127.0.0.1","Url":"/getapilist","Datetime":"2022-11-11 12:16:39","Date":"2022-11-11","Week":"周五"}
2022-11-11 12:16:39.296 +08:00 [INF] Executing endpoint 'Dragon.Core.WebApi.Controllers.ApiModuleController.GetApiList (Dragon.Core.WebApi)'
2022-11-11 12:16:39.298 +08:00 [INF] Route matched with {action = "GetApiList", controller = "ApiModule"}. Executing controller action with signature System.Threading.Tasks.Task`1[Dragon.Core.ViewModel.MessageModel`1[System.Collections.Generic.List`1[Dragon.Core.ViewModel.ApiModuleViewModel]]] GetApiList(System.String, Int32) on controller Dragon.Core.WebApi.Controllers.ApiModuleController (Dragon.Core.WebApi).
2022-11-11 12:16:39.301 +08:00 [INF] Executing ObjectResult, writing value of type 'Dragon.Core.ViewModel.MessageModel`1[[System.Collections.Generic.List`1[[Dragon.Core.ViewModel.ApiModuleViewModel, Dragon.Core.ViewModel, Version=1.0.0.0, Culture=neutral, PublicKeyToken=null]], System.Private.CoreLib, Version=6.0.0.0, Culture=neutral, PublicKeyToken=7cec85d7bea7798e]]'.
2022-11-11 12:16:39.303 +08:00 [INF] Executed action Dragon.Core.WebApi.Controllers.ApiModuleController.GetApiList (Dragon.Core.WebApi) in 3.2187ms
2022-11-11 12:16:39.305 +08:00 [INF] Executed endpoint 'Dragon.Core.WebApi.Controllers.ApiModuleController.GetApiList (Dragon.Core.WebApi)'
2022-11-11 12:16:39.316 +08:00 [INF] Request finished HTTP/1.1 GET http://localhost:5135/getapilist - - - 200 5020 application/json;+charset=utf-8 25.2566ms
2022-11-11 12:16:51.917 +08:00 [INF] Request starting HTTP/1.1 GET http://localhost:5135/getUserInfo - -
2022-11-11 12:16:51.919 +08:00 [INF] Executing endpoint 'Dragon.Core.WebApi.Controllers.AuthController.GetUserInfo (Dragon.Core.WebApi)'
2022-11-11 12:16:51.920 +08:00 [INF] Route matched with {action = "GetUserInfo", controller = "Auth"}. Executing controller action with signature System.Threading.Tasks.Task`1[Dragon.Core.ViewModel.MessageModel`1[Dragon.Core.ViewModel.UserInfoModel]] GetUserInfo() on controller Dragon.Core.WebApi.Controllers.AuthController (Dragon.Core.WebApi).
2022-11-11 12:16:51.926 +08:00 [INF] Executing ObjectResult, writing value of type 'Dragon.Core.ViewModel.MessageModel`1[[Dragon.Core.ViewModel.UserInfoModel, Dragon.Core.ViewModel, Version=1.0.0.0, Culture=neutral, PublicKeyToken=null]]'.
2022-11-11 12:16:51.928 +08:00 [INF] Executed action Dragon.Core.WebApi.Controllers.AuthController.GetUserInfo (Dragon.Core.WebApi) in 4.8063ms
2022-11-11 12:16:51.929 +08:00 [INF] Executed endpoint 'Dragon.Core.WebApi.Controllers.AuthController.GetUserInfo (Dragon.Core.WebApi)'
2022-11-11 12:16:51.931 +08:00 [INF] Request finished HTTP/1.1 GET http://localhost:5135/getUserInfo - - - 200 201 application/json;+charset=utf-8 13.6384ms
2022-11-11 12:16:51.945 +08:00 [INF] Request starting HTTP/1.1 GET http://localhost:5135/getPermCode - -
2022-11-11 12:16:51.947 +08:00 [INF] Executing endpoint 'Dragon.Core.WebApi.Controllers.SysMenuController.GetPermCode (Dragon.Core.WebApi)'
2022-11-11 12:16:51.948 +08:00 [INF] Route matched with {action = "GetPermCode", controller = "SysMenu"}. Executing controller action with signature System.Threading.Tasks.Task`1[Dragon.Core.ViewModel.MessageModel`1[System.Collections.Generic.List`1[System.String]]] GetPermCode() on controller Dragon.Core.WebApi.Controllers.SysMenuController (Dragon.Core.WebApi).
2022-11-11 12:16:51.953 +08:00 [INF] Executing ObjectResult, writing value of type 'Dragon.Core.ViewModel.MessageModel`1[[System.Collections.Generic.List`1[[System.String, System.Private.CoreLib, Version=6.0.0.0, Culture=neutral, PublicKeyToken=7cec85d7bea7798e]], System.Private.CoreLib, Version=6.0.0.0, Culture=neutral, PublicKeyToken=7cec85d7bea7798e]]'.
2022-11-11 12:16:51.955 +08:00 [INF] Executed action Dragon.Core.WebApi.Controllers.SysMenuController.GetPermCode (Dragon.Core.WebApi) in 4.3902ms
2022-11-11 12:16:51.956 +08:00 [INF] Executed endpoint 'Dragon.Core.WebApi.Controllers.SysMenuController.GetPermCode (Dragon.Core.WebApi)'
2022-11-11 12:16:51.959 +08:00 [INF] Request finished HTTP/1.1 GET http://localhost:5135/getPermCode - - - 200 503 application/json;+charset=utf-8 14.5273ms
2022-11-11 12:16:51.962 +08:00 [INF] Request starting HTTP/1.1 GET http://localhost:5135/getMenuList - -
2022-11-11 12:16:51.963 +08:00 [INF] Executing endpoint 'Dragon.Core.WebApi.Controllers.SysMenuController.GetLoginMenuTree (Dragon.Core.WebApi)'
2022-11-11 12:16:51.965 +08:00 [INF] Route matched with {action = "GetLoginMenuTree", controller = "SysMenu"}. Executing controller action with signature System.Threading.Tasks.Task`1[Dragon.Core.ViewModel.MessageModel`1[System.Collections.Generic.List`1[Dragon.Core.ViewModel.MenuTreeViewModel]]] GetLoginMenuTree() on controller Dragon.Core.WebApi.Controllers.SysMenuController (Dragon.Core.WebApi).
2022-11-11 12:16:51.970 +08:00 [INF] Executing ObjectResult, writing value of type 'Dragon.Core.ViewModel.MessageModel`1[[System.Collections.Generic.List`1[[Dragon.Core.ViewModel.MenuTreeViewModel, Dragon.Core.ViewModel, Version=1.0.0.0, Culture=neutral, PublicKeyToken=null]], System.Private.CoreLib, Version=6.0.0.0, Culture=neutral, PublicKeyToken=7cec85d7bea7798e]]'.
2022-11-11 12:16:51.972 +08:00 [INF] Executed action Dragon.Core.WebApi.Controllers.SysMenuController.GetLoginMenuTree (Dragon.Core.WebApi) in 3.879ms
2022-11-11 12:16:51.975 +08:00 [INF] Executed endpoint 'Dragon.Core.WebApi.Controllers.SysMenuController.GetLoginMenuTree (Dragon.Core.WebApi)'
2022-11-11 12:16:51.977 +08:00 [INF] Request finished HTTP/1.1 GET http://localhost:5135/getMenuList - - - 200 5136 application/json;+charset=utf-8 15.3822ms
2022-11-11 12:16:58.018 +08:00 [INF] Request starting HTTP/1.1 GET http://localhost:5135/sysMenu/list - -
2022-11-11 12:16:58.020 +08:00 [INF] Executing endpoint 'Dragon.Core.WebApi.Controllers.SysMenuController.MenuListAsync (Dragon.Core.WebApi)'
2022-11-11 12:16:58.021 +08:00 [INF] Route matched with {action = "MenuList", controller = "SysMenu"}. Executing controller action with signature System.Threading.Tasks.Task`1[Dragon.Core.ViewModel.MessageModel`1[System.Collections.Generic.List`1[Dragon.Core.ViewModel.MenuListItem]]] MenuListAsync(Dragon.Core.ViewModel.MenuParams) on controller Dragon.Core.WebApi.Controllers.SysMenuController (Dragon.Core.WebApi).
2022-11-11 12:16:58.028 +08:00 [INF] Executing ObjectResult, writing value of type 'Dragon.Core.ViewModel.MessageModel`1[[System.Collections.Generic.List`1[[Dragon.Core.ViewModel.MenuListItem, Dragon.Core.ViewModel, Version=1.0.0.0, Culture=neutral, PublicKeyToken=null]], System.Private.CoreLib, Version=6.0.0.0, Culture=neutral, PublicKeyToken=7cec85d7bea7798e]]'.
2022-11-11 12:16:58.031 +08:00 [INF] Executed action Dragon.Core.WebApi.Controllers.SysMenuController.MenuListAsync (Dragon.Core.WebApi) in 7.2698ms
2022-11-11 12:16:58.033 +08:00 [INF] Executed endpoint 'Dragon.Core.WebApi.Controllers.SysMenuController.MenuListAsync (Dragon.Core.WebApi)'
2022-11-11 12:16:58.034 +08:00 [INF] Request finished HTTP/1.1 GET http://localhost:5135/sysMenu/list - - - 200 13241 application/json;+charset=utf-8 16.2328ms
2022-11-11 12:17:39.296 +08:00 [INF] Request starting HTTP/1.1 GET http://localhost:5135/sysMenu/list - -
2022-11-11 12:17:39.301 +08:00 [INF] Executing endpoint 'Dragon.Core.WebApi.Controllers.SysMenuController.MenuListAsync (Dragon.Core.WebApi)'
2022-11-11 12:17:39.303 +08:00 [INF] Route matched with {action = "MenuList", controller = "SysMenu"}. Executing controller action with signature System.Threading.Tasks.Task`1[Dragon.Core.ViewModel.MessageModel`1[System.Collections.Generic.List`1[Dragon.Core.ViewModel.MenuListItem]]] MenuListAsync(Dragon.Core.ViewModel.MenuParams) on controller Dragon.Core.WebApi.Controllers.SysMenuController (Dragon.Core.WebApi).
2022-11-11 12:17:39.308 +08:00 [INF] Executing ObjectResult, writing value of type 'Dragon.Core.ViewModel.MessageModel`1[[System.Collections.Generic.List`1[[Dragon.Core.ViewModel.MenuListItem, Dragon.Core.ViewModel, Version=1.0.0.0, Culture=neutral, PublicKeyToken=null]], System.Private.CoreLib, Version=6.0.0.0, Culture=neutral, PublicKeyToken=7cec85d7bea7798e]]'.
2022-11-11 12:17:39.311 +08:00 [INF] Executed action Dragon.Core.WebApi.Controllers.SysMenuController.MenuListAsync (Dragon.Core.WebApi) in 5.2682ms
2022-11-11 12:17:39.313 +08:00 [INF] Executed endpoint 'Dragon.Core.WebApi.Controllers.SysMenuController.MenuListAsync (Dragon.Core.WebApi)'
2022-11-11 12:17:39.318 +08:00 [INF] Request finished HTTP/1.1 GET http://localhost:5135/sysMenu/list - - - 200 13241 application/json;+charset=utf-8 22.1200ms
2022-11-11 12:17:56.561 +08:00 [INF] Request starting HTTP/1.1 GET http://localhost:5135/sysMenu/list - -
2022-11-11 12:17:56.563 +08:00 [INF] Executing endpoint 'Dragon.Core.WebApi.Controllers.SysMenuController.MenuListAsync (Dragon.Core.WebApi)'
2022-11-11 12:17:56.564 +08:00 [INF] Route matched with {action = "MenuList", controller = "SysMenu"}. Executing controller action with signature System.Threading.Tasks.Task`1[Dragon.Core.ViewModel.MessageModel`1[System.Collections.Generic.List`1[Dragon.Core.ViewModel.MenuListItem]]] MenuListAsync(Dragon.Core.ViewModel.MenuParams) on controller Dragon.Core.WebApi.Controllers.SysMenuController (Dragon.Core.WebApi).
2022-11-11 12:17:56.569 +08:00 [INF] Executing ObjectResult, writing value of type 'Dragon.Core.ViewModel.MessageModel`1[[System.Collections.Generic.List`1[[Dragon.Core.ViewModel.MenuListItem, Dragon.Core.ViewModel, Version=1.0.0.0, Culture=neutral, PublicKeyToken=null]], System.Private.CoreLib, Version=6.0.0.0, Culture=neutral, PublicKeyToken=7cec85d7bea7798e]]'.
2022-11-11 12:17:56.571 +08:00 [INF] Executed action Dragon.Core.WebApi.Controllers.SysMenuController.MenuListAsync (Dragon.Core.WebApi) in 4.2905ms
2022-11-11 12:17:56.572 +08:00 [INF] Executed endpoint 'Dragon.Core.WebApi.Controllers.SysMenuController.MenuListAsync (Dragon.Core.WebApi)'
2022-11-11 12:17:56.574 +08:00 [INF] Request finished HTTP/1.1 GET http://localhost:5135/sysMenu/list - - - 200 13241 application/json;+charset=utf-8 12.2400ms
2022-11-11 12:18:22.467 +08:00 [INF] Request starting HTTP/1.1 GET http://localhost:5135/sysMenu/list - -
2022-11-11 12:18:22.469 +08:00 [INF] Executing endpoint 'Dragon.Core.WebApi.Controllers.SysMenuController.MenuListAsync (Dragon.Core.WebApi)'
2022-11-11 12:18:22.470 +08:00 [INF] Route matched with {action = "MenuList", controller = "SysMenu"}. Executing controller action with signature System.Threading.Tasks.Task`1[Dragon.Core.ViewModel.MessageModel`1[System.Collections.Generic.List`1[Dragon.Core.ViewModel.MenuListItem]]] MenuListAsync(Dragon.Core.ViewModel.MenuParams) on controller Dragon.Core.WebApi.Controllers.SysMenuController (Dragon.Core.WebApi).
2022-11-11 12:18:22.479 +08:00 [INF] Executing ObjectResult, writing value of type 'Dragon.Core.ViewModel.MessageModel`1[[System.Collections.Generic.List`1[[Dragon.Core.ViewModel.MenuListItem, Dragon.Core.ViewModel, Version=1.0.0.0, Culture=neutral, PublicKeyToken=null]], System.Private.CoreLib, Version=6.0.0.0, Culture=neutral, PublicKeyToken=7cec85d7bea7798e]]'.
2022-11-11 12:18:22.481 +08:00 [INF] Executed action Dragon.Core.WebApi.Controllers.SysMenuController.MenuListAsync (Dragon.Core.WebApi) in 8.6063ms
2022-11-11 12:18:22.490 +08:00 [INF] Executed endpoint 'Dragon.Core.WebApi.Controllers.SysMenuController.MenuListAsync (Dragon.Core.WebApi)'
2022-11-11 12:18:22.492 +08:00 [INF] Request finished HTTP/1.1 GET http://localhost:5135/sysMenu/list - - - 200 13241 application/json;+charset=utf-8 24.2910ms
2022-11-11 12:18:44.562 +08:00 [INF] Request starting HTTP/1.1 PUT http://localhost:5135/sysMenu/update application/json;charset=UTF-8 247
2022-11-11 12:18:44.566 +08:00 [INF] CORS policy execution successful.
2022-11-11 12:18:44.584 +08:00 [INF] Executing endpoint 'Dragon.Core.WebApi.Controllers.SysMenuController.UpdateMenuAsync (Dragon.Core.WebApi)'
2022-11-11 12:18:44.589 +08:00 [INF] Route matched with {action = "UpdateMenu", controller = "SysMenu"}. Executing controller action with signature System.Threading.Tasks.Task`1[Dragon.Core.ViewModel.MessageModel`1[System.Boolean]] UpdateMenuAsync(Dragon.Core.ViewModel.MenuInput) on controller Dragon.Core.WebApi.Controllers.SysMenuController (Dragon.Core.WebApi).
2022-11-11 12:18:44.776 +08:00 [INF] Executing ObjectResult, writing value of type 'Dragon.Core.ViewModel.MessageModel`1[[System.Boolean, System.Private.CoreLib, Version=6.0.0.0, Culture=neutral, PublicKeyToken=7cec85d7bea7798e]]'.
2022-11-11 12:18:44.781 +08:00 [INF] Executed action Dragon.Core.WebApi.Controllers.SysMenuController.UpdateMenuAsync (Dragon.Core.WebApi) in 187.4353ms
2022-11-11 12:18:44.785 +08:00 [INF] Executed endpoint 'Dragon.Core.WebApi.Controllers.SysMenuController.UpdateMenuAsync (Dragon.Core.WebApi)'
2022-11-11 12:18:44.789 +08:00 [INF] Request finished HTTP/1.1 PUT http://localhost:5135/sysMenu/update application/json;charset=UTF-8 247 - 200 58 application/json;+charset=utf-8 227.4832ms
2022-11-11 12:18:56.156 +08:00 [INF] Request starting HTTP/1.1 GET http://localhost:5135/sysMenu/list - -
2022-11-11 12:18:56.159 +08:00 [INF] Executing endpoint 'Dragon.Core.WebApi.Controllers.SysMenuController.MenuListAsync (Dragon.Core.WebApi)'
2022-11-11 12:18:56.161 +08:00 [INF] Route matched with {action = "MenuList", controller = "SysMenu"}. Executing controller action with signature System.Threading.Tasks.Task`1[Dragon.Core.ViewModel.MessageModel`1[System.Collections.Generic.List`1[Dragon.Core.ViewModel.MenuListItem]]] MenuListAsync(Dragon.Core.ViewModel.MenuParams) on controller Dragon.Core.WebApi.Controllers.SysMenuController (Dragon.Core.WebApi).
2022-11-11 12:18:56.165 +08:00 [INF] Executing ObjectResult, writing value of type 'Dragon.Core.ViewModel.MessageModel`1[[System.Collections.Generic.List`1[[Dragon.Core.ViewModel.MenuListItem, Dragon.Core.ViewModel, Version=1.0.0.0, Culture=neutral, PublicKeyToken=null]], System.Private.CoreLib, Version=6.0.0.0, Culture=neutral, PublicKeyToken=7cec85d7bea7798e]]'.
2022-11-11 12:18:56.167 +08:00 [INF] Executed action Dragon.Core.WebApi.Controllers.SysMenuController.MenuListAsync (Dragon.Core.WebApi) in 3.9535ms
2022-11-11 12:18:56.168 +08:00 [INF] Executed endpoint 'Dragon.Core.WebApi.Controllers.SysMenuController.MenuListAsync (Dragon.Core.WebApi)'
2022-11-11 12:18:56.169 +08:00 [INF] Request finished HTTP/1.1 GET http://localhost:5135/sysMenu/list - - - 200 13249 application/json;+charset=utf-8 13.0321ms
2022-11-11 12:18:56.244 +08:00 [INF] Request starting HTTP/1.1 GET http://localhost:5135/getapilist - -
2022-11-11 12:18:56.247 +08:00 [INF] {"Ip":"::ffff:127.0.0.1","Url":"/getapilist","Datetime":"2022-11-11 12:18:56","Date":"2022-11-11","Week":"周五"}
2022-11-11 12:18:56.248 +08:00 [INF] Executing endpoint 'Dragon.Core.WebApi.Controllers.ApiModuleController.GetApiList (Dragon.Core.WebApi)'
2022-11-11 12:18:56.250 +08:00 [INF] Route matched with {action = "GetApiList", controller = "ApiModule"}. Executing controller action with signature System.Threading.Tasks.Task`1[Dragon.Core.ViewModel.MessageModel`1[System.Collections.Generic.List`1[Dragon.Core.ViewModel.ApiModuleViewModel]]] GetApiList(System.String, Int32) on controller Dragon.Core.WebApi.Controllers.ApiModuleController (Dragon.Core.WebApi).
2022-11-11 12:18:56.253 +08:00 [INF] Executing ObjectResult, writing value of type 'Dragon.Core.ViewModel.MessageModel`1[[System.Collections.Generic.List`1[[Dragon.Core.ViewModel.ApiModuleViewModel, Dragon.Core.ViewModel, Version=1.0.0.0, Culture=neutral, PublicKeyToken=null]], System.Private.CoreLib, Version=6.0.0.0, Culture=neutral, PublicKeyToken=7cec85d7bea7798e]]'.
2022-11-11 12:18:56.254 +08:00 [INF] Executed action Dragon.Core.WebApi.Controllers.ApiModuleController.GetApiList (Dragon.Core.WebApi) in 2.7335ms
2022-11-11 12:18:56.256 +08:00 [INF] Executed endpoint 'Dragon.Core.WebApi.Controllers.ApiModuleController.GetApiList (Dragon.Core.WebApi)'
2022-11-11 12:18:56.266 +08:00 [INF] Request finished HTTP/1.1 GET http://localhost:5135/getapilist - - - 200 5020 application/json;+charset=utf-8 21.2845ms
2022-11-11 12:19:02.910 +08:00 [INF] Request starting HTTP/1.1 PUT http://localhost:5135/sysMenu/update application/json;charset=UTF-8 273
2022-11-11 12:19:02.912 +08:00 [INF] CORS policy execution successful.
2022-11-11 12:19:02.914 +08:00 [INF] Executing endpoint 'Dragon.Core.WebApi.Controllers.SysMenuController.UpdateMenuAsync (Dragon.Core.WebApi)'
2022-11-11 12:19:02.916 +08:00 [INF] Route matched with {action = "UpdateMenu", controller = "SysMenu"}. Executing controller action with signature System.Threading.Tasks.Task`1[Dragon.Core.ViewModel.MessageModel`1[System.Boolean]] UpdateMenuAsync(Dragon.Core.ViewModel.MenuInput) on controller Dragon.Core.WebApi.Controllers.SysMenuController (Dragon.Core.WebApi).
2022-11-11 12:19:02.935 +08:00 [INF] Executing ObjectResult, writing value of type 'Dragon.Core.ViewModel.MessageModel`1[[System.Boolean, System.Private.CoreLib, Version=6.0.0.0, Culture=neutral, PublicKeyToken=7cec85d7bea7798e]]'.
2022-11-11 12:19:02.937 +08:00 [INF] Executed action Dragon.Core.WebApi.Controllers.SysMenuController.UpdateMenuAsync (Dragon.Core.WebApi) in 18.9691ms
2022-11-11 12:19:02.945 +08:00 [INF] Executed endpoint 'Dragon.Core.WebApi.Controllers.SysMenuController.UpdateMenuAsync (Dragon.Core.WebApi)'
2022-11-11 12:19:02.946 +08:00 [INF] Request finished HTTP/1.1 PUT http://localhost:5135/sysMenu/update application/json;charset=UTF-8 273 - 200 58 application/json;+charset=utf-8 35.9184ms
2022-11-11 12:19:06.652 +08:00 [INF] Request starting HTTP/1.1 GET http://localhost:5135/sysfile/page - -
2022-11-11 12:19:06.654 +08:00 [INF] Request finished HTTP/1.1 GET http://localhost:5135/sysfile/page - - - 404 - text/plain 1.8266ms
2022-11-11 12:19:06.763 +08:00 [INF] Request starting HTTP/1.1 GET http://localhost:5135/sysfile/page - -
2022-11-11 12:19:06.765 +08:00 [INF] Request finished HTTP/1.1 GET http://localhost:5135/sysfile/page - - - 404 - text/plain 1.7250ms
2022-11-11 12:19:06.877 +08:00 [INF] Request starting HTTP/1.1 GET http://localhost:5135/sysfile/page - -
2022-11-11 12:19:06.879 +08:00 [INF] Request finished HTTP/1.1 GET http://localhost:5135/sysfile/page - - - 404 - text/plain 2.2852ms
2022-11-11 12:19:06.993 +08:00 [INF] Request starting HTTP/1.1 GET http://localhost:5135/sysfile/page - -
2022-11-11 12:19:06.995 +08:00 [INF] Request finished HTTP/1.1 GET http://localhost:5135/sysfile/page - - - 404 - text/plain 1.8134ms
2022-11-11 12:19:07.105 +08:00 [INF] Request starting HTTP/1.1 GET http://localhost:5135/sysfile/page - -
2022-11-11 12:19:07.106 +08:00 [INF] Request finished HTTP/1.1 GET http://localhost:5135/sysfile/page - - - 404 - text/plain 1.6213ms
2022-11-11 12:19:07.211 +08:00 [INF] Request starting HTTP/1.1 GET http://localhost:5135/sysfile/page - -
2022-11-11 12:19:07.213 +08:00 [INF] Request finished HTTP/1.1 GET http://localhost:5135/sysfile/page - - - 404 - text/plain 1.6160ms
2022-11-11 13:07:28.537 +08:00 [INF] Request starting HTTP/1.1 GET http://localhost:5135/getUserInfo - -
2022-11-11 13:07:28.546 +08:00 [INF] Executing endpoint 'Dragon.Core.WebApi.Controllers.AuthController.GetUserInfo (Dragon.Core.WebApi)'
2022-11-11 13:07:28.548 +08:00 [INF] Route matched with {action = "GetUserInfo", controller = "Auth"}. Executing controller action with signature System.Threading.Tasks.Task`1[Dragon.Core.ViewModel.MessageModel`1[Dragon.Core.ViewModel.UserInfoModel]] GetUserInfo() on controller Dragon.Core.WebApi.Controllers.AuthController (Dragon.Core.WebApi).
2022-11-11 13:07:28.554 +08:00 [INF] Executing ObjectResult, writing value of type 'Dragon.Core.ViewModel.MessageModel`1[[Dragon.Core.ViewModel.UserInfoModel, Dragon.Core.ViewModel, Version=1.0.0.0, Culture=neutral, PublicKeyToken=null]]'.
2022-11-11 13:07:28.556 +08:00 [INF] Executed action Dragon.Core.WebApi.Controllers.AuthController.GetUserInfo (Dragon.Core.WebApi) in 5.058ms
2022-11-11 13:07:28.557 +08:00 [INF] Executed endpoint 'Dragon.Core.WebApi.Controllers.AuthController.GetUserInfo (Dragon.Core.WebApi)'
2022-11-11 13:07:28.563 +08:00 [INF] Request finished HTTP/1.1 GET http://localhost:5135/getUserInfo - - - 200 201 application/json;+charset=utf-8 25.6509ms
2022-11-11 13:07:28.576 +08:00 [INF] Request starting HTTP/1.1 GET http://localhost:5135/getPermCode - -
2022-11-11 13:07:28.580 +08:00 [INF] Executing endpoint 'Dragon.Core.WebApi.Controllers.SysMenuController.GetPermCode (Dragon.Core.WebApi)'
2022-11-11 13:07:28.581 +08:00 [INF] Route matched with {action = "GetPermCode", controller = "SysMenu"}. Executing controller action with signature System.Threading.Tasks.Task`1[Dragon.Core.ViewModel.MessageModel`1[System.Collections.Generic.List`1[System.String]]] GetPermCode() on controller Dragon.Core.WebApi.Controllers.SysMenuController (Dragon.Core.WebApi).
2022-11-11 13:07:28.585 +08:00 [INF] Executing ObjectResult, writing value of type 'Dragon.Core.ViewModel.MessageModel`1[[System.Collections.Generic.List`1[[System.String, System.Private.CoreLib, Version=6.0.0.0, Culture=neutral, PublicKeyToken=7cec85d7bea7798e]], System.Private.CoreLib, Version=6.0.0.0, Culture=neutral, PublicKeyToken=7cec85d7bea7798e]]'.
2022-11-11 13:07:28.587 +08:00 [INF] Executed action Dragon.Core.WebApi.Controllers.SysMenuController.GetPermCode (Dragon.Core.WebApi) in 3.8699ms
2022-11-11 13:07:28.589 +08:00 [INF] Executed endpoint 'Dragon.Core.WebApi.Controllers.SysMenuController.GetPermCode (Dragon.Core.WebApi)'
2022-11-11 13:07:28.590 +08:00 [INF] Request finished HTTP/1.1 GET http://localhost:5135/getPermCode - - - 200 503 application/json;+charset=utf-8 14.3064ms
2022-11-11 13:07:28.597 +08:00 [INF] Request starting HTTP/1.1 GET http://localhost:5135/getMenuList - -
2022-11-11 13:07:28.598 +08:00 [INF] Executing endpoint 'Dragon.Core.WebApi.Controllers.SysMenuController.GetLoginMenuTree (Dragon.Core.WebApi)'
2022-11-11 13:07:28.599 +08:00 [INF] Route matched with {action = "GetLoginMenuTree", controller = "SysMenu"}. Executing controller action with signature System.Threading.Tasks.Task`1[Dragon.Core.ViewModel.MessageModel`1[System.Collections.Generic.List`1[Dragon.Core.ViewModel.MenuTreeViewModel]]] GetLoginMenuTree() on controller Dragon.Core.WebApi.Controllers.SysMenuController (Dragon.Core.WebApi).
2022-11-11 13:07:28.602 +08:00 [INF] Executing ObjectResult, writing value of type 'Dragon.Core.ViewModel.MessageModel`1[[System.Collections.Generic.List`1[[Dragon.Core.ViewModel.MenuTreeViewModel, Dragon.Core.ViewModel, Version=1.0.0.0, Culture=neutral, PublicKeyToken=null]], System.Private.CoreLib, Version=6.0.0.0, Culture=neutral, PublicKeyToken=7cec85d7bea7798e]]'.
2022-11-11 13:07:28.604 +08:00 [INF] Executed action Dragon.Core.WebApi.Controllers.SysMenuController.GetLoginMenuTree (Dragon.Core.WebApi) in 2.9735ms
2022-11-11 13:07:28.606 +08:00 [INF] Executed endpoint 'Dragon.Core.WebApi.Controllers.SysMenuController.GetLoginMenuTree (Dragon.Core.WebApi)'
2022-11-11 13:07:28.608 +08:00 [INF] Request finished HTTP/1.1 GET http://localhost:5135/getMenuList - - - 200 5144 application/json;+charset=utf-8 11.1798ms
2022-11-11 13:07:34.285 +08:00 [INF] Request starting HTTP/1.1 GET http://localhost:5135/logout - -
2022-11-11 13:07:34.288 +08:00 [INF] Executing endpoint 'Dragon.Core.WebApi.Controllers.AuthController.Logout (Dragon.Core.WebApi)'
2022-11-11 13:07:34.292 +08:00 [INF] Route matched with {action = "Logout", controller = "Auth"}. Executing controller action with signature System.Threading.Tasks.Task`1[Dragon.Core.ViewModel.MessageModel`1[System.String]] Logout() on controller Dragon.Core.WebApi.Controllers.AuthController (Dragon.Core.WebApi).
2022-11-11 13:07:34.298 +08:00 [INF] Executing ObjectResult, writing value of type 'Dragon.Core.ViewModel.MessageModel`1[[System.String, System.Private.CoreLib, Version=6.0.0.0, Culture=neutral, PublicKeyToken=7cec85d7bea7798e]]'.
2022-11-11 13:07:34.301 +08:00 [INF] Executed action Dragon.Core.WebApi.Controllers.AuthController.Logout (Dragon.Core.WebApi) in 4.1908ms
2022-11-11 13:07:34.303 +08:00 [INF] Executed endpoint 'Dragon.Core.WebApi.Controllers.AuthController.Logout (Dragon.Core.WebApi)'
2022-11-11 13:07:34.304 +08:00 [INF] Request finished HTTP/1.1 GET http://localhost:5135/logout - - - 200 56 application/json;+charset=utf-8 19.1569ms
2022-11-11 13:08:04.600 +08:00 [INF] Request starting HTTP/1.1 POST http://localhost:5135/login application/json;charset=UTF-8 41
2022-11-11 13:08:04.603 +08:00 [INF] CORS policy execution successful.
2022-11-11 13:08:04.604 +08:00 [INF] Executing endpoint 'Dragon.Core.WebApi.Controllers.AuthController.Login (Dragon.Core.WebApi)'
2022-11-11 13:08:04.606 +08:00 [INF] Route matched with {action = "Login", controller = "Auth"}. Executing controller action with signature System.Threading.Tasks.Task`1[Dragon.Core.ViewModel.MessageModel`1[Dragon.Core.ViewModel.TokenInfoViewModel]] Login(Dragon.Core.ViewModel.LoginInput) on controller Dragon.Core.WebApi.Controllers.AuthController (Dragon.Core.WebApi).
2022-11-11 13:08:04.609 +08:00 [INF] Executing ObjectResult, writing value of type 'Dragon.Core.ViewModel.MessageModel`1[[Dragon.Core.ViewModel.TokenInfoViewModel, Dragon.Core.ViewModel, Version=1.0.0.0, Culture=neutral, PublicKeyToken=null]]'.
2022-11-11 13:08:04.611 +08:00 [INF] Executed action Dragon.Core.WebApi.Controllers.AuthController.Login (Dragon.Core.WebApi) in 3.3868ms
2022-11-11 13:08:04.642 +08:00 [INF] Request starting HTTP/1.1 GET http://localhost:5135/getUserInfo - -
2022-11-11 13:08:04.647 +08:00 [INF] Executed endpoint 'Dragon.Core.WebApi.Controllers.AuthController.Login (Dragon.Core.WebApi)'
2022-11-11 13:08:04.657 +08:00 [INF] Executing endpoint 'Dragon.Core.WebApi.Controllers.AuthController.GetUserInfo (Dragon.Core.WebApi)'
2022-11-11 13:08:04.657 +08:00 [INF] Request finished HTTP/1.1 POST http://localhost:5135/login application/json;charset=UTF-8 41 - 200 696 application/json;+charset=utf-8 58.1641ms
2022-11-11 13:08:04.659 +08:00 [INF] Route matched with {action = "GetUserInfo", controller = "Auth"}. Executing controller action with signature System.Threading.Tasks.Task`1[Dragon.Core.ViewModel.MessageModel`1[Dragon.Core.ViewModel.UserInfoModel]] GetUserInfo() on controller Dragon.Core.WebApi.Controllers.AuthController (Dragon.Core.WebApi).
2022-11-11 13:08:04.663 +08:00 [INF] Executing ObjectResult, writing value of type 'Dragon.Core.ViewModel.MessageModel`1[[Dragon.Core.ViewModel.UserInfoModel, Dragon.Core.ViewModel, Version=1.0.0.0, Culture=neutral, PublicKeyToken=null]]'.
2022-11-11 13:08:04.665 +08:00 [INF] Executed action Dragon.Core.WebApi.Controllers.AuthController.GetUserInfo (Dragon.Core.WebApi) in 3.4024ms
2022-11-11 13:08:04.669 +08:00 [INF] Executed endpoint 'Dragon.Core.WebApi.Controllers.AuthController.GetUserInfo (Dragon.Core.WebApi)'
2022-11-11 13:08:04.670 +08:00 [INF] Request finished HTTP/1.1 GET http://localhost:5135/getUserInfo - - - 200 201 application/json;+charset=utf-8 28.1124ms
2022-11-11 13:08:04.672 +08:00 [INF] Request starting HTTP/1.1 GET http://localhost:5135/getPermCode - -
2022-11-11 13:08:04.674 +08:00 [INF] Executing endpoint 'Dragon.Core.WebApi.Controllers.SysMenuController.GetPermCode (Dragon.Core.WebApi)'
2022-11-11 13:08:04.675 +08:00 [INF] Route matched with {action = "GetPermCode", controller = "SysMenu"}. Executing controller action with signature System.Threading.Tasks.Task`1[Dragon.Core.ViewModel.MessageModel`1[System.Collections.Generic.List`1[System.String]]] GetPermCode() on controller Dragon.Core.WebApi.Controllers.SysMenuController (Dragon.Core.WebApi).
2022-11-11 13:08:04.679 +08:00 [INF] Executing ObjectResult, writing value of type 'Dragon.Core.ViewModel.MessageModel`1[[System.Collections.Generic.List`1[[System.String, System.Private.CoreLib, Version=6.0.0.0, Culture=neutral, PublicKeyToken=7cec85d7bea7798e]], System.Private.CoreLib, Version=6.0.0.0, Culture=neutral, PublicKeyToken=7cec85d7bea7798e]]'.
2022-11-11 13:08:04.680 +08:00 [INF] Executed action Dragon.Core.WebApi.Controllers.SysMenuController.GetPermCode (Dragon.Core.WebApi) in 3.2201ms
2022-11-11 13:08:04.682 +08:00 [INF] Executed endpoint 'Dragon.Core.WebApi.Controllers.SysMenuController.GetPermCode (Dragon.Core.WebApi)'
2022-11-11 13:08:04.683 +08:00 [INF] Request finished HTTP/1.1 GET http://localhost:5135/getPermCode - - - 200 503 application/json;+charset=utf-8 10.7101ms
2022-11-11 13:08:04.685 +08:00 [INF] Request starting HTTP/1.1 GET http://localhost:5135/getMenuList - -
2022-11-11 13:08:04.686 +08:00 [INF] Executing endpoint 'Dragon.Core.WebApi.Controllers.SysMenuController.GetLoginMenuTree (Dragon.Core.WebApi)'
2022-11-11 13:08:04.687 +08:00 [INF] Route matched with {action = "GetLoginMenuTree", controller = "SysMenu"}. Executing controller action with signature System.Threading.Tasks.Task`1[Dragon.Core.ViewModel.MessageModel`1[System.Collections.Generic.List`1[Dragon.Core.ViewModel.MenuTreeViewModel]]] GetLoginMenuTree() on controller Dragon.Core.WebApi.Controllers.SysMenuController (Dragon.Core.WebApi).
2022-11-11 13:08:04.691 +08:00 [INF] Executing ObjectResult, writing value of type 'Dragon.Core.ViewModel.MessageModel`1[[System.Collections.Generic.List`1[[Dragon.Core.ViewModel.MenuTreeViewModel, Dragon.Core.ViewModel, Version=1.0.0.0, Culture=neutral, PublicKeyToken=null]], System.Private.CoreLib, Version=6.0.0.0, Culture=neutral, PublicKeyToken=7cec85d7bea7798e]]'.
2022-11-11 13:08:04.693 +08:00 [INF] Executed action Dragon.Core.WebApi.Controllers.SysMenuController.GetLoginMenuTree (Dragon.Core.WebApi) in 3.5273ms
2022-11-11 13:08:04.695 +08:00 [INF] Executed endpoint 'Dragon.Core.WebApi.Controllers.SysMenuController.GetLoginMenuTree (Dragon.Core.WebApi)'
2022-11-11 13:08:04.696 +08:00 [INF] Request finished HTTP/1.1 GET http://localhost:5135/getMenuList - - - 200 5144 application/json;+charset=utf-8 11.3517ms
2022-11-11 13:08:10.035 +08:00 [INF] Request starting HTTP/1.1 GET http://localhost:5135/sysfile/page - -
2022-11-11 13:08:10.037 +08:00 [INF] Request finished HTTP/1.1 GET http://localhost:5135/sysfile/page - - - 404 - text/plain 1.5269ms
2022-11-11 13:08:10.158 +08:00 [INF] Request starting HTTP/1.1 GET http://localhost:5135/sysfile/page - -
2022-11-11 13:08:10.160 +08:00 [INF] Request finished HTTP/1.1 GET http://localhost:5135/sysfile/page - - - 404 - text/plain 1.7910ms
2022-11-11 13:08:10.268 +08:00 [INF] Request starting HTTP/1.1 GET http://localhost:5135/sysfile/page - -
2022-11-11 13:08:10.270 +08:00 [INF] Request finished HTTP/1.1 GET http://localhost:5135/sysfile/page - - - 404 - text/plain 1.5963ms
2022-11-11 13:08:10.376 +08:00 [INF] Request starting HTTP/1.1 GET http://localhost:5135/sysfile/page - -
2022-11-11 13:08:10.377 +08:00 [INF] Request finished HTTP/1.1 GET http://localhost:5135/sysfile/page - - - 404 - text/plain 1.9345ms
2022-11-11 13:08:10.486 +08:00 [INF] Request starting HTTP/1.1 GET http://localhost:5135/sysfile/page - -
2022-11-11 13:08:10.488 +08:00 [INF] Request finished HTTP/1.1 GET http://localhost:5135/sysfile/page - - - 404 - text/plain 1.5469ms
2022-11-11 13:08:10.595 +08:00 [INF] Request starting HTTP/1.1 GET http://localhost:5135/sysfile/page - -
2022-11-11 13:08:10.596 +08:00 [INF] Request finished HTTP/1.1 GET http://localhost:5135/sysfile/page - - - 404 - text/plain 1.6375ms
