2022-10-22 11:44:20.720 +08:00 [INF] Entity Framework Core 6.0.10 initialized 'EfDbContext' using provider 'Microsoft.EntityFrameworkCore.Sqlite:6.0.9' with options: MigrationsAssembly=DragonSea.Core.Data 
2022-10-22 11:44:20.934 +08:00 [INF] Executed DbCommand (21ms) [Parameters=[], CommandType='"Text"', CommandTimeout='30']
SELECT COUNT(*) FROM "sqlite_master" WHERE "type" = 'table' AND "rootpage" IS NOT NULL;
2022-10-22 11:44:21.349 +08:00 [INF] Executed DbCommand (1ms) [Parameters=[], CommandType='"Text"', CommandTimeout='30']
SELECT EXISTS (
    SELECT 1
    FROM "SysUser" AS "s")
2022-10-22 11:44:21.357 +08:00 [INF] Executed DbCommand (0ms) [Parameters=[], CommandType='"Text"', CommandTimeout='30']
SELECT EXISTS (
    SELECT 1
    FROM "SysRole" AS "s")
2022-10-22 11:44:21.360 +08:00 [INF] Executed DbCommand (0ms) [Parameters=[], CommandType='"Text"', CommandTimeout='30']
SELECT EXISTS (
    SELECT 1
    FROM "SysUserRole" AS "s")
2022-10-22 11:44:21.365 +08:00 [INF] Executed DbCommand (0ms) [Parameters=[], CommandType='"Text"', CommandTimeout='30']
SELECT EXISTS (
    SELECT 1
    FROM "SysMenu" AS "s")
2022-10-22 11:44:21.436 +08:00 [INF] User profile is available. Using 'C:\Users\longhaihua\AppData\Local\ASP.NET\DataProtection-Keys' as key repository and Windows DPAPI to encrypt keys at rest.
2022-10-22 11:44:21.572 +08:00 [INF] Now listening on: http://[::]:5135
2022-10-22 11:44:21.576 +08:00 [INF] Application started. Press Ctrl+C to shut down.
2022-10-22 11:44:21.577 +08:00 [INF] Hosting environment: Development
2022-10-22 11:44:21.579 +08:00 [INF] Content root path: C:\Users\longhaihua\Desktop\Dragon.Core\dragon.core\Dragon.Core.WebApi\
2022-10-22 11:44:22.866 +08:00 [INF] Request starting HTTP/1.1 GET http://localhost:5135/ - -
2022-10-22 11:44:23.019 +08:00 [INF] Request finished HTTP/1.1 GET http://localhost:5135/ - - - 301 0 - 157.1285ms
2022-10-22 11:44:23.035 +08:00 [INF] Request starting HTTP/1.1 GET http://localhost:5135/index.html - -
2022-10-22 11:44:23.280 +08:00 [INF] Request starting HTTP/1.1 GET http://localhost:5135/swagger-ui.css - -
2022-10-22 11:44:23.356 +08:00 [INF] Request starting HTTP/1.1 GET http://localhost:5135/_vs/browserLink - -
2022-10-22 11:44:23.372 +08:00 [INF] Request starting HTTP/1.1 GET http://localhost:5135/swagger-ui-bundle.js - -
2022-10-22 11:44:23.362 +08:00 [INF] Request starting HTTP/1.1 GET http://localhost:5135/swagger-ui-standalone-preset.js - -
2022-10-22 11:44:23.383 +08:00 [INF] Request starting HTTP/1.1 GET http://localhost:5135/_framework/aspnetcore-browser-refresh.js - -
2022-10-22 11:44:23.408 +08:00 [INF] Request finished HTTP/1.1 GET http://localhost:5135/index.html - - - 200 - text/html;charset=utf-8 372.5533ms
2022-10-22 11:44:23.416 +08:00 [INF] Request finished HTTP/1.1 GET http://localhost:5135/_framework/aspnetcore-browser-refresh.js - - - 200 12006 application/javascript;+charset=utf-8 33.7991ms
2022-10-22 11:44:23.488 +08:00 [INF] Sending file. Request path: '/swagger-ui.css'. Physical path: 'N/A'
2022-10-22 11:44:23.488 +08:00 [INF] Sending file. Request path: '/swagger-ui-standalone-preset.js'. Physical path: 'N/A'
2022-10-22 11:44:23.499 +08:00 [INF] Request finished HTTP/1.1 GET http://localhost:5135/swagger-ui.css - - - 200 143632 text/css 219.3762ms
2022-10-22 11:44:23.500 +08:00 [INF] Request finished HTTP/1.1 GET http://localhost:5135/swagger-ui-standalone-preset.js - - - 200 337162 application/javascript 138.2424ms
2022-10-22 11:44:23.504 +08:00 [INF] Sending file. Request path: '/swagger-ui-bundle.js'. Physical path: 'N/A'
2022-10-22 11:44:23.511 +08:00 [INF] Request finished HTTP/1.1 GET http://localhost:5135/swagger-ui-bundle.js - - - 200 1092889 application/javascript 142.9227ms
2022-10-22 11:44:23.574 +08:00 [INF] Request finished HTTP/1.1 GET http://localhost:5135/_vs/browserLink - - - 200 - text/javascript;+charset=UTF-8 217.4031ms
2022-10-22 11:44:23.674 +08:00 [INF] Request starting HTTP/1.1 GET http://localhost:5135/swagger/V1/swagger.json - -
2022-10-22 11:44:23.705 +08:00 [INF] Request starting HTTP/1.1 GET http://localhost:5135/favicon-32x32.png - -
2022-10-22 11:44:23.707 +08:00 [INF] Sending file. Request path: '/favicon-32x32.png'. Physical path: 'N/A'
2022-10-22 11:44:23.708 +08:00 [INF] Request finished HTTP/1.1 GET http://localhost:5135/favicon-32x32.png - - - 200 628 image/png 2.9693ms
2022-10-22 11:44:23.896 +08:00 [ERR] An unhandled exception has occurred while executing the request.
Swashbuckle.AspNetCore.SwaggerGen.SwaggerGeneratorException: Conflicting method/path combination "POST WeatherForecast" for actions - Dragon.Core.WebApi.Controllers.WeatherForecastController.Post (Dragon.Core.WebApi),Dragon.Core.WebApi.Controllers.WeatherForecastController.Test (Dragon.Core.WebApi). Actions require a unique method/path combination for Swagger/OpenAPI 3.0. Use ConflictingActionsResolver as a workaround
   at Swashbuckle.AspNetCore.SwaggerGen.SwaggerGenerator.GenerateOperations(IEnumerable`1 apiDescriptions, SchemaRepository schemaRepository)
   at Swashbuckle.AspNetCore.SwaggerGen.SwaggerGenerator.GeneratePaths(IEnumerable`1 apiDescriptions, SchemaRepository schemaRepository)
   at Swashbuckle.AspNetCore.SwaggerGen.SwaggerGenerator.GetSwaggerDocumentWithoutFilters(String documentName, String host, String basePath)
   at Swashbuckle.AspNetCore.SwaggerGen.SwaggerGenerator.GetSwaggerAsync(String documentName, String host, String basePath)
   at Swashbuckle.AspNetCore.Swagger.SwaggerMiddleware.Invoke(HttpContext httpContext, ISwaggerProvider swaggerProvider)
   at Microsoft.AspNetCore.Diagnostics.DeveloperExceptionPageMiddleware.Invoke(HttpContext context)
2022-10-22 11:44:23.937 +08:00 [INF] Request finished HTTP/1.1 GET http://localhost:5135/swagger/V1/swagger.json - - - 500 - text/plain;+charset=utf-8 262.4475ms
2022-10-22 11:45:44.515 +08:00 [INF] Entity Framework Core 6.0.10 initialized 'EfDbContext' using provider 'Microsoft.EntityFrameworkCore.Sqlite:6.0.9' with options: MigrationsAssembly=DragonSea.Core.Data 
2022-10-22 11:45:44.658 +08:00 [INF] Executed DbCommand (12ms) [Parameters=[], CommandType='"Text"', CommandTimeout='30']
SELECT COUNT(*) FROM "sqlite_master" WHERE "type" = 'table' AND "rootpage" IS NOT NULL;
2022-10-22 11:45:44.983 +08:00 [INF] Executed DbCommand (1ms) [Parameters=[], CommandType='"Text"', CommandTimeout='30']
SELECT EXISTS (
    SELECT 1
    FROM "SysUser" AS "s")
2022-10-22 11:45:44.993 +08:00 [INF] Executed DbCommand (0ms) [Parameters=[], CommandType='"Text"', CommandTimeout='30']
SELECT EXISTS (
    SELECT 1
    FROM "SysRole" AS "s")
2022-10-22 11:45:44.997 +08:00 [INF] Executed DbCommand (0ms) [Parameters=[], CommandType='"Text"', CommandTimeout='30']
SELECT EXISTS (
    SELECT 1
    FROM "SysUserRole" AS "s")
2022-10-22 11:45:45.001 +08:00 [INF] Executed DbCommand (0ms) [Parameters=[], CommandType='"Text"', CommandTimeout='30']
SELECT EXISTS (
    SELECT 1
    FROM "SysMenu" AS "s")
2022-10-22 11:45:45.054 +08:00 [INF] User profile is available. Using 'C:\Users\longhaihua\AppData\Local\ASP.NET\DataProtection-Keys' as key repository and Windows DPAPI to encrypt keys at rest.
2022-10-22 11:45:45.174 +08:00 [INF] Now listening on: http://[::]:5135
2022-10-22 11:45:45.177 +08:00 [INF] Application started. Press Ctrl+C to shut down.
2022-10-22 11:45:45.179 +08:00 [INF] Hosting environment: Development
2022-10-22 11:45:45.181 +08:00 [INF] Content root path: C:\Users\longhaihua\Desktop\Dragon.Core\dragon.core\Dragon.Core.WebApi\
2022-10-22 11:45:45.984 +08:00 [INF] Request starting HTTP/1.1 GET http://localhost:5135/index.html - -
2022-10-22 11:45:46.273 +08:00 [INF] Request starting HTTP/1.1 GET http://localhost:5135/_vs/browserLink - -
2022-10-22 11:45:46.283 +08:00 [INF] Request finished HTTP/1.1 GET http://localhost:5135/index.html - - - 200 - text/html;charset=utf-8 301.8698ms
2022-10-22 11:45:46.305 +08:00 [INF] Request starting HTTP/1.1 GET http://localhost:5135/_framework/aspnetcore-browser-refresh.js - -
2022-10-22 11:45:46.306 +08:00 [INF] Request finished HTTP/1.1 GET http://localhost:5135/_vs/browserLink - - - 200 - text/javascript;+charset=UTF-8 32.7249ms
2022-10-22 11:45:46.309 +08:00 [INF] Request finished HTTP/1.1 GET http://localhost:5135/_framework/aspnetcore-browser-refresh.js - - - 200 12006 application/javascript;+charset=utf-8 3.7923ms
2022-10-22 11:45:46.440 +08:00 [INF] Request starting HTTP/1.1 GET http://localhost:5135/swagger/V1/swagger.json - -
2022-10-22 11:45:46.629 +08:00 [INF] Request finished HTTP/1.1 GET http://localhost:5135/swagger/V1/swagger.json - - - 200 - application/json;charset=utf-8 188.6954ms
2022-10-22 11:53:29.025 +08:00 [INF] Request starting HTTP/1.1 GET http://localhost:5135/WeatherForecast - -
2022-10-22 11:53:29.126 +08:00 [INF] Executing endpoint 'Dragon.Core.WebApi.Controllers.WeatherForecastController.Get (Dragon.Core.WebApi)'
2022-10-22 11:53:29.135 +08:00 [INF] Route matched with {action = "Get", controller = "WeatherForecast"}. Executing controller action with signature System.Collections.Generic.IEnumerable`1[Dragon.Core.WebApi.WeatherForecast] Get() on controller Dragon.Core.WebApi.Controllers.WeatherForecastController (Dragon.Core.WebApi).
2022-10-22 11:53:29.150 +08:00 [INF] Executing ObjectResult, writing value of type 'Dragon.Core.WebApi.WeatherForecast[]'.
2022-10-22 11:53:29.265 +08:00 [INF] Executed action Dragon.Core.WebApi.Controllers.WeatherForecastController.Get (Dragon.Core.WebApi) in 123.8347ms
2022-10-22 11:53:29.267 +08:00 [INF] Executed endpoint 'Dragon.Core.WebApi.Controllers.WeatherForecastController.Get (Dragon.Core.WebApi)'
2022-10-22 11:53:29.269 +08:00 [INF] Request finished HTTP/1.1 GET http://localhost:5135/WeatherForecast - - - 200 431 application/json;+charset=utf-8 243.8444ms
2022-10-22 11:54:30.538 +08:00 [INF] Request starting HTTP/1.1 GET http://localhost:5135/index.html - -
2022-10-22 11:54:30.554 +08:00 [INF] Request finished HTTP/1.1 GET http://localhost:5135/index.html - - - 200 - text/html;charset=utf-8 16.4555ms
2022-10-22 11:54:30.562 +08:00 [INF] Request starting HTTP/1.1 GET http://localhost:5135/_framework/aspnetcore-browser-refresh.js - -
2022-10-22 11:54:30.563 +08:00 [INF] Request starting HTTP/1.1 GET http://localhost:5135/_vs/browserLink - -
2022-10-22 11:54:30.565 +08:00 [INF] Request finished HTTP/1.1 GET http://localhost:5135/_framework/aspnetcore-browser-refresh.js - - - 200 12006 application/javascript;+charset=utf-8 2.5446ms
2022-10-22 11:54:30.609 +08:00 [INF] Request finished HTTP/1.1 GET http://localhost:5135/_vs/browserLink - - - 200 - text/javascript;+charset=UTF-8 45.8764ms
2022-10-22 11:54:30.745 +08:00 [INF] Request starting HTTP/1.1 GET http://localhost:5135/swagger/V1/swagger.json - -
2022-10-22 11:54:30.810 +08:00 [INF] Request finished HTTP/1.1 GET http://localhost:5135/swagger/V1/swagger.json - - - 200 - application/json;charset=utf-8 65.3497ms
2022-10-22 11:54:44.648 +08:00 [INF] Request starting HTTP/1.1 GET http://localhost:5135/WeatherForecast - -
2022-10-22 11:54:44.650 +08:00 [INF] Executing endpoint 'Dragon.Core.WebApi.Controllers.WeatherForecastController.Get (Dragon.Core.WebApi)'
2022-10-22 11:54:44.652 +08:00 [INF] Route matched with {action = "Get", controller = "WeatherForecast"}. Executing controller action with signature System.Collections.Generic.IEnumerable`1[Dragon.Core.WebApi.WeatherForecast] Get() on controller Dragon.Core.WebApi.Controllers.WeatherForecastController (Dragon.Core.WebApi).
2022-10-22 11:54:44.656 +08:00 [INF] Executing ObjectResult, writing value of type 'Dragon.Core.WebApi.WeatherForecast[]'.
2022-10-22 11:54:44.659 +08:00 [INF] Executed action Dragon.Core.WebApi.Controllers.WeatherForecastController.Get (Dragon.Core.WebApi) in 3.4762ms
2022-10-22 11:54:44.661 +08:00 [INF] Executed endpoint 'Dragon.Core.WebApi.Controllers.WeatherForecastController.Get (Dragon.Core.WebApi)'
2022-10-22 11:54:44.663 +08:00 [INF] Request finished HTTP/1.1 GET http://localhost:5135/WeatherForecast - - - 200 437 application/json;+charset=utf-8 15.1341ms
2022-10-22 11:55:01.246 +08:00 [INF] Entity Framework Core 6.0.10 initialized 'EfDbContext' using provider 'Microsoft.EntityFrameworkCore.Sqlite:6.0.9' with options: MigrationsAssembly=DragonSea.Core.Data 
2022-10-22 11:55:01.392 +08:00 [INF] Executed DbCommand (14ms) [Parameters=[], CommandType='"Text"', CommandTimeout='30']
SELECT COUNT(*) FROM "sqlite_master" WHERE "type" = 'table' AND "rootpage" IS NOT NULL;
2022-10-22 11:55:01.766 +08:00 [INF] Executed DbCommand (1ms) [Parameters=[], CommandType='"Text"', CommandTimeout='30']
SELECT EXISTS (
    SELECT 1
    FROM "SysUser" AS "s")
2022-10-22 11:55:01.774 +08:00 [INF] Executed DbCommand (0ms) [Parameters=[], CommandType='"Text"', CommandTimeout='30']
SELECT EXISTS (
    SELECT 1
    FROM "SysRole" AS "s")
2022-10-22 11:55:01.777 +08:00 [INF] Executed DbCommand (0ms) [Parameters=[], CommandType='"Text"', CommandTimeout='30']
SELECT EXISTS (
    SELECT 1
    FROM "SysUserRole" AS "s")
2022-10-22 11:55:01.780 +08:00 [INF] Executed DbCommand (0ms) [Parameters=[], CommandType='"Text"', CommandTimeout='30']
SELECT EXISTS (
    SELECT 1
    FROM "SysMenu" AS "s")
2022-10-22 11:55:01.835 +08:00 [INF] User profile is available. Using 'C:\Users\longhaihua\AppData\Local\ASP.NET\DataProtection-Keys' as key repository and Windows DPAPI to encrypt keys at rest.
2022-10-22 11:55:01.969 +08:00 [INF] Now listening on: http://[::]:5135
2022-10-22 11:55:01.973 +08:00 [INF] Application started. Press Ctrl+C to shut down.
2022-10-22 11:55:01.974 +08:00 [INF] Hosting environment: Development
2022-10-22 11:55:01.975 +08:00 [INF] Content root path: C:\Users\longhaihua\Desktop\Dragon.Core\dragon.core\Dragon.Core.WebApi\
2022-10-22 11:55:02.544 +08:00 [INF] Request starting HTTP/1.1 GET http://localhost:5135/index.html - -
2022-10-22 11:55:02.814 +08:00 [INF] Request starting HTTP/1.1 GET http://localhost:5135/_vs/browserLink - -
2022-10-22 11:55:02.814 +08:00 [INF] Request starting HTTP/1.1 GET http://localhost:5135/_framework/aspnetcore-browser-refresh.js - -
2022-10-22 11:55:02.826 +08:00 [INF] Request finished HTTP/1.1 GET http://localhost:5135/_framework/aspnetcore-browser-refresh.js - - - 200 12006 application/javascript;+charset=utf-8 8.9335ms
2022-10-22 11:55:02.828 +08:00 [INF] Request finished HTTP/1.1 GET http://localhost:5135/index.html - - - 200 - text/html;charset=utf-8 287.5161ms
2022-10-22 11:55:02.848 +08:00 [INF] Request finished HTTP/1.1 GET http://localhost:5135/_vs/browserLink - - - 200 - text/javascript;+charset=UTF-8 34.2316ms
2022-10-22 11:55:02.987 +08:00 [INF] Request starting HTTP/1.1 GET http://localhost:5135/swagger/V1/swagger.json - -
2022-10-22 11:55:03.171 +08:00 [INF] Request finished HTTP/1.1 GET http://localhost:5135/swagger/V1/swagger.json - - - 200 - application/json;charset=utf-8 184.4387ms
2022-10-22 11:55:13.532 +08:00 [INF] Request starting HTTP/1.1 GET http://localhost:5135/WeatherForecast - -
2022-10-22 11:55:13.618 +08:00 [INF] Executing endpoint 'Dragon.Core.WebApi.Controllers.WeatherForecastController.Get (Dragon.Core.WebApi)'
2022-10-22 11:55:13.628 +08:00 [INF] Route matched with {action = "Get", controller = "WeatherForecast"}. Executing controller action with signature System.Collections.Generic.IEnumerable`1[Dragon.Core.WebApi.WeatherForecast] Get() on controller Dragon.Core.WebApi.Controllers.WeatherForecastController (Dragon.Core.WebApi).
2022-10-22 11:56:03.292 +08:00 [INF] Executing ObjectResult, writing value of type 'Dragon.Core.ViewModel.MessageModel'.
2022-10-22 11:56:03.414 +08:00 [INF] Executed action Dragon.Core.WebApi.Controllers.WeatherForecastController.Get (Dragon.Core.WebApi) in 49785.4537ms
2022-10-22 11:56:03.417 +08:00 [INF] Executed endpoint 'Dragon.Core.WebApi.Controllers.WeatherForecastController.Get (Dragon.Core.WebApi)'
2022-10-22 11:56:03.419 +08:00 [INF] Request finished HTTP/1.1 GET http://localhost:5135/WeatherForecast - - - 200 482 application/json;+charset=utf-8 49893.4717ms
2022-10-22 11:56:17.470 +08:00 [INF] Request starting HTTP/1.1 POST http://localhost:5135/test2?name=ddd - 0
2022-10-22 11:56:17.477 +08:00 [INF] CORS policy execution successful.
2022-10-22 11:56:17.492 +08:00 [INF] Executing endpoint 'Dragon.Core.WebApi.Controllers.WeatherForecastController.Test (Dragon.Core.WebApi)'
2022-10-22 11:56:17.501 +08:00 [INF] Route matched with {action = "Test", controller = "WeatherForecast"}. Executing controller action with signature Dragon.Core.ViewModel.MessageModel Test(System.String) on controller Dragon.Core.WebApi.Controllers.WeatherForecastController (Dragon.Core.WebApi).
2022-10-22 11:56:57.133 +08:00 [INF] Executing ObjectResult, writing value of type 'Dragon.Core.ViewModel.MessageModel'.
2022-10-22 11:56:57.136 +08:00 [INF] Executed action Dragon.Core.WebApi.Controllers.WeatherForecastController.Test (Dragon.Core.WebApi) in 39638.0428ms
2022-10-22 11:56:57.144 +08:00 [INF] Executed endpoint 'Dragon.Core.WebApi.Controllers.WeatherForecastController.Test (Dragon.Core.WebApi)'
2022-10-22 11:56:57.145 +08:00 [INF] Request finished HTTP/1.1 POST http://localhost:5135/test2?name=ddd - 0 - 200 58 application/json;+charset=utf-8 39680.0466ms
2022-10-22 11:57:13.017 +08:00 [INF] Request starting HTTP/1.1 POST http://localhost:5135/WeatherForecast?name=%E9%A9%AC%E9%BE%991024 - 0
2022-10-22 11:57:13.019 +08:00 [INF] CORS policy execution successful.
2022-10-22 11:57:13.020 +08:00 [INF] Executing endpoint 'Dragon.Core.WebApi.Controllers.WeatherForecastController.Post (Dragon.Core.WebApi)'
2022-10-22 11:57:13.021 +08:00 [INF] Route matched with {action = "Post", controller = "WeatherForecast"}. Executing controller action with signature Dragon.Core.ViewModel.MessageModel`1[System.String] Post(System.String) on controller Dragon.Core.WebApi.Controllers.WeatherForecastController (Dragon.Core.WebApi).
2022-10-22 11:57:55.654 +08:00 [INF] Executing ObjectResult, writing value of type 'Dragon.Core.ViewModel.MessageModel`1[[System.String, System.Private.CoreLib, Version=6.0.0.0, Culture=neutral, PublicKeyToken=7cec85d7bea7798e]]'.
2022-10-22 11:57:55.664 +08:00 [INF] Executed action Dragon.Core.WebApi.Controllers.WeatherForecastController.Post (Dragon.Core.WebApi) in 42645.1402ms
2022-10-22 11:57:55.684 +08:00 [INF] Executed endpoint 'Dragon.Core.WebApi.Controllers.WeatherForecastController.Post (Dragon.Core.WebApi)'
2022-10-22 11:57:55.687 +08:00 [INF] Request finished HTTP/1.1 POST http://localhost:5135/WeatherForecast?name=%E9%A9%AC%E9%BE%991024 - 0 - 200 66 application/json;+charset=utf-8 42675.4474ms
2022-10-22 12:02:50.002 +08:00 [INF] Entity Framework Core 6.0.10 initialized 'EfDbContext' using provider 'Microsoft.EntityFrameworkCore.Sqlite:6.0.9' with options: MigrationsAssembly=DragonSea.Core.Data 
2022-10-22 12:02:50.152 +08:00 [INF] Executed DbCommand (15ms) [Parameters=[], CommandType='"Text"', CommandTimeout='30']
SELECT COUNT(*) FROM "sqlite_master" WHERE "type" = 'table' AND "rootpage" IS NOT NULL;
2022-10-22 12:02:50.471 +08:00 [INF] Executed DbCommand (1ms) [Parameters=[], CommandType='"Text"', CommandTimeout='30']
SELECT EXISTS (
    SELECT 1
    FROM "SysUser" AS "s")
2022-10-22 12:02:50.481 +08:00 [INF] Executed DbCommand (0ms) [Parameters=[], CommandType='"Text"', CommandTimeout='30']
SELECT EXISTS (
    SELECT 1
    FROM "SysRole" AS "s")
2022-10-22 12:02:50.484 +08:00 [INF] Executed DbCommand (0ms) [Parameters=[], CommandType='"Text"', CommandTimeout='30']
SELECT EXISTS (
    SELECT 1
    FROM "SysUserRole" AS "s")
2022-10-22 12:02:50.488 +08:00 [INF] Executed DbCommand (0ms) [Parameters=[], CommandType='"Text"', CommandTimeout='30']
SELECT EXISTS (
    SELECT 1
    FROM "SysMenu" AS "s")
2022-10-22 12:02:50.546 +08:00 [INF] User profile is available. Using 'C:\Users\longhaihua\AppData\Local\ASP.NET\DataProtection-Keys' as key repository and Windows DPAPI to encrypt keys at rest.
2022-10-22 12:02:50.669 +08:00 [INF] Now listening on: http://[::]:5135
2022-10-22 12:02:50.673 +08:00 [INF] Application started. Press Ctrl+C to shut down.
2022-10-22 12:02:50.674 +08:00 [INF] Hosting environment: Development
2022-10-22 12:02:50.675 +08:00 [INF] Content root path: C:\Users\longhaihua\Desktop\Dragon.Core\dragon.core\Dragon.Core.WebApi\
2022-10-22 12:02:51.398 +08:00 [INF] Request starting HTTP/1.1 GET http://localhost:5135/index.html - -
2022-10-22 12:02:51.678 +08:00 [INF] Request starting HTTP/1.1 GET http://localhost:5135/_framework/aspnetcore-browser-refresh.js - -
2022-10-22 12:02:51.679 +08:00 [INF] Request starting HTTP/1.1 GET http://localhost:5135/_vs/browserLink - -
2022-10-22 12:02:51.688 +08:00 [INF] Request finished HTTP/1.1 GET http://localhost:5135/_framework/aspnetcore-browser-refresh.js - - - 200 12006 application/javascript;+charset=utf-8 6.1633ms
2022-10-22 12:02:51.693 +08:00 [INF] Request finished HTTP/1.1 GET http://localhost:5135/index.html - - - 200 - text/html;charset=utf-8 298.0251ms
2022-10-22 12:02:51.714 +08:00 [INF] Request finished HTTP/1.1 GET http://localhost:5135/_vs/browserLink - - - 200 - text/javascript;+charset=UTF-8 35.2608ms
2022-10-22 12:02:51.776 +08:00 [INF] Request starting HTTP/1.1 GET http://localhost:5135/swagger/V1/swagger.json - -
2022-10-22 12:02:51.965 +08:00 [INF] Request finished HTTP/1.1 GET http://localhost:5135/swagger/V1/swagger.json - - - 200 - application/json;charset=utf-8 188.5963ms
2022-10-22 12:03:01.447 +08:00 [INF] Request starting HTTP/1.1 POST http://localhost:5135/WeatherForecast - 0
2022-10-22 12:03:01.491 +08:00 [INF] CORS policy execution successful.
2022-10-22 12:03:01.540 +08:00 [INF] Executing endpoint 'Dragon.Core.WebApi.Controllers.WeatherForecastController.Post (Dragon.Core.WebApi)'
2022-10-22 12:03:01.559 +08:00 [INF] Route matched with {action = "Post", controller = "WeatherForecast"}. Executing controller action with signature Dragon.Core.ViewModel.MessageModel`1[System.String] Post(System.String) on controller Dragon.Core.WebApi.Controllers.WeatherForecastController (Dragon.Core.WebApi).
2022-10-22 12:03:01.586 +08:00 [INF] Executing BadRequestObjectResult, writing value of type 'Microsoft.AspNetCore.Mvc.ValidationProblemDetails'.
2022-10-22 12:03:01.725 +08:00 [INF] Executed action Dragon.Core.WebApi.Controllers.WeatherForecastController.Post (Dragon.Core.WebApi) in 159.6751ms
2022-10-22 12:03:01.729 +08:00 [INF] Executed endpoint 'Dragon.Core.WebApi.Controllers.WeatherForecastController.Post (Dragon.Core.WebApi)'
2022-10-22 12:03:01.731 +08:00 [INF] Request finished HTTP/1.1 POST http://localhost:5135/WeatherForecast - 0 - 400 241 application/problem+json;+charset=utf-8 283.6653ms
2022-10-22 12:04:07.254 +08:00 [INF] Entity Framework Core 6.0.10 initialized 'EfDbContext' using provider 'Microsoft.EntityFrameworkCore.Sqlite:6.0.9' with options: MigrationsAssembly=DragonSea.Core.Data 
2022-10-22 12:04:07.384 +08:00 [INF] Executed DbCommand (12ms) [Parameters=[], CommandType='"Text"', CommandTimeout='30']
SELECT COUNT(*) FROM "sqlite_master" WHERE "type" = 'table' AND "rootpage" IS NOT NULL;
2022-10-22 12:04:07.674 +08:00 [INF] Executed DbCommand (1ms) [Parameters=[], CommandType='"Text"', CommandTimeout='30']
SELECT EXISTS (
    SELECT 1
    FROM "SysUser" AS "s")
2022-10-22 12:04:07.682 +08:00 [INF] Executed DbCommand (0ms) [Parameters=[], CommandType='"Text"', CommandTimeout='30']
SELECT EXISTS (
    SELECT 1
    FROM "SysRole" AS "s")
2022-10-22 12:04:07.685 +08:00 [INF] Executed DbCommand (0ms) [Parameters=[], CommandType='"Text"', CommandTimeout='30']
SELECT EXISTS (
    SELECT 1
    FROM "SysUserRole" AS "s")
2022-10-22 12:04:07.688 +08:00 [INF] Executed DbCommand (0ms) [Parameters=[], CommandType='"Text"', CommandTimeout='30']
SELECT EXISTS (
    SELECT 1
    FROM "SysMenu" AS "s")
2022-10-22 12:04:07.775 +08:00 [INF] User profile is available. Using 'C:\Users\longhaihua\AppData\Local\ASP.NET\DataProtection-Keys' as key repository and Windows DPAPI to encrypt keys at rest.
2022-10-22 12:04:07.899 +08:00 [INF] Now listening on: http://[::]:5135
2022-10-22 12:04:07.902 +08:00 [INF] Application started. Press Ctrl+C to shut down.
2022-10-22 12:04:07.904 +08:00 [INF] Hosting environment: Development
2022-10-22 12:04:07.905 +08:00 [INF] Content root path: C:\Users\longhaihua\Desktop\Dragon.Core\dragon.core\Dragon.Core.WebApi\
2022-10-22 12:04:08.629 +08:00 [INF] Request starting HTTP/1.1 GET http://localhost:5135/index.html - -
2022-10-22 12:04:08.917 +08:00 [INF] Request starting HTTP/1.1 GET http://localhost:5135/_framework/aspnetcore-browser-refresh.js - -
2022-10-22 12:04:08.929 +08:00 [INF] Request starting HTTP/1.1 GET http://localhost:5135/_vs/browserLink - -
2022-10-22 12:04:08.937 +08:00 [INF] Request finished HTTP/1.1 GET http://localhost:5135/_framework/aspnetcore-browser-refresh.js - - - 200 12006 application/javascript;+charset=utf-8 19.7437ms
2022-10-22 12:04:08.949 +08:00 [INF] Request finished HTTP/1.1 GET http://localhost:5135/index.html - - - 200 - text/html;charset=utf-8 322.8587ms
2022-10-22 12:04:08.965 +08:00 [INF] Request finished HTTP/1.1 GET http://localhost:5135/_vs/browserLink - - - 200 - text/javascript;+charset=UTF-8 37.2053ms
2022-10-22 12:04:09.015 +08:00 [INF] Request starting HTTP/1.1 GET http://localhost:5135/swagger/V1/swagger.json - -
2022-10-22 12:04:09.217 +08:00 [INF] Request finished HTTP/1.1 GET http://localhost:5135/swagger/V1/swagger.json - - - 200 - application/json;charset=utf-8 201.9974ms
2022-10-22 12:04:22.871 +08:00 [INF] Request starting HTTP/1.1 POST http://localhost:5135/test2 - 0
2022-10-22 12:04:22.918 +08:00 [INF] CORS policy execution successful.
2022-10-22 12:04:22.974 +08:00 [INF] Executing endpoint 'Dragon.Core.WebApi.Controllers.WeatherForecastController.Test (Dragon.Core.WebApi)'
2022-10-22 12:04:22.994 +08:00 [INF] Route matched with {action = "Test", controller = "WeatherForecast"}. Executing controller action with signature Dragon.Core.ViewModel.MessageModel Test(System.String) on controller Dragon.Core.WebApi.Controllers.WeatherForecastController (Dragon.Core.WebApi).
2022-10-22 12:04:30.705 +08:00 [INF] Executing BadRequestObjectResult, writing value of type 'Dragon.Core.ViewModel.MessageModel'.
2022-10-22 12:04:33.494 +08:00 [INF] Executed action Dragon.Core.WebApi.Controllers.WeatherForecastController.Test (Dragon.Core.WebApi) in 10494.2249ms
2022-10-22 12:04:33.496 +08:00 [INF] Executed endpoint 'Dragon.Core.WebApi.Controllers.WeatherForecastController.Test (Dragon.Core.WebApi)'
2022-10-22 12:04:33.498 +08:00 [INF] Request finished HTTP/1.1 POST http://localhost:5135/test2 - 0 - 400 106 application/json;+charset=utf-8 10628.8706ms
2022-10-22 12:05:58.786 +08:00 [INF] Entity Framework Core 6.0.10 initialized 'EfDbContext' using provider 'Microsoft.EntityFrameworkCore.Sqlite:6.0.9' with options: MigrationsAssembly=DragonSea.Core.Data 
2022-10-22 12:05:58.925 +08:00 [INF] Executed DbCommand (12ms) [Parameters=[], CommandType='"Text"', CommandTimeout='30']
SELECT COUNT(*) FROM "sqlite_master" WHERE "type" = 'table' AND "rootpage" IS NOT NULL;
2022-10-22 12:05:59.231 +08:00 [INF] Executed DbCommand (1ms) [Parameters=[], CommandType='"Text"', CommandTimeout='30']
SELECT EXISTS (
    SELECT 1
    FROM "SysUser" AS "s")
2022-10-22 12:05:59.240 +08:00 [INF] Executed DbCommand (0ms) [Parameters=[], CommandType='"Text"', CommandTimeout='30']
SELECT EXISTS (
    SELECT 1
    FROM "SysRole" AS "s")
2022-10-22 12:05:59.243 +08:00 [INF] Executed DbCommand (0ms) [Parameters=[], CommandType='"Text"', CommandTimeout='30']
SELECT EXISTS (
    SELECT 1
    FROM "SysUserRole" AS "s")
2022-10-22 12:05:59.246 +08:00 [INF] Executed DbCommand (0ms) [Parameters=[], CommandType='"Text"', CommandTimeout='30']
SELECT EXISTS (
    SELECT 1
    FROM "SysMenu" AS "s")
2022-10-22 12:05:59.297 +08:00 [INF] User profile is available. Using 'C:\Users\longhaihua\AppData\Local\ASP.NET\DataProtection-Keys' as key repository and Windows DPAPI to encrypt keys at rest.
2022-10-22 12:05:59.443 +08:00 [INF] Now listening on: http://[::]:5135
2022-10-22 12:05:59.446 +08:00 [INF] Application started. Press Ctrl+C to shut down.
2022-10-22 12:05:59.447 +08:00 [INF] Hosting environment: Development
2022-10-22 12:05:59.448 +08:00 [INF] Content root path: C:\Users\longhaihua\Desktop\Dragon.Core\dragon.core\Dragon.Core.WebApi\
2022-10-22 12:06:00.039 +08:00 [INF] Request starting HTTP/1.1 GET http://localhost:5135/index.html - -
2022-10-22 12:06:00.331 +08:00 [INF] Request starting HTTP/1.1 GET http://localhost:5135/_vs/browserLink - -
2022-10-22 12:06:00.331 +08:00 [INF] Request starting HTTP/1.1 GET http://localhost:5135/_framework/aspnetcore-browser-refresh.js - -
2022-10-22 12:06:00.347 +08:00 [INF] Request finished HTTP/1.1 GET http://localhost:5135/_framework/aspnetcore-browser-refresh.js - - - 200 12006 application/javascript;+charset=utf-8 11.2706ms
2022-10-22 12:06:00.351 +08:00 [INF] Request finished HTTP/1.1 GET http://localhost:5135/index.html - - - 200 - text/html;charset=utf-8 316.7285ms
2022-10-22 12:06:00.376 +08:00 [INF] Request finished HTTP/1.1 GET http://localhost:5135/_vs/browserLink - - - 200 - text/javascript;+charset=UTF-8 44.6553ms
2022-10-22 12:06:00.430 +08:00 [INF] Request starting HTTP/1.1 GET http://localhost:5135/swagger/V1/swagger.json - -
2022-10-22 12:06:00.619 +08:00 [INF] Request finished HTTP/1.1 GET http://localhost:5135/swagger/V1/swagger.json - - - 200 - application/json;charset=utf-8 189.4916ms
2022-10-22 12:06:12.493 +08:00 [INF] Request starting HTTP/1.1 POST http://localhost:5135/test2?name=%E9%A9%AC%E9%BE%991024 - 0
2022-10-22 12:06:12.534 +08:00 [INF] CORS policy execution successful.
2022-10-22 12:06:12.584 +08:00 [INF] Executing endpoint 'Dragon.Core.WebApi.Controllers.WeatherForecastController.Test (Dragon.Core.WebApi)'
2022-10-22 12:06:12.601 +08:00 [INF] Route matched with {action = "Test", controller = "WeatherForecast"}. Executing controller action with signature Dragon.Core.ViewModel.MessageModel Test(System.String) on controller Dragon.Core.WebApi.Controllers.WeatherForecastController (Dragon.Core.WebApi).
2022-10-22 12:06:56.308 +08:00 [INF] Entity Framework Core 6.0.10 initialized 'EfDbContext' using provider 'Microsoft.EntityFrameworkCore.Sqlite:6.0.9' with options: MigrationsAssembly=DragonSea.Core.Data 
2022-10-22 12:06:56.440 +08:00 [INF] Executed DbCommand (12ms) [Parameters=[], CommandType='"Text"', CommandTimeout='30']
SELECT COUNT(*) FROM "sqlite_master" WHERE "type" = 'table' AND "rootpage" IS NOT NULL;
2022-10-22 12:06:56.732 +08:00 [INF] Executed DbCommand (1ms) [Parameters=[], CommandType='"Text"', CommandTimeout='30']
SELECT EXISTS (
    SELECT 1
    FROM "SysUser" AS "s")
2022-10-22 12:06:56.740 +08:00 [INF] Executed DbCommand (0ms) [Parameters=[], CommandType='"Text"', CommandTimeout='30']
SELECT EXISTS (
    SELECT 1
    FROM "SysRole" AS "s")
2022-10-22 12:06:56.743 +08:00 [INF] Executed DbCommand (0ms) [Parameters=[], CommandType='"Text"', CommandTimeout='30']
SELECT EXISTS (
    SELECT 1
    FROM "SysUserRole" AS "s")
2022-10-22 12:06:56.748 +08:00 [INF] Executed DbCommand (0ms) [Parameters=[], CommandType='"Text"', CommandTimeout='30']
SELECT EXISTS (
    SELECT 1
    FROM "SysMenu" AS "s")
2022-10-22 12:06:56.816 +08:00 [INF] User profile is available. Using 'C:\Users\longhaihua\AppData\Local\ASP.NET\DataProtection-Keys' as key repository and Windows DPAPI to encrypt keys at rest.
2022-10-22 12:06:56.973 +08:00 [INF] Now listening on: http://[::]:5135
2022-10-22 12:06:56.980 +08:00 [INF] Application started. Press Ctrl+C to shut down.
2022-10-22 12:06:56.983 +08:00 [INF] Hosting environment: Development
2022-10-22 12:06:56.985 +08:00 [INF] Content root path: C:\Users\longhaihua\Desktop\Dragon.Core\dragon.core\Dragon.Core.WebApi\
2022-10-22 12:06:57.507 +08:00 [INF] Request starting HTTP/1.1 GET http://localhost:5135/index.html - -
2022-10-22 12:06:57.795 +08:00 [INF] Request starting HTTP/1.1 GET http://localhost:5135/_vs/browserLink - -
2022-10-22 12:06:57.796 +08:00 [INF] Request starting HTTP/1.1 GET http://localhost:5135/_framework/aspnetcore-browser-refresh.js - -
2022-10-22 12:06:57.810 +08:00 [INF] Request finished HTTP/1.1 GET http://localhost:5135/_framework/aspnetcore-browser-refresh.js - - - 200 12006 application/javascript;+charset=utf-8 12.2841ms
2022-10-22 12:06:57.812 +08:00 [INF] Request finished HTTP/1.1 GET http://localhost:5135/index.html - - - 200 - text/html;charset=utf-8 307.7225ms
2022-10-22 12:06:57.832 +08:00 [INF] Request finished HTTP/1.1 GET http://localhost:5135/_vs/browserLink - - - 200 - text/javascript;+charset=UTF-8 40.4176ms
2022-10-22 12:06:57.889 +08:00 [INF] Request starting HTTP/1.1 GET http://localhost:5135/swagger/V1/swagger.json - -
2022-10-22 12:06:58.080 +08:00 [INF] Request finished HTTP/1.1 GET http://localhost:5135/swagger/V1/swagger.json - - - 200 - application/json;charset=utf-8 191.2573ms
2022-10-22 12:07:08.070 +08:00 [INF] Request starting HTTP/1.1 POST http://localhost:5135/WeatherForecast?name=%E9%A9%AC%E9%BE%991024 - 0
2022-10-22 12:07:08.111 +08:00 [INF] CORS policy execution successful.
2022-10-22 12:07:08.161 +08:00 [INF] Executing endpoint 'Dragon.Core.WebApi.Controllers.WeatherForecastController.Post (Dragon.Core.WebApi)'
2022-10-22 12:07:08.196 +08:00 [INF] Route matched with {action = "Post", controller = "WeatherForecast"}. Executing controller action with signature Dragon.Core.ViewModel.MessageModel`1[System.String] Post(System.String) on controller Dragon.Core.WebApi.Controllers.WeatherForecastController (Dragon.Core.WebApi).
2022-10-22 12:07:52.511 +08:00 [INF] Executing ContentResult with HTTP Response ContentType of text/plain; charset=utf-8
2022-10-22 12:07:52.538 +08:00 [INF] Executed action Dragon.Core.WebApi.Controllers.WeatherForecastController.Post (Dragon.Core.WebApi) in 44336.4317ms
2022-10-22 12:07:52.542 +08:00 [INF] Executed endpoint 'Dragon.Core.WebApi.Controllers.WeatherForecastController.Post (Dragon.Core.WebApi)'
2022-10-22 12:07:52.546 +08:00 [INF] Request finished HTTP/1.1 POST http://localhost:5135/WeatherForecast?name=%E9%A9%AC%E9%BE%991024 - 0 - 200 66 text/plain;+charset=utf-8 44483.0276ms
