2022-10-29 10:42:16.515 +08:00 [INF] Entity Framework Core 6.0.10 initialized 'EfDbContext' using provider 'Microsoft.EntityFrameworkCore.Sqlite:6.0.9' with options: MigrationsAssembly=DragonSea.Core.Data 
2022-10-29 10:42:16.704 +08:00 [INF] Executed DbCommand (15ms) [Parameters=[], CommandType='"Text"', CommandTimeout='30']
SELECT COUNT(*) FROM "sqlite_master" WHERE "type" = 'table' AND "rootpage" IS NOT NULL;
2022-10-29 10:42:17.019 +08:00 [INF] Executed DbCommand (1ms) [Parameters=[], CommandType='"Text"', CommandTimeout='30']
SELECT EXISTS (
    SELECT 1
    FROM "SysUser" AS "s")
2022-10-29 10:42:17.028 +08:00 [INF] Executed DbCommand (0ms) [Parameters=[], CommandType='"Text"', CommandTimeout='30']
SELECT EXISTS (
    SELECT 1
    FROM "SysRole" AS "s")
2022-10-29 10:42:17.031 +08:00 [INF] Executed DbCommand (0ms) [Parameters=[], CommandType='"Text"', CommandTimeout='30']
SELECT EXISTS (
    SELECT 1
    FROM "SysUserRole" AS "s")
2022-10-29 10:42:17.034 +08:00 [INF] Executed DbCommand (0ms) [Parameters=[], CommandType='"Text"', CommandTimeout='30']
SELECT EXISTS (
    SELECT 1
    FROM "SysMenu" AS "s")
2022-10-29 10:42:17.121 +08:00 [INF] User profile is available. Using 'C:\Users\longhaihua\AppData\Local\ASP.NET\DataProtection-Keys' as key repository and Windows DPAPI to encrypt keys at rest.
2022-10-29 10:42:17.299 +08:00 [INF] Now listening on: http://[::]:5135
2022-10-29 10:42:17.304 +08:00 [INF] Application started. Press Ctrl+C to shut down.
2022-10-29 10:42:17.306 +08:00 [INF] Hosting environment: Development
2022-10-29 10:42:17.307 +08:00 [INF] Content root path: C:\Users\longhaihua\Desktop\Dragon.Core\dragon.core\Dragon.Core.WebApi\
2022-10-29 10:42:18.431 +08:00 [INF] Request starting HTTP/1.1 GET http://localhost:5135/index.html - -
2022-10-29 10:42:18.845 +08:00 [INF] Request starting HTTP/1.1 GET http://localhost:5135/_framework/aspnetcore-browser-refresh.js - -
2022-10-29 10:42:18.847 +08:00 [INF] Request starting HTTP/1.1 GET http://localhost:5135/_vs/browserLink - -
2022-10-29 10:42:18.864 +08:00 [INF] Request finished HTTP/1.1 GET http://localhost:5135/_framework/aspnetcore-browser-refresh.js - - - 200 12006 application/javascript;+charset=utf-8 18.7966ms
2022-10-29 10:42:18.869 +08:00 [INF] Request finished HTTP/1.1 GET http://localhost:5135/index.html - - - 200 - text/html;charset=utf-8 441.3877ms
2022-10-29 10:42:18.915 +08:00 [INF] Request finished HTTP/1.1 GET http://localhost:5135/_vs/browserLink - - - 200 - text/javascript;+charset=UTF-8 71.7414ms
2022-10-29 10:42:18.966 +08:00 [INF] Request starting HTTP/1.1 GET http://localhost:5135/swagger/V1/swagger.json - -
2022-10-29 10:42:19.172 +08:00 [INF] Request finished HTTP/1.1 GET http://localhost:5135/swagger/V1/swagger.json - - - 200 - application/json;charset=utf-8 205.8726ms
2022-10-29 10:42:29.215 +08:00 [INF] Request starting HTTP/1.1 POST http://localhost:5135/test1?name=malong%20malong - 0
2022-10-29 10:42:29.273 +08:00 [INF] CORS policy execution successful.
2022-10-29 10:42:29.354 +08:00 [INF] Executing endpoint 'Dragon.Core.WebApi.Controllers.WeatherForecastController.GetString (Dragon.Core.WebApi)'
2022-10-29 10:42:29.378 +08:00 [INF] Route matched with {action = "GetString", controller = "WeatherForecast"}. Executing controller action with signature System.Threading.Tasks.Task`1[Microsoft.AspNetCore.Mvc.IActionResult] GetString(System.String) on controller Dragon.Core.WebApi.Controllers.WeatherForecastController (Dragon.Core.WebApi).
2022-10-29 10:42:29.425 +08:00 [INF] Executing ObjectResult, writing value of type 'Dragon.Core.ViewModel.MessageModel'.
2022-10-29 10:42:29.549 +08:00 [INF] Executed action Dragon.Core.WebApi.Controllers.WeatherForecastController.GetString (Dragon.Core.WebApi) in 165.2704ms
2022-10-29 10:42:29.553 +08:00 [INF] Executed endpoint 'Dragon.Core.WebApi.Controllers.WeatherForecastController.GetString (Dragon.Core.WebApi)'
2022-10-29 10:42:29.558 +08:00 [INF] Request finished HTTP/1.1 POST http://localhost:5135/test1?name=malong%20malong - 0 - 404 68 application/json;+charset=utf-8 342.6931ms
2022-10-29 10:43:54.948 +08:00 [INF] Request starting HTTP/1.1 POST http://localhost:5135/test1?name=malong%20malong - 0
2022-10-29 10:43:54.955 +08:00 [INF] CORS policy execution successful.
2022-10-29 10:43:54.957 +08:00 [INF] Executing endpoint 'Dragon.Core.WebApi.Controllers.WeatherForecastController.GetString (Dragon.Core.WebApi)'
2022-10-29 10:43:54.959 +08:00 [INF] Route matched with {action = "GetString", controller = "WeatherForecast"}. Executing controller action with signature System.Threading.Tasks.Task`1[Microsoft.AspNetCore.Mvc.IActionResult] GetString(System.String) on controller Dragon.Core.WebApi.Controllers.WeatherForecastController (Dragon.Core.WebApi).
2022-10-29 10:43:54.962 +08:00 [INF] Executing ObjectResult, writing value of type 'Dragon.Core.ViewModel.MessageModel'.
2022-10-29 10:43:54.964 +08:00 [INF] Executed action Dragon.Core.WebApi.Controllers.WeatherForecastController.GetString (Dragon.Core.WebApi) in 2.7439ms
2022-10-29 10:43:54.965 +08:00 [INF] Executed endpoint 'Dragon.Core.WebApi.Controllers.WeatherForecastController.GetString (Dragon.Core.WebApi)'
2022-10-29 10:43:54.967 +08:00 [INF] Request finished HTTP/1.1 POST http://localhost:5135/test1?name=malong%20malong - 0 - 404 68 application/json;+charset=utf-8 18.7616ms
2022-10-29 10:44:02.658 +08:00 [INF] Request starting HTTP/1.1 POST http://localhost:5135/test1?name=malong - 0
2022-10-29 10:44:02.659 +08:00 [INF] CORS policy execution successful.
2022-10-29 10:44:02.660 +08:00 [INF] Executing endpoint 'Dragon.Core.WebApi.Controllers.WeatherForecastController.GetString (Dragon.Core.WebApi)'
2022-10-29 10:44:02.661 +08:00 [INF] Route matched with {action = "GetString", controller = "WeatherForecast"}. Executing controller action with signature System.Threading.Tasks.Task`1[Microsoft.AspNetCore.Mvc.IActionResult] GetString(System.String) on controller Dragon.Core.WebApi.Controllers.WeatherForecastController (Dragon.Core.WebApi).
2022-10-29 10:44:02.665 +08:00 [INF] Executing ObjectResult, writing value of type 'Dragon.Core.ViewModel.MessageModel'.
2022-10-29 10:44:02.667 +08:00 [INF] Executed action Dragon.Core.WebApi.Controllers.WeatherForecastController.GetString (Dragon.Core.WebApi) in 3.4961ms
2022-10-29 10:44:02.669 +08:00 [INF] Executed endpoint 'Dragon.Core.WebApi.Controllers.WeatherForecastController.GetString (Dragon.Core.WebApi)'
2022-10-29 10:44:02.671 +08:00 [INF] Request finished HTTP/1.1 POST http://localhost:5135/test1?name=malong - 0 - 404 61 application/json;+charset=utf-8 12.9800ms
2022-10-29 10:44:03.312 +08:00 [INF] Request starting HTTP/1.1 POST http://localhost:5135/test1?name=malong - 0
2022-10-29 10:44:03.313 +08:00 [INF] CORS policy execution successful.
2022-10-29 10:44:03.314 +08:00 [INF] Executing endpoint 'Dragon.Core.WebApi.Controllers.WeatherForecastController.GetString (Dragon.Core.WebApi)'
2022-10-29 10:44:03.315 +08:00 [INF] Route matched with {action = "GetString", controller = "WeatherForecast"}. Executing controller action with signature System.Threading.Tasks.Task`1[Microsoft.AspNetCore.Mvc.IActionResult] GetString(System.String) on controller Dragon.Core.WebApi.Controllers.WeatherForecastController (Dragon.Core.WebApi).
2022-10-29 10:44:03.322 +08:00 [INF] Executing ObjectResult, writing value of type 'Dragon.Core.ViewModel.MessageModel'.
2022-10-29 10:44:03.323 +08:00 [INF] Executed action Dragon.Core.WebApi.Controllers.WeatherForecastController.GetString (Dragon.Core.WebApi) in 4.3119ms
2022-10-29 10:44:03.326 +08:00 [INF] Executed endpoint 'Dragon.Core.WebApi.Controllers.WeatherForecastController.GetString (Dragon.Core.WebApi)'
2022-10-29 10:44:03.327 +08:00 [INF] Request finished HTTP/1.1 POST http://localhost:5135/test1?name=malong - 0 - 404 61 application/json;+charset=utf-8 15.1890ms
2022-10-29 10:44:03.560 +08:00 [INF] Request starting HTTP/1.1 POST http://localhost:5135/test1?name=malong - 0
2022-10-29 10:44:03.561 +08:00 [INF] CORS policy execution successful.
2022-10-29 10:44:03.562 +08:00 [INF] Executing endpoint 'Dragon.Core.WebApi.Controllers.WeatherForecastController.GetString (Dragon.Core.WebApi)'
2022-10-29 10:44:03.564 +08:00 [INF] Route matched with {action = "GetString", controller = "WeatherForecast"}. Executing controller action with signature System.Threading.Tasks.Task`1[Microsoft.AspNetCore.Mvc.IActionResult] GetString(System.String) on controller Dragon.Core.WebApi.Controllers.WeatherForecastController (Dragon.Core.WebApi).
2022-10-29 10:44:03.567 +08:00 [INF] Executing ObjectResult, writing value of type 'Dragon.Core.ViewModel.MessageModel'.
2022-10-29 10:44:03.569 +08:00 [INF] Executed action Dragon.Core.WebApi.Controllers.WeatherForecastController.GetString (Dragon.Core.WebApi) in 3.2977ms
2022-10-29 10:44:03.570 +08:00 [INF] Executed endpoint 'Dragon.Core.WebApi.Controllers.WeatherForecastController.GetString (Dragon.Core.WebApi)'
2022-10-29 10:44:03.573 +08:00 [INF] Request finished HTTP/1.1 POST http://localhost:5135/test1?name=malong - 0 - 404 61 application/json;+charset=utf-8 13.4869ms
2022-10-29 10:44:03.747 +08:00 [INF] Request starting HTTP/1.1 POST http://localhost:5135/test1?name=malong - 0
2022-10-29 10:44:03.749 +08:00 [INF] CORS policy execution successful.
2022-10-29 10:44:03.749 +08:00 [INF] Executing endpoint 'Dragon.Core.WebApi.Controllers.WeatherForecastController.GetString (Dragon.Core.WebApi)'
2022-10-29 10:44:03.751 +08:00 [INF] Route matched with {action = "GetString", controller = "WeatherForecast"}. Executing controller action with signature System.Threading.Tasks.Task`1[Microsoft.AspNetCore.Mvc.IActionResult] GetString(System.String) on controller Dragon.Core.WebApi.Controllers.WeatherForecastController (Dragon.Core.WebApi).
2022-10-29 10:44:03.754 +08:00 [INF] Executing ObjectResult, writing value of type 'Dragon.Core.ViewModel.MessageModel'.
2022-10-29 10:44:03.756 +08:00 [INF] Executed action Dragon.Core.WebApi.Controllers.WeatherForecastController.GetString (Dragon.Core.WebApi) in 3.4367ms
2022-10-29 10:44:03.757 +08:00 [INF] Executed endpoint 'Dragon.Core.WebApi.Controllers.WeatherForecastController.GetString (Dragon.Core.WebApi)'
2022-10-29 10:44:03.758 +08:00 [INF] Request finished HTTP/1.1 POST http://localhost:5135/test1?name=malong - 0 - 404 61 application/json;+charset=utf-8 11.4510ms
2022-10-29 10:44:03.919 +08:00 [INF] Request starting HTTP/1.1 POST http://localhost:5135/test1?name=malong - 0
2022-10-29 10:44:03.920 +08:00 [INF] CORS policy execution successful.
2022-10-29 10:44:03.921 +08:00 [INF] Executing endpoint 'Dragon.Core.WebApi.Controllers.WeatherForecastController.GetString (Dragon.Core.WebApi)'
2022-10-29 10:44:03.922 +08:00 [INF] Route matched with {action = "GetString", controller = "WeatherForecast"}. Executing controller action with signature System.Threading.Tasks.Task`1[Microsoft.AspNetCore.Mvc.IActionResult] GetString(System.String) on controller Dragon.Core.WebApi.Controllers.WeatherForecastController (Dragon.Core.WebApi).
2022-10-29 10:44:03.926 +08:00 [INF] Executing ObjectResult, writing value of type 'Dragon.Core.ViewModel.MessageModel'.
2022-10-29 10:44:03.929 +08:00 [INF] Executed action Dragon.Core.WebApi.Controllers.WeatherForecastController.GetString (Dragon.Core.WebApi) in 4.4574ms
2022-10-29 10:44:03.930 +08:00 [INF] Executed endpoint 'Dragon.Core.WebApi.Controllers.WeatherForecastController.GetString (Dragon.Core.WebApi)'
2022-10-29 10:44:03.932 +08:00 [INF] Request finished HTTP/1.1 POST http://localhost:5135/test1?name=malong - 0 - 404 61 application/json;+charset=utf-8 12.4021ms
2022-10-29 10:44:04.123 +08:00 [INF] Request starting HTTP/1.1 POST http://localhost:5135/test1?name=malong - 0
2022-10-29 10:44:04.124 +08:00 [INF] CORS policy execution successful.
2022-10-29 10:44:04.125 +08:00 [INF] Executing endpoint 'Dragon.Core.WebApi.Controllers.WeatherForecastController.GetString (Dragon.Core.WebApi)'
2022-10-29 10:44:04.126 +08:00 [INF] Route matched with {action = "GetString", controller = "WeatherForecast"}. Executing controller action with signature System.Threading.Tasks.Task`1[Microsoft.AspNetCore.Mvc.IActionResult] GetString(System.String) on controller Dragon.Core.WebApi.Controllers.WeatherForecastController (Dragon.Core.WebApi).
2022-10-29 10:44:04.132 +08:00 [INF] Executing ObjectResult, writing value of type 'Dragon.Core.ViewModel.MessageModel'.
2022-10-29 10:44:04.134 +08:00 [INF] Executed action Dragon.Core.WebApi.Controllers.WeatherForecastController.GetString (Dragon.Core.WebApi) in 3.2117ms
2022-10-29 10:44:04.135 +08:00 [INF] Executed endpoint 'Dragon.Core.WebApi.Controllers.WeatherForecastController.GetString (Dragon.Core.WebApi)'
2022-10-29 10:44:04.136 +08:00 [INF] Request finished HTTP/1.1 POST http://localhost:5135/test1?name=malong - 0 - 404 61 application/json;+charset=utf-8 13.6821ms
2022-10-29 10:44:04.343 +08:00 [INF] Request starting HTTP/1.1 POST http://localhost:5135/test1?name=malong - 0
2022-10-29 10:44:04.345 +08:00 [INF] CORS policy execution successful.
2022-10-29 10:44:04.346 +08:00 [INF] Executing endpoint 'Dragon.Core.WebApi.Controllers.WeatherForecastController.GetString (Dragon.Core.WebApi)'
2022-10-29 10:44:04.349 +08:00 [INF] Route matched with {action = "GetString", controller = "WeatherForecast"}. Executing controller action with signature System.Threading.Tasks.Task`1[Microsoft.AspNetCore.Mvc.IActionResult] GetString(System.String) on controller Dragon.Core.WebApi.Controllers.WeatherForecastController (Dragon.Core.WebApi).
2022-10-29 10:44:04.353 +08:00 [INF] Executing ObjectResult, writing value of type 'Dragon.Core.ViewModel.MessageModel'.
2022-10-29 10:44:04.354 +08:00 [INF] Executed action Dragon.Core.WebApi.Controllers.WeatherForecastController.GetString (Dragon.Core.WebApi) in 3.0333ms
2022-10-29 10:44:04.356 +08:00 [INF] Executed endpoint 'Dragon.Core.WebApi.Controllers.WeatherForecastController.GetString (Dragon.Core.WebApi)'
2022-10-29 10:44:04.357 +08:00 [INF] Request finished HTTP/1.1 POST http://localhost:5135/test1?name=malong - 0 - 404 61 application/json;+charset=utf-8 14.0450ms
2022-10-29 10:44:04.530 +08:00 [INF] Request starting HTTP/1.1 POST http://localhost:5135/test1?name=malong - 0
2022-10-29 10:44:04.532 +08:00 [INF] CORS policy execution successful.
2022-10-29 10:44:04.534 +08:00 [INF] Executing endpoint 'Dragon.Core.WebApi.Controllers.WeatherForecastController.GetString (Dragon.Core.WebApi)'
2022-10-29 10:44:04.535 +08:00 [INF] Route matched with {action = "GetString", controller = "WeatherForecast"}. Executing controller action with signature System.Threading.Tasks.Task`1[Microsoft.AspNetCore.Mvc.IActionResult] GetString(System.String) on controller Dragon.Core.WebApi.Controllers.WeatherForecastController (Dragon.Core.WebApi).
2022-10-29 10:44:04.539 +08:00 [INF] Executing ObjectResult, writing value of type 'Dragon.Core.ViewModel.MessageModel'.
2022-10-29 10:44:04.541 +08:00 [INF] Executed action Dragon.Core.WebApi.Controllers.WeatherForecastController.GetString (Dragon.Core.WebApi) in 3.1199ms
2022-10-29 10:44:04.542 +08:00 [INF] Executed endpoint 'Dragon.Core.WebApi.Controllers.WeatherForecastController.GetString (Dragon.Core.WebApi)'
2022-10-29 10:44:04.543 +08:00 [INF] Request finished HTTP/1.1 POST http://localhost:5135/test1?name=malong - 0 - 404 61 application/json;+charset=utf-8 13.1718ms
2022-10-29 10:44:04.723 +08:00 [INF] Request starting HTTP/1.1 POST http://localhost:5135/test1?name=malong - 0
2022-10-29 10:44:04.725 +08:00 [INF] CORS policy execution successful.
2022-10-29 10:44:04.726 +08:00 [INF] Executing endpoint 'Dragon.Core.WebApi.Controllers.WeatherForecastController.GetString (Dragon.Core.WebApi)'
2022-10-29 10:44:04.727 +08:00 [INF] Route matched with {action = "GetString", controller = "WeatherForecast"}. Executing controller action with signature System.Threading.Tasks.Task`1[Microsoft.AspNetCore.Mvc.IActionResult] GetString(System.String) on controller Dragon.Core.WebApi.Controllers.WeatherForecastController (Dragon.Core.WebApi).
2022-10-29 10:44:04.731 +08:00 [INF] Executing ObjectResult, writing value of type 'Dragon.Core.ViewModel.MessageModel'.
2022-10-29 10:44:04.732 +08:00 [INF] Executed action Dragon.Core.WebApi.Controllers.WeatherForecastController.GetString (Dragon.Core.WebApi) in 3.2383ms
2022-10-29 10:44:04.734 +08:00 [INF] Executed endpoint 'Dragon.Core.WebApi.Controllers.WeatherForecastController.GetString (Dragon.Core.WebApi)'
2022-10-29 10:44:04.735 +08:00 [INF] Request finished HTTP/1.1 POST http://localhost:5135/test1?name=malong - 0 - 404 61 application/json;+charset=utf-8 12.2408ms
2022-10-29 10:44:04.909 +08:00 [INF] Request starting HTTP/1.1 POST http://localhost:5135/test1?name=malong - 0
2022-10-29 10:44:04.912 +08:00 [INF] CORS policy execution successful.
2022-10-29 10:44:04.913 +08:00 [INF] Executing endpoint 'Dragon.Core.WebApi.Controllers.WeatherForecastController.GetString (Dragon.Core.WebApi)'
2022-10-29 10:44:04.915 +08:00 [INF] Route matched with {action = "GetString", controller = "WeatherForecast"}. Executing controller action with signature System.Threading.Tasks.Task`1[Microsoft.AspNetCore.Mvc.IActionResult] GetString(System.String) on controller Dragon.Core.WebApi.Controllers.WeatherForecastController (Dragon.Core.WebApi).
2022-10-29 10:44:04.918 +08:00 [INF] Executing ObjectResult, writing value of type 'Dragon.Core.ViewModel.MessageModel'.
2022-10-29 10:44:04.920 +08:00 [INF] Executed action Dragon.Core.WebApi.Controllers.WeatherForecastController.GetString (Dragon.Core.WebApi) in 3.0436ms
2022-10-29 10:44:04.921 +08:00 [INF] Executed endpoint 'Dragon.Core.WebApi.Controllers.WeatherForecastController.GetString (Dragon.Core.WebApi)'
2022-10-29 10:44:04.922 +08:00 [INF] Request finished HTTP/1.1 POST http://localhost:5135/test1?name=malong - 0 - 404 61 application/json;+charset=utf-8 13.4192ms
2022-10-29 10:44:05.116 +08:00 [INF] Request starting HTTP/1.1 POST http://localhost:5135/test1?name=malong - 0
2022-10-29 10:44:05.117 +08:00 [INF] CORS policy execution successful.
2022-10-29 10:44:05.118 +08:00 [INF] Executing endpoint 'Dragon.Core.WebApi.Controllers.WeatherForecastController.GetString (Dragon.Core.WebApi)'
2022-10-29 10:44:05.119 +08:00 [INF] Route matched with {action = "GetString", controller = "WeatherForecast"}. Executing controller action with signature System.Threading.Tasks.Task`1[Microsoft.AspNetCore.Mvc.IActionResult] GetString(System.String) on controller Dragon.Core.WebApi.Controllers.WeatherForecastController (Dragon.Core.WebApi).
2022-10-29 10:44:05.123 +08:00 [INF] Executing ObjectResult, writing value of type 'Dragon.Core.ViewModel.MessageModel'.
2022-10-29 10:44:05.125 +08:00 [INF] Executed action Dragon.Core.WebApi.Controllers.WeatherForecastController.GetString (Dragon.Core.WebApi) in 3.1929ms
2022-10-29 10:44:05.126 +08:00 [INF] Executed endpoint 'Dragon.Core.WebApi.Controllers.WeatherForecastController.GetString (Dragon.Core.WebApi)'
2022-10-29 10:44:05.127 +08:00 [INF] Request finished HTTP/1.1 POST http://localhost:5135/test1?name=malong - 0 - 404 61 application/json;+charset=utf-8 11.5812ms
2022-10-29 10:44:05.309 +08:00 [INF] Request starting HTTP/1.1 POST http://localhost:5135/test1?name=malong - 0
2022-10-29 10:44:05.310 +08:00 [INF] CORS policy execution successful.
2022-10-29 10:44:05.311 +08:00 [INF] Executing endpoint 'Dragon.Core.WebApi.Controllers.WeatherForecastController.GetString (Dragon.Core.WebApi)'
2022-10-29 10:44:05.313 +08:00 [INF] Route matched with {action = "GetString", controller = "WeatherForecast"}. Executing controller action with signature System.Threading.Tasks.Task`1[Microsoft.AspNetCore.Mvc.IActionResult] GetString(System.String) on controller Dragon.Core.WebApi.Controllers.WeatherForecastController (Dragon.Core.WebApi).
2022-10-29 10:44:05.316 +08:00 [INF] Executing ObjectResult, writing value of type 'Dragon.Core.ViewModel.MessageModel'.
2022-10-29 10:44:05.318 +08:00 [INF] Executed action Dragon.Core.WebApi.Controllers.WeatherForecastController.GetString (Dragon.Core.WebApi) in 3.4751ms
2022-10-29 10:44:05.321 +08:00 [INF] Executed endpoint 'Dragon.Core.WebApi.Controllers.WeatherForecastController.GetString (Dragon.Core.WebApi)'
2022-10-29 10:44:05.322 +08:00 [INF] Request finished HTTP/1.1 POST http://localhost:5135/test1?name=malong - 0 - 404 61 application/json;+charset=utf-8 13.0886ms
2022-10-29 10:44:05.489 +08:00 [INF] Request starting HTTP/1.1 POST http://localhost:5135/test1?name=malong - 0
2022-10-29 10:44:05.493 +08:00 [INF] CORS policy execution successful.
2022-10-29 10:44:05.494 +08:00 [INF] Executing endpoint 'Dragon.Core.WebApi.Controllers.WeatherForecastController.GetString (Dragon.Core.WebApi)'
2022-10-29 10:44:05.495 +08:00 [INF] Route matched with {action = "GetString", controller = "WeatherForecast"}. Executing controller action with signature System.Threading.Tasks.Task`1[Microsoft.AspNetCore.Mvc.IActionResult] GetString(System.String) on controller Dragon.Core.WebApi.Controllers.WeatherForecastController (Dragon.Core.WebApi).
2022-10-29 10:44:05.499 +08:00 [INF] Executing ObjectResult, writing value of type 'Dragon.Core.ViewModel.MessageModel'.
2022-10-29 10:44:05.500 +08:00 [INF] Executed action Dragon.Core.WebApi.Controllers.WeatherForecastController.GetString (Dragon.Core.WebApi) in 3.0836ms
2022-10-29 10:44:05.502 +08:00 [INF] Executed endpoint 'Dragon.Core.WebApi.Controllers.WeatherForecastController.GetString (Dragon.Core.WebApi)'
2022-10-29 10:44:05.503 +08:00 [INF] Request finished HTTP/1.1 POST http://localhost:5135/test1?name=malong - 0 - 404 61 application/json;+charset=utf-8 14.1773ms
2022-10-29 10:45:34.733 +08:00 [INF] Entity Framework Core 6.0.10 initialized 'EfDbContext' using provider 'Microsoft.EntityFrameworkCore.Sqlite:6.0.9' with options: MigrationsAssembly=DragonSea.Core.Data 
2022-10-29 10:45:34.880 +08:00 [INF] Executed DbCommand (12ms) [Parameters=[], CommandType='"Text"', CommandTimeout='30']
SELECT COUNT(*) FROM "sqlite_master" WHERE "type" = 'table' AND "rootpage" IS NOT NULL;
2022-10-29 10:45:35.246 +08:00 [INF] Executed DbCommand (2ms) [Parameters=[], CommandType='"Text"', CommandTimeout='30']
SELECT EXISTS (
    SELECT 1
    FROM "SysUser" AS "s")
2022-10-29 10:45:35.262 +08:00 [INF] Executed DbCommand (0ms) [Parameters=[], CommandType='"Text"', CommandTimeout='30']
SELECT EXISTS (
    SELECT 1
    FROM "SysRole" AS "s")
2022-10-29 10:45:35.269 +08:00 [INF] Executed DbCommand (0ms) [Parameters=[], CommandType='"Text"', CommandTimeout='30']
SELECT EXISTS (
    SELECT 1
    FROM "SysUserRole" AS "s")
2022-10-29 10:45:35.281 +08:00 [INF] Executed DbCommand (0ms) [Parameters=[], CommandType='"Text"', CommandTimeout='30']
SELECT EXISTS (
    SELECT 1
    FROM "SysMenu" AS "s")
2022-10-29 10:45:35.357 +08:00 [INF] User profile is available. Using 'C:\Users\longhaihua\AppData\Local\ASP.NET\DataProtection-Keys' as key repository and Windows DPAPI to encrypt keys at rest.
2022-10-29 10:45:35.472 +08:00 [INF] Now listening on: http://[::]:5135
2022-10-29 10:45:35.475 +08:00 [INF] Application started. Press Ctrl+C to shut down.
2022-10-29 10:45:35.476 +08:00 [INF] Hosting environment: Development
2022-10-29 10:45:35.477 +08:00 [INF] Content root path: C:\Users\longhaihua\Desktop\Dragon.Core\dragon.core\Dragon.Core.WebApi\
2022-10-29 10:45:36.345 +08:00 [INF] Request starting HTTP/1.1 GET http://localhost:5135/index.html - -
2022-10-29 10:45:36.647 +08:00 [INF] Request starting HTTP/1.1 GET http://localhost:5135/_framework/aspnetcore-browser-refresh.js - -
2022-10-29 10:45:36.652 +08:00 [INF] Request finished HTTP/1.1 GET http://localhost:5135/_framework/aspnetcore-browser-refresh.js - - - 200 12006 application/javascript;+charset=utf-8 4.1521ms
2022-10-29 10:45:36.659 +08:00 [INF] Request finished HTTP/1.1 GET http://localhost:5135/index.html - - - 200 - text/html;charset=utf-8 318.2799ms
2022-10-29 10:45:36.662 +08:00 [INF] Request starting HTTP/1.1 GET http://localhost:5135/_vs/browserLink - -
2022-10-29 10:45:36.689 +08:00 [INF] Request finished HTTP/1.1 GET http://localhost:5135/_vs/browserLink - - - 200 - text/javascript;+charset=UTF-8 27.3797ms
2022-10-29 10:45:36.742 +08:00 [INF] Request starting HTTP/1.1 GET http://localhost:5135/swagger/V1/swagger.json - -
2022-10-29 10:45:36.934 +08:00 [INF] Request finished HTTP/1.1 GET http://localhost:5135/swagger/V1/swagger.json - - - 200 - application/json;charset=utf-8 192.0773ms
2022-10-29 10:45:51.816 +08:00 [INF] Request starting HTTP/1.1 POST http://localhost:5135/WeatherForecast?name=%E9%A9%AC%E9%BE%991024 - 0
2022-10-29 10:45:51.862 +08:00 [INF] CORS policy execution successful.
2022-10-29 10:45:51.909 +08:00 [INF] Executing endpoint 'Dragon.Core.WebApi.Controllers.WeatherForecastController.Post (Dragon.Core.WebApi)'
2022-10-29 10:45:51.928 +08:00 [INF] Route matched with {action = "Post", controller = "WeatherForecast"}. Executing controller action with signature Dragon.Core.ViewModel.MessageModel`1[System.String] Post(System.String) on controller Dragon.Core.WebApi.Controllers.WeatherForecastController (Dragon.Core.WebApi).
2022-10-29 10:47:12.145 +08:00 [INF] Executing ContentResult with HTTP Response ContentType of text/plain; charset=utf-8
2022-10-29 10:47:12.185 +08:00 [INF] Executed action Dragon.Core.WebApi.Controllers.WeatherForecastController.Post (Dragon.Core.WebApi) in 80242.042ms
2022-10-29 10:47:12.188 +08:00 [INF] Executed endpoint 'Dragon.Core.WebApi.Controllers.WeatherForecastController.Post (Dragon.Core.WebApi)'
2022-10-29 10:47:12.191 +08:00 [INF] Request finished HTTP/1.1 POST http://localhost:5135/WeatherForecast?name=%E9%A9%AC%E9%BE%991024 - 0 - 200 74 text/plain;+charset=utf-8 80375.6881ms
